1685731530.1464844
1685731530.1568575
1685731530.167311
1685731530.1777098
1685731530.1881015
1685731530.1983833
1685731530.2086282
1685731530.218821
1685731530.2290049
1685731530.2391853
1685731530.2493894
1685731530.259566
1685731530.26974
1685731530.279919
1685731530.2901855
1685731530.300472
1685731530.3107157
1685731530.3208907
1685731530.3311906
1685731530.3413677
1685731530.3515565
1685731530.3617365
1685731530.3719125
1685731530.3821962
1685731530.3923793
1685731530.4027877
1685731530.4130454
1685731530.423234
1685731530.4334195
1685731530.443634
1685731530.4538395
1685731530.464023
1685731530.4742076
1685731530.484386
1685731530.4945576
1685731530.5047796
1685731530.5149639
1685731530.5252142
1685731530.535418
1685731530.5456798
1685731530.555872
1685731530.5660737
1685731530.576245
1685731530.5864198
1685731530.5966513
1685731530.6068556
1685731530.617037
1685731530.627227
1685731530.6373954
1685731530.6476135
1685731530.6578004
1685731530.667976
1685731530.6782362
1685731530.6884181
1685731530.6991029
1685731530.709385
1685731530.7195897
1685731530.7297792
1685731530.7399619
1685731530.7502728
1685731530.7604635
1685731530.770645
1685731530.7808182
1685731530.7910016
1685731530.8012826
1685731530.8114698
1685731530.8216455
1685731530.831814
1685731530.84199
1685731530.8522723
1685731530.8624513
1685731530.872621
1685731530.8829284
1685731530.8933277
1685731530.9037416
1685731530.914066
1685731530.9243834
1685731530.9346983
1685731530.9450188
1685731530.9553928
1685731530.9657087
1685731530.9761326
1685731530.9863162
1685731530.9965122
1685731531.006721
1685731531.0169053
1685731531.027079
1685731531.0372813
1685731531.0474565
1685731531.0576518
1685731531.0678844
1685731531.0780702
1685731531.0882933
1685731531.098691
1685731531.1088886
1685731531.119071
1685731531.129293
1685731531.1394637
1685731531.1496758
1685731531.1598544
1685731531.1700332
1685731531.1802995
1685731531.190464
1685731531.200709
1685731531.2108958
1685731531.221074
1685731531.2313356
1685731531.2415233
1685731531.251751
1685731531.2619355
1685731531.272111
1685731531.2823126
1685731531.2924845
1685731531.302818
1685731531.3130555
1685731531.3233254
1685731531.33352
1685731531.343697
1685731531.3539014
1685731531.36408
1685731531.3743255
1685731531.384496
1685731531.3946676
1685731531.4048965
1685731531.4150863
1685731531.4253309
1685731531.4355009
1685731531.4456742
1685731531.4558706
1685731531.466058
1685731531.4763408
1685731531.4865115
1685731531.4966836
1685731531.5068946
1685731531.517079
1685731531.5273569
1685731531.537527
1685731531.5476947
1685731531.557886
1685731531.5680668
1685731531.5783513
1685731531.5885537
1685731531.5987253
1685731531.609023
1685731531.619365
1685731531.6295638
1685731531.639737
1685731531.6499195
1685731531.6601267
1685731531.6703837
1685731531.6805718
1685731531.690749
1685731531.701072
1685731531.7113721
1685731531.7215464
1685731531.7317126
1685731531.741884
1685731531.7520947
1685731531.7623763
1685731531.7725525
1685731531.7827249
1685731531.7928977
1685731531.8031468
1685731531.8133843
1685731531.8235624
1685731531.8337367
1685731531.8439083
1685731531.8541248
1685731531.864389
1685731531.874562
1685731531.8847468
1685731531.8949733
1685731531.9052887
1685731531.915489
1685731531.925668
1685731531.9358468
1685731531.946021
1685731531.9562168
1685731531.9664025
1685731531.9765735
1685731531.9867449
1685731531.9969122
1685731532.0071435
1685731532.0174096
1685731532.027588
1685731532.0377572
1685731532.0479257
1685731532.0581205
1685731532.068418
1685731532.078589
1685731532.0887687
1685731532.0989401
1685731532.1091464
1685731532.119423
1685731532.1295936
1685731532.139767
1685731532.1499581
1685731532.160157
1685731532.1704304
