Wrote to 1: -99.99 @ 2023-06-02 10:35:56.677649
Read from 1: -98.99 @ 2023-06-02 10:35:56.678557
Wrote to 2: -99.99 @ 2023-06-02 10:35:56.679322
Read from 2: -98.99 @ 2023-06-02 10:35:56.680179
Wrote to 3: -99.99 @ 2023-06-02 10:35:56.680855
Read from 3: -98.99 @ 2023-06-02 10:35:56.681591
Wrote to 4: -99.99 @ 2023-06-02 10:35:56.682174
Read from 4: -98.99 @ 2023-06-02 10:35:56.682811
Wrote to 1: -98.99 @ 2023-06-02 10:35:56.693592
Read from 1: -97.99 @ 2023-06-02 10:35:56.694250
Wrote to 2: -98.99 @ 2023-06-02 10:35:56.694805
Read from 2: -97.99 @ 2023-06-02 10:35:56.695472
Wrote to 3: -98.99 @ 2023-06-02 10:35:56.696084
Read from 3: -97.99 @ 2023-06-02 10:35:56.696796
Wrote to 4: -98.99 @ 2023-06-02 10:35:56.697409
Read from 4: -97.99 @ 2023-06-02 10:35:56.698102
Wrote to 1: -97.99 @ 2023-06-02 10:35:56.708944
Read from 1: -96.99 @ 2023-06-02 10:35:56.709643
Wrote to 2: -97.99 @ 2023-06-02 10:35:56.710203
Read from 2: -96.99 @ 2023-06-02 10:35:56.710807
Wrote to 3: -97.99 @ 2023-06-02 10:35:56.711347
Read from 3: -96.99 @ 2023-06-02 10:35:56.711947
Wrote to 4: -97.99 @ 2023-06-02 10:35:56.712488
Read from 4: -96.99 @ 2023-06-02 10:35:56.713092
Wrote to 1: -96.99 @ 2023-06-02 10:35:56.723847
Read from 1: -95.99 @ 2023-06-02 10:35:56.724489
Wrote to 2: -96.99 @ 2023-06-02 10:35:56.725025
Read from 2: -95.99 @ 2023-06-02 10:35:56.725621
Wrote to 3: -96.99 @ 2023-06-02 10:35:56.726176
Read from 3: -95.99 @ 2023-06-02 10:35:56.726864
Wrote to 4: -96.99 @ 2023-06-02 10:35:56.727459
Read from 4: -95.99 @ 2023-06-02 10:35:56.728063
Wrote to 1: -95.99 @ 2023-06-02 10:35:56.738692
Read from 1: -94.99 @ 2023-06-02 10:35:56.739294
Wrote to 2: -95.99 @ 2023-06-02 10:35:56.739827
Read from 2: -94.99 @ 2023-06-02 10:35:56.740425
Wrote to 3: -95.99 @ 2023-06-02 10:35:56.740959
Read from 3: -94.99 @ 2023-06-02 10:35:56.741555
Wrote to 4: -95.99 @ 2023-06-02 10:35:56.742088
Read from 4: -94.99 @ 2023-06-02 10:35:56.742684
Wrote to 1: -94.99 @ 2023-06-02 10:35:56.753293
Read from 1: -93.99 @ 2023-06-02 10:35:56.753890
Wrote to 2: -94.99 @ 2023-06-02 10:35:56.754423
Read from 2: -93.99 @ 2023-06-02 10:35:56.755085
Wrote to 3: -94.99 @ 2023-06-02 10:35:56.755622
Read from 3: -93.99 @ 2023-06-02 10:35:56.756218
Wrote to 4: -94.99 @ 2023-06-02 10:35:56.756752
Read from 4: -93.99 @ 2023-06-02 10:35:56.757347
Wrote to 1: -93.99 @ 2023-06-02 10:35:56.767957
Read from 1: -92.99 @ 2023-06-02 10:35:56.768552
Wrote to 2: -93.99 @ 2023-06-02 10:35:56.769085
Read from 2: -92.99 @ 2023-06-02 10:35:56.769680
Wrote to 3: -93.99 @ 2023-06-02 10:35:56.770213
Read from 3: -92.99 @ 2023-06-02 10:35:56.770808
Wrote to 4: -93.99 @ 2023-06-02 10:35:56.771342
Read from 4: -92.99 @ 2023-06-02 10:35:56.771936
Wrote to 1: -92.99 @ 2023-06-02 10:35:56.782590
Read from 1: -91.99 @ 2023-06-02 10:35:56.783201
Wrote to 2: -92.99 @ 2023-06-02 10:35:56.783735
Read from 2: -91.99 @ 2023-06-02 10:35:56.784331
Wrote to 3: -92.99 @ 2023-06-02 10:35:56.784864
Read from 3: -91.99 @ 2023-06-02 10:35:56.785460
Wrote to 4: -92.99 @ 2023-06-02 10:35:56.785993
Read from 4: -91.99 @ 2023-06-02 10:35:56.786588
Wrote to 1: -91.99 @ 2023-06-02 10:35:56.797283
Read from 1: -90.99 @ 2023-06-02 10:35:56.797913
Wrote to 2: -91.99 @ 2023-06-02 10:35:56.798452
Read from 2: -90.99 @ 2023-06-02 10:35:56.799099
Wrote to 3: -91.99 @ 2023-06-02 10:35:56.799636
Read from 3: -90.99 @ 2023-06-02 10:35:56.800232
Wrote to 4: -91.99 @ 2023-06-02 10:35:56.800765
Read from 4: -90.99 @ 2023-06-02 10:35:56.801360
Wrote to 1: -90.99 @ 2023-06-02 10:35:56.811995
Read from 1: -89.99 @ 2023-06-02 10:35:56.812593
Wrote to 2: -90.99 @ 2023-06-02 10:35:56.813126
Read from 2: -89.99 @ 2023-06-02 10:35:56.813721
Wrote to 3: -90.99 @ 2023-06-02 10:35:56.814255
Read from 3: -89.99 @ 2023-06-02 10:35:56.814855
Wrote to 4: -90.99 @ 2023-06-02 10:35:56.815389
Read from 4: -89.99 @ 2023-06-02 10:35:56.815983
Wrote to 1: -89.99 @ 2023-06-02 10:35:56.826757
Read from 1: -88.99 @ 2023-06-02 10:35:56.827463
Wrote to 2: -89.99 @ 2023-06-02 10:35:56.828029
Read from 2: -88.99 @ 2023-06-02 10:35:56.828631
Wrote to 3: -89.99 @ 2023-06-02 10:35:56.829168
Read from 3: -88.99 @ 2023-06-02 10:35:56.829764
Wrote to 4: -89.99 @ 2023-06-02 10:35:56.830299
Read from 4: -88.99 @ 2023-06-02 10:35:56.830894
Wrote to 1: -88.99 @ 2023-06-02 10:35:56.841536
Read from 1: -87.99 @ 2023-06-02 10:35:56.842142
Wrote to 2: -88.99 @ 2023-06-02 10:35:56.842680
Read from 2: -87.99 @ 2023-06-02 10:35:56.843273
Wrote to 3: -88.99 @ 2023-06-02 10:35:56.843807
Read from 3: -87.99 @ 2023-06-02 10:35:56.844407
Wrote to 4: -88.99 @ 2023-06-02 10:35:56.844940
Read from 4: -87.99 @ 2023-06-02 10:35:56.845535
Wrote to 1: -87.99 @ 2023-06-02 10:35:56.856149
Read from 1: -86.99 @ 2023-06-02 10:35:56.856746
Wrote to 2: -87.99 @ 2023-06-02 10:35:56.857282
Read from 2: -86.99 @ 2023-06-02 10:35:56.857878
Wrote to 3: -87.99 @ 2023-06-02 10:35:56.858440
Read from 3: -86.99 @ 2023-06-02 10:35:56.859819
Wrote to 4: -87.99 @ 2023-06-02 10:35:56.860788
Read from 4: -86.99 @ 2023-06-02 10:35:56.862007
Wrote to 1: -86.99 @ 2023-06-02 10:35:56.872955
Read from 1: -85.99 @ 2023-06-02 10:35:56.873606
Wrote to 2: -86.99 @ 2023-06-02 10:35:56.874145
Read from 2: -85.99 @ 2023-06-02 10:35:56.874740
Wrote to 3: -86.99 @ 2023-06-02 10:35:56.875280
Read from 3: -85.99 @ 2023-06-02 10:35:56.875883
Wrote to 4: -86.99 @ 2023-06-02 10:35:56.876418
Read from 4: -85.99 @ 2023-06-02 10:35:56.877051
Wrote to 1: -85.99 @ 2023-06-02 10:35:56.887720
Read from 1: -84.99 @ 2023-06-02 10:35:56.888328
Wrote to 2: -85.99 @ 2023-06-02 10:35:56.888870
Read from 2: -84.99 @ 2023-06-02 10:35:56.889462
Wrote to 3: -85.99 @ 2023-06-02 10:35:56.889998
Read from 3: -84.99 @ 2023-06-02 10:35:56.890594
Wrote to 4: -85.99 @ 2023-06-02 10:35:56.891130
Read from 4: -84.99 @ 2023-06-02 10:35:56.891725
Wrote to 1: -84.99 @ 2023-06-02 10:35:56.902356
Read from 1: -83.99 @ 2023-06-02 10:35:56.902959
Wrote to 2: -84.99 @ 2023-06-02 10:35:56.903495
Read from 2: -83.99 @ 2023-06-02 10:35:56.904095
Wrote to 3: -84.99 @ 2023-06-02 10:35:56.904631
Read from 3: -83.99 @ 2023-06-02 10:35:56.905228
Wrote to 4: -84.99 @ 2023-06-02 10:35:56.905763
Read from 4: -83.99 @ 2023-06-02 10:35:56.906360
Wrote to 1: -83.99 @ 2023-06-02 10:35:56.916973
Read from 1: -82.99 @ 2023-06-02 10:35:56.917572
Wrote to 2: -83.99 @ 2023-06-02 10:35:56.918106
Read from 2: -82.99 @ 2023-06-02 10:35:56.918702
Wrote to 3: -83.99 @ 2023-06-02 10:35:56.919238
Read from 3: -82.99 @ 2023-06-02 10:35:56.919833
Wrote to 4: -83.99 @ 2023-06-02 10:35:56.920366
Read from 4: -82.99 @ 2023-06-02 10:35:56.920962
Wrote to 1: -82.99 @ 2023-06-02 10:35:56.931663
Read from 1: -81.99 @ 2023-06-02 10:35:56.932292
Wrote to 2: -82.99 @ 2023-06-02 10:35:56.932829
Read from 2: -81.99 @ 2023-06-02 10:35:56.933425
Wrote to 3: -82.99 @ 2023-06-02 10:35:56.933960
Read from 3: -81.99 @ 2023-06-02 10:35:56.934556
Wrote to 4: -82.99 @ 2023-06-02 10:35:56.935092
Read from 4: -81.99 @ 2023-06-02 10:35:56.935687
Wrote to 1: -81.99 @ 2023-06-02 10:35:56.946319
Read from 1: -80.99 @ 2023-06-02 10:35:56.946917
Wrote to 2: -81.99 @ 2023-06-02 10:35:56.947452
Read from 2: -80.99 @ 2023-06-02 10:35:56.948048
Wrote to 3: -81.99 @ 2023-06-02 10:35:56.948582
Read from 3: -80.99 @ 2023-06-02 10:35:56.949180
Wrote to 4: -81.99 @ 2023-06-02 10:35:56.949714
Read from 4: -80.99 @ 2023-06-02 10:35:56.950309
Wrote to 1: -80.99 @ 2023-06-02 10:35:56.960920
Read from 1: -79.99 @ 2023-06-02 10:35:56.961516
Wrote to 2: -80.99 @ 2023-06-02 10:35:56.962051
Read from 2: -79.99 @ 2023-06-02 10:35:56.962646
Wrote to 3: -80.99 @ 2023-06-02 10:35:56.963233
Read from 3: -79.99 @ 2023-06-02 10:35:56.964077
Wrote to 4: -80.99 @ 2023-06-02 10:35:56.964658
Read from 4: -79.99 @ 2023-06-02 10:35:56.965260
Wrote to 1: -79.99 @ 2023-06-02 10:35:56.975931
Read from 1: -78.99 @ 2023-06-02 10:35:56.976544
Wrote to 2: -79.99 @ 2023-06-02 10:35:56.977129
Read from 2: -78.99 @ 2023-06-02 10:35:56.977759
Wrote to 3: -79.99 @ 2023-06-02 10:35:56.978310
Read from 3: -78.99 @ 2023-06-02 10:35:56.978909
Wrote to 4: -79.99 @ 2023-06-02 10:35:56.979447
Read from 4: -78.99 @ 2023-06-02 10:35:56.980042
Wrote to 1: -78.99 @ 2023-06-02 10:35:56.990664
Read from 1: -77.99 @ 2023-06-02 10:35:56.991481
Wrote to 2: -78.99 @ 2023-06-02 10:35:56.992028
Read from 2: -77.99 @ 2023-06-02 10:35:56.992621
Wrote to 3: -78.99 @ 2023-06-02 10:35:56.993157
Read from 3: -77.99 @ 2023-06-02 10:35:56.993753
Wrote to 4: -78.99 @ 2023-06-02 10:35:56.994287
Read from 4: -77.99 @ 2023-06-02 10:35:56.994883
Wrote to 1: -77.99 @ 2023-06-02 10:35:57.005545
Read from 1: -76.99 @ 2023-06-02 10:35:57.006158
Wrote to 2: -77.99 @ 2023-06-02 10:35:57.006693
Read from 2: -76.99 @ 2023-06-02 10:35:57.007290
Wrote to 3: -77.99 @ 2023-06-02 10:35:57.007826
Read from 3: -76.99 @ 2023-06-02 10:35:57.008422
Wrote to 4: -77.99 @ 2023-06-02 10:35:57.008955
Read from 4: -76.99 @ 2023-06-02 10:35:57.009551
Wrote to 1: -76.99 @ 2023-06-02 10:35:57.020164
Read from 1: -75.99 @ 2023-06-02 10:35:57.020760
Wrote to 2: -76.99 @ 2023-06-02 10:35:57.021294
Read from 2: -75.99 @ 2023-06-02 10:35:57.021890
Wrote to 3: -76.99 @ 2023-06-02 10:35:57.022424
Read from 3: -75.99 @ 2023-06-02 10:35:57.023042
Wrote to 4: -76.99 @ 2023-06-02 10:35:57.023578
Read from 4: -75.99 @ 2023-06-02 10:35:57.024180
Wrote to 1: -75.99 @ 2023-06-02 10:35:57.034885
Read from 1: -74.99 @ 2023-06-02 10:35:57.035516
Wrote to 2: -75.99 @ 2023-06-02 10:35:57.036053
Read from 2: -74.99 @ 2023-06-02 10:35:57.036651
Wrote to 3: -75.99 @ 2023-06-02 10:35:57.037186
Read from 3: -74.99 @ 2023-06-02 10:35:57.037782
Wrote to 4: -75.99 @ 2023-06-02 10:35:57.038315
Read from 4: -74.99 @ 2023-06-02 10:35:57.038912
Wrote to 1: -74.99 @ 2023-06-02 10:35:57.049525
Read from 1: -73.99 @ 2023-06-02 10:35:57.050122
Wrote to 2: -74.99 @ 2023-06-02 10:35:57.050656
Read from 2: -73.99 @ 2023-06-02 10:35:57.051252
Wrote to 3: -74.99 @ 2023-06-02 10:35:57.051785
Read from 3: -73.99 @ 2023-06-02 10:35:57.052380
Wrote to 4: -74.99 @ 2023-06-02 10:35:57.052915
Read from 4: -73.99 @ 2023-06-02 10:35:57.053515
Wrote to 1: -73.99 @ 2023-06-02 10:35:57.064125
Read from 1: -72.99 @ 2023-06-02 10:35:57.064721
Wrote to 2: -73.99 @ 2023-06-02 10:35:57.065255
Read from 2: -72.99 @ 2023-06-02 10:35:57.065851
Wrote to 3: -73.99 @ 2023-06-02 10:35:57.066384
Read from 3: -72.99 @ 2023-06-02 10:35:57.066979
Wrote to 4: -73.99 @ 2023-06-02 10:35:57.067513
Read from 4: -72.99 @ 2023-06-02 10:35:57.068109
Wrote to 1: -72.99 @ 2023-06-02 10:35:57.078844
Read from 1: -71.99 @ 2023-06-02 10:35:57.079489
Wrote to 2: -72.99 @ 2023-06-02 10:35:57.080026
Read from 2: -71.99 @ 2023-06-02 10:35:57.080624
Wrote to 3: -72.99 @ 2023-06-02 10:35:57.081159
Read from 3: -71.99 @ 2023-06-02 10:35:57.081756
Wrote to 4: -72.99 @ 2023-06-02 10:35:57.082297
Read from 4: -71.99 @ 2023-06-02 10:35:57.082903
Wrote to 1: -71.99 @ 2023-06-02 10:35:57.093518
Read from 1: -70.99 @ 2023-06-02 10:35:57.094116
Wrote to 2: -71.99 @ 2023-06-02 10:35:57.094650
Read from 2: -70.99 @ 2023-06-02 10:35:57.095246
Wrote to 3: -71.99 @ 2023-06-02 10:35:57.095780
Read from 3: -70.99 @ 2023-06-02 10:35:57.096375
Wrote to 4: -71.99 @ 2023-06-02 10:35:57.096908
Read from 4: -70.99 @ 2023-06-02 10:35:57.097503
Wrote to 1: -70.99 @ 2023-06-02 10:35:57.108156
Read from 1: -69.99 @ 2023-06-02 10:35:57.108771
Wrote to 2: -70.99 @ 2023-06-02 10:35:57.109310
Read from 2: -69.99 @ 2023-06-02 10:35:57.109908
Wrote to 3: -70.99 @ 2023-06-02 10:35:57.110442
Read from 3: -69.99 @ 2023-06-02 10:35:57.111054
Wrote to 4: -70.99 @ 2023-06-02 10:35:57.111588
Read from 4: -69.99 @ 2023-06-02 10:35:57.112184
Wrote to 1: -69.99 @ 2023-06-02 10:35:57.122799
Read from 1: -68.99 @ 2023-06-02 10:35:57.123397
Wrote to 2: -69.99 @ 2023-06-02 10:35:57.123931
Read from 2: -68.99 @ 2023-06-02 10:35:57.124527
Wrote to 3: -69.99 @ 2023-06-02 10:35:57.125062
Read from 3: -68.99 @ 2023-06-02 10:35:57.125658
Wrote to 4: -69.99 @ 2023-06-02 10:35:57.126207
Read from 4: -68.99 @ 2023-06-02 10:35:57.126802
Wrote to 1: -68.99 @ 2023-06-02 10:35:57.137515
Read from 1: -67.99 @ 2023-06-02 10:35:57.138149
Wrote to 2: -68.99 @ 2023-06-02 10:35:57.138685
Read from 2: -67.99 @ 2023-06-02 10:35:57.139283
Wrote to 3: -68.99 @ 2023-06-02 10:35:57.139817
Read from 3: -67.99 @ 2023-06-02 10:35:57.140412
Wrote to 4: -68.99 @ 2023-06-02 10:35:57.140946
Read from 4: -67.99 @ 2023-06-02 10:35:57.141541
Wrote to 1: -67.99 @ 2023-06-02 10:35:57.152158
Read from 1: -66.99 @ 2023-06-02 10:35:57.152756
Wrote to 2: -67.99 @ 2023-06-02 10:35:57.153290
Read from 2: -66.99 @ 2023-06-02 10:35:57.153886
Wrote to 3: -67.99 @ 2023-06-02 10:35:57.154419
Read from 3: -66.99 @ 2023-06-02 10:35:57.155042
Wrote to 4: -67.99 @ 2023-06-02 10:35:57.155581
Read from 4: -66.99 @ 2023-06-02 10:35:57.156178
Wrote to 1: -66.99 @ 2023-06-02 10:35:57.166977
Read from 1: -65.99 @ 2023-06-02 10:35:57.167662
Wrote to 2: -66.99 @ 2023-06-02 10:35:57.168202
Read from 2: -65.99 @ 2023-06-02 10:35:57.168799
Wrote to 3: -66.99 @ 2023-06-02 10:35:57.169334
Read from 3: -65.99 @ 2023-06-02 10:35:57.169930
Wrote to 4: -66.99 @ 2023-06-02 10:35:57.170465
Read from 4: -65.99 @ 2023-06-02 10:35:57.171292
Wrote to 1: -65.99 @ 2023-06-02 10:35:57.182013
Read from 1: -64.99 @ 2023-06-02 10:35:57.182640
Wrote to 2: -65.99 @ 2023-06-02 10:35:57.183176
Read from 2: -64.99 @ 2023-06-02 10:35:57.183772
Wrote to 3: -65.99 @ 2023-06-02 10:35:57.184306
Read from 3: -64.99 @ 2023-06-02 10:35:57.184901
Wrote to 4: -65.99 @ 2023-06-02 10:35:57.185439
Read from 4: -64.99 @ 2023-06-02 10:35:57.186032
Wrote to 1: -64.99 @ 2023-06-02 10:35:57.196662
Read from 1: -63.99 @ 2023-06-02 10:35:57.197265
Wrote to 2: -64.99 @ 2023-06-02 10:35:57.197800
Read from 2: -63.99 @ 2023-06-02 10:35:57.198471
Wrote to 3: -64.99 @ 2023-06-02 10:35:57.199073
Read from 3: -63.99 @ 2023-06-02 10:35:57.199672
Wrote to 4: -64.99 @ 2023-06-02 10:35:57.200207
Read from 4: -63.99 @ 2023-06-02 10:35:57.200802
Wrote to 1: -63.99 @ 2023-06-02 10:35:57.211421
Read from 1: -62.99 @ 2023-06-02 10:35:57.212014
Wrote to 2: -63.99 @ 2023-06-02 10:35:57.212547
Read from 2: -62.99 @ 2023-06-02 10:35:57.213137
Wrote to 3: -63.99 @ 2023-06-02 10:35:57.213670
Read from 3: -62.99 @ 2023-06-02 10:35:57.214259
Wrote to 4: -63.99 @ 2023-06-02 10:35:57.214793
Read from 4: -62.99 @ 2023-06-02 10:35:57.215384
Wrote to 1: -62.99 @ 2023-06-02 10:35:57.225995
Read from 1: -61.99 @ 2023-06-02 10:35:57.226587
Wrote to 2: -62.99 @ 2023-06-02 10:35:57.227123
Read from 2: -61.99 @ 2023-06-02 10:35:57.227776
Wrote to 3: -62.99 @ 2023-06-02 10:35:57.228341
Read from 3: -61.99 @ 2023-06-02 10:35:57.229043
Wrote to 4: -62.99 @ 2023-06-02 10:35:57.229622
Read from 4: -61.99 @ 2023-06-02 10:35:57.230216
Wrote to 1: -61.99 @ 2023-06-02 10:35:57.240843
Read from 1: -60.99 @ 2023-06-02 10:35:57.241437
Wrote to 2: -61.99 @ 2023-06-02 10:35:57.241972
Read from 2: -60.99 @ 2023-06-02 10:35:57.242568
Wrote to 3: -61.99 @ 2023-06-02 10:35:57.243103
Read from 3: -60.99 @ 2023-06-02 10:35:57.243694
Wrote to 4: -61.99 @ 2023-06-02 10:35:57.244227
Read from 4: -60.99 @ 2023-06-02 10:35:57.244818
Wrote to 1: -60.99 @ 2023-06-02 10:35:57.255430
Read from 1: -59.99 @ 2023-06-02 10:35:57.256022
Wrote to 2: -60.99 @ 2023-06-02 10:35:57.256556
Read from 2: -59.99 @ 2023-06-02 10:35:57.257146
Wrote to 3: -60.99 @ 2023-06-02 10:35:57.257680
Read from 3: -59.99 @ 2023-06-02 10:35:57.258270
Wrote to 4: -60.99 @ 2023-06-02 10:35:57.258806
Read from 4: -59.99 @ 2023-06-02 10:35:57.259398
Wrote to 1: -59.99 @ 2023-06-02 10:35:57.270007
Read from 1: -58.99 @ 2023-06-02 10:35:57.270604
Wrote to 2: -59.99 @ 2023-06-02 10:35:57.271140
Read from 2: -58.99 @ 2023-06-02 10:35:57.271737
Wrote to 3: -59.99 @ 2023-06-02 10:35:57.272271
Read from 3: -58.99 @ 2023-06-02 10:35:57.272863
Wrote to 4: -59.99 @ 2023-06-02 10:35:57.273397
Read from 4: -58.99 @ 2023-06-02 10:35:57.273987
Wrote to 1: -58.99 @ 2023-06-02 10:35:57.284706
Read from 1: -57.99 @ 2023-06-02 10:35:57.285332
Wrote to 2: -58.99 @ 2023-06-02 10:35:57.285866
Read from 2: -57.99 @ 2023-06-02 10:35:57.286461
Wrote to 3: -58.99 @ 2023-06-02 10:35:57.286995
Read from 3: -57.99 @ 2023-06-02 10:35:57.287632
Wrote to 4: -58.99 @ 2023-06-02 10:35:57.288166
Read from 4: -57.99 @ 2023-06-02 10:35:57.288756
Wrote to 1: -57.99 @ 2023-06-02 10:35:57.299396
Read from 1: -56.99 @ 2023-06-02 10:35:57.300000
Wrote to 2: -57.99 @ 2023-06-02 10:35:57.300707
Read from 2: -56.99 @ 2023-06-02 10:35:57.301307
Wrote to 3: -57.99 @ 2023-06-02 10:35:57.301843
Read from 3: -56.99 @ 2023-06-02 10:35:57.302435
Wrote to 4: -57.99 @ 2023-06-02 10:35:57.302970
Read from 4: -56.99 @ 2023-06-02 10:35:57.303563
Wrote to 1: -56.99 @ 2023-06-02 10:35:57.314181
Read from 1: -55.99 @ 2023-06-02 10:35:57.314775
Wrote to 2: -56.99 @ 2023-06-02 10:35:57.315310
Read from 2: -55.99 @ 2023-06-02 10:35:57.315899
Wrote to 3: -56.99 @ 2023-06-02 10:35:57.316433
Read from 3: -55.99 @ 2023-06-02 10:35:57.317023
Wrote to 4: -56.99 @ 2023-06-02 10:35:57.317556
Read from 4: -55.99 @ 2023-06-02 10:35:57.318151
Wrote to 1: -55.99 @ 2023-06-02 10:35:57.328797
Read from 1: -54.99 @ 2023-06-02 10:35:57.329444
Wrote to 2: -55.99 @ 2023-06-02 10:35:57.329989
Read from 2: -54.99 @ 2023-06-02 10:35:57.330580
Wrote to 3: -55.99 @ 2023-06-02 10:35:57.331118
Read from 3: -54.99 @ 2023-06-02 10:35:57.331705
Wrote to 4: -55.99 @ 2023-06-02 10:35:57.332240
Read from 4: -54.99 @ 2023-06-02 10:35:57.332830
Wrote to 1: -54.99 @ 2023-06-02 10:35:57.343452
Read from 1: -53.99 @ 2023-06-02 10:35:57.344046
Wrote to 2: -54.99 @ 2023-06-02 10:35:57.344580
Read from 2: -53.99 @ 2023-06-02 10:35:57.345171
Wrote to 3: -54.99 @ 2023-06-02 10:35:57.345704
Read from 3: -53.99 @ 2023-06-02 10:35:57.346299
Wrote to 4: -54.99 @ 2023-06-02 10:35:57.346833
Read from 4: -53.99 @ 2023-06-02 10:35:57.347424
Wrote to 1: -53.99 @ 2023-06-02 10:35:57.358034
Read from 1: -52.99 @ 2023-06-02 10:35:57.358625
Wrote to 2: -53.99 @ 2023-06-02 10:35:57.359159
Read from 2: -52.99 @ 2023-06-02 10:35:57.359750
Wrote to 3: -53.99 @ 2023-06-02 10:35:57.360282
Read from 3: -52.99 @ 2023-06-02 10:35:57.360872
Wrote to 4: -53.99 @ 2023-06-02 10:35:57.361405
Read from 4: -52.99 @ 2023-06-02 10:35:57.361995
Wrote to 1: -52.99 @ 2023-06-02 10:35:57.372603
Read from 1: -51.99 @ 2023-06-02 10:35:57.373194
Wrote to 2: -52.99 @ 2023-06-02 10:35:57.373728
Read from 2: -51.99 @ 2023-06-02 10:35:57.374323
Wrote to 3: -52.99 @ 2023-06-02 10:35:57.374856
Read from 3: -51.99 @ 2023-06-02 10:35:57.375454
Wrote to 4: -52.99 @ 2023-06-02 10:35:57.375986
Read from 4: -51.99 @ 2023-06-02 10:35:57.376575
Wrote to 1: -51.99 @ 2023-06-02 10:35:57.387227
Read from 1: -50.99 @ 2023-06-02 10:35:57.387837
Wrote to 2: -51.99 @ 2023-06-02 10:35:57.388373
Read from 2: -50.99 @ 2023-06-02 10:35:57.388964
Wrote to 3: -51.99 @ 2023-06-02 10:35:57.389498
Read from 3: -50.99 @ 2023-06-02 10:35:57.390088
Wrote to 4: -51.99 @ 2023-06-02 10:35:57.390622
Read from 4: -50.99 @ 2023-06-02 10:35:57.391214
Wrote to 1: -50.99 @ 2023-06-02 10:35:57.401853
Read from 1: -49.99 @ 2023-06-02 10:35:57.402454
Wrote to 2: -50.99 @ 2023-06-02 10:35:57.402989
Read from 2: -49.99 @ 2023-06-02 10:35:57.403597
Wrote to 3: -50.99 @ 2023-06-02 10:35:57.404133
Read from 3: -49.99 @ 2023-06-02 10:35:57.404728
Wrote to 4: -50.99 @ 2023-06-02 10:35:57.405262
Read from 4: -49.99 @ 2023-06-02 10:35:57.405856
Wrote to 1: -49.99 @ 2023-06-02 10:35:57.416475
Read from 1: -48.99 @ 2023-06-02 10:35:57.417069
Wrote to 2: -49.99 @ 2023-06-02 10:35:57.417603
Read from 2: -48.99 @ 2023-06-02 10:35:57.418200
Wrote to 3: -49.99 @ 2023-06-02 10:35:57.418733
Read from 3: -48.99 @ 2023-06-02 10:35:57.419325
Wrote to 4: -49.99 @ 2023-06-02 10:35:57.419857
Read from 4: -48.99 @ 2023-06-02 10:35:57.420448
Wrote to 1: -48.99 @ 2023-06-02 10:35:57.431133
Read from 1: -47.99 @ 2023-06-02 10:35:57.431751
Wrote to 2: -48.99 @ 2023-06-02 10:35:57.432287
Read from 2: -47.99 @ 2023-06-02 10:35:57.432879
Wrote to 3: -48.99 @ 2023-06-02 10:35:57.433413
Read from 3: -47.99 @ 2023-06-02 10:35:57.434003
Wrote to 4: -48.99 @ 2023-06-02 10:35:57.434536
Read from 4: -47.99 @ 2023-06-02 10:35:57.435137
Wrote to 1: -47.99 @ 2023-06-02 10:35:57.445754
Read from 1: -46.99 @ 2023-06-02 10:35:57.446347
Wrote to 2: -47.99 @ 2023-06-02 10:35:57.446882
Read from 2: -46.99 @ 2023-06-02 10:35:57.447474
Wrote to 3: -47.99 @ 2023-06-02 10:35:57.448008
Read from 3: -46.99 @ 2023-06-02 10:35:57.448598
Wrote to 4: -47.99 @ 2023-06-02 10:35:57.449132
Read from 4: -46.99 @ 2023-06-02 10:35:57.449724
Wrote to 1: -46.99 @ 2023-06-02 10:35:57.460333
Read from 1: -45.99 @ 2023-06-02 10:35:57.460928
Wrote to 2: -46.99 @ 2023-06-02 10:35:57.461462
Read from 2: -45.99 @ 2023-06-02 10:35:57.462052
Wrote to 3: -46.99 @ 2023-06-02 10:35:57.462584
Read from 3: -45.99 @ 2023-06-02 10:35:57.463180
Wrote to 4: -46.99 @ 2023-06-02 10:35:57.463712
Read from 4: -45.99 @ 2023-06-02 10:35:57.464303
Wrote to 1: -45.99 @ 2023-06-02 10:35:57.474912
Read from 1: -44.99 @ 2023-06-02 10:35:57.475503
Wrote to 2: -45.99 @ 2023-06-02 10:35:57.476036
Read from 2: -44.99 @ 2023-06-02 10:35:57.476625
Wrote to 3: -45.99 @ 2023-06-02 10:35:57.477158
Read from 3: -44.99 @ 2023-06-02 10:35:57.477748
Wrote to 4: -45.99 @ 2023-06-02 10:35:57.478329
Read from 4: -44.99 @ 2023-06-02 10:35:57.478927
Wrote to 1: -44.99 @ 2023-06-02 10:35:57.489611
Read from 1: -43.99 @ 2023-06-02 10:35:57.490213
Wrote to 2: -44.99 @ 2023-06-02 10:35:57.490749
Read from 2: -43.99 @ 2023-06-02 10:35:57.491340
Wrote to 3: -44.99 @ 2023-06-02 10:35:57.491874
Read from 3: -43.99 @ 2023-06-02 10:35:57.492463
Wrote to 4: -44.99 @ 2023-06-02 10:35:57.492997
Read from 4: -43.99 @ 2023-06-02 10:35:57.493592
Wrote to 1: -43.99 @ 2023-06-02 10:35:57.504320
Read from 1: -42.99 @ 2023-06-02 10:35:57.504957
Wrote to 2: -43.99 @ 2023-06-02 10:35:57.505494
Read from 2: -42.99 @ 2023-06-02 10:35:57.506085
Wrote to 3: -43.99 @ 2023-06-02 10:35:57.506619
Read from 3: -42.99 @ 2023-06-02 10:35:57.507214
Wrote to 4: -43.99 @ 2023-06-02 10:35:57.507745
Read from 4: -42.99 @ 2023-06-02 10:35:57.508336
Wrote to 1: -42.99 @ 2023-06-02 10:35:57.518950
Read from 1: -41.99 @ 2023-06-02 10:35:57.519542
Wrote to 2: -42.99 @ 2023-06-02 10:35:57.520076
Read from 2: -41.99 @ 2023-06-02 10:35:57.520666
Wrote to 3: -42.99 @ 2023-06-02 10:35:57.521199
Read from 3: -41.99 @ 2023-06-02 10:35:57.521788
Wrote to 4: -42.99 @ 2023-06-02 10:35:57.522321
Read from 4: -41.99 @ 2023-06-02 10:35:57.522911
Wrote to 1: -41.99 @ 2023-06-02 10:35:57.533644
Read from 1: -40.99 @ 2023-06-02 10:35:57.534281
Wrote to 2: -41.99 @ 2023-06-02 10:35:57.534820
Read from 2: -40.99 @ 2023-06-02 10:35:57.535420
Wrote to 3: -41.99 @ 2023-06-02 10:35:57.535957
Read from 3: -40.99 @ 2023-06-02 10:35:57.536547
Wrote to 4: -41.99 @ 2023-06-02 10:35:57.537081
Read from 4: -40.99 @ 2023-06-02 10:35:57.537671
Wrote to 1: -40.99 @ 2023-06-02 10:35:57.548286
Read from 1: -39.99 @ 2023-06-02 10:35:57.548877
Wrote to 2: -40.99 @ 2023-06-02 10:35:57.549411
Read from 2: -39.99 @ 2023-06-02 10:35:57.550001
Wrote to 3: -40.99 @ 2023-06-02 10:35:57.550534
Read from 3: -39.99 @ 2023-06-02 10:35:57.551126
Wrote to 4: -40.99 @ 2023-06-02 10:35:57.551658
Read from 4: -39.99 @ 2023-06-02 10:35:57.552249
Wrote to 1: -39.99 @ 2023-06-02 10:35:57.562859
Read from 1: -38.99 @ 2023-06-02 10:35:57.563450
Wrote to 2: -39.99 @ 2023-06-02 10:35:57.563984
Read from 2: -38.99 @ 2023-06-02 10:35:57.564574
Wrote to 3: -39.99 @ 2023-06-02 10:35:57.565107
Read from 3: -38.99 @ 2023-06-02 10:35:57.565697
Wrote to 4: -39.99 @ 2023-06-02 10:35:57.566230
Read from 4: -38.99 @ 2023-06-02 10:35:57.566821
Wrote to 1: -38.99 @ 2023-06-02 10:35:57.577457
Read from 1: -37.99 @ 2023-06-02 10:35:57.578055
Wrote to 2: -38.99 @ 2023-06-02 10:35:57.578594
Read from 2: -37.99 @ 2023-06-02 10:35:57.579190
Wrote to 3: -38.99 @ 2023-06-02 10:35:57.579737
Read from 3: -37.99 @ 2023-06-02 10:35:57.580344
Wrote to 4: -38.99 @ 2023-06-02 10:35:57.580881
Read from 4: -37.99 @ 2023-06-02 10:35:57.581472
Wrote to 1: -37.99 @ 2023-06-02 10:35:57.592144
Read from 1: -36.99 @ 2023-06-02 10:35:57.592755
Wrote to 2: -37.99 @ 2023-06-02 10:35:57.593292
Read from 2: -36.99 @ 2023-06-02 10:35:57.593882
Wrote to 3: -37.99 @ 2023-06-02 10:35:57.594416
Read from 3: -36.99 @ 2023-06-02 10:35:57.595005
Wrote to 4: -37.99 @ 2023-06-02 10:35:57.595556
Read from 4: -36.99 @ 2023-06-02 10:35:57.596146
Wrote to 1: -36.99 @ 2023-06-02 10:35:57.606797
Read from 1: -35.99 @ 2023-06-02 10:35:57.607409
Wrote to 2: -36.99 @ 2023-06-02 10:35:57.607944
Read from 2: -35.99 @ 2023-06-02 10:35:57.608705
Wrote to 3: -36.99 @ 2023-06-02 10:35:57.609245
Read from 3: -35.99 @ 2023-06-02 10:35:57.609837
Wrote to 4: -36.99 @ 2023-06-02 10:35:57.610372
Read from 4: -35.99 @ 2023-06-02 10:35:57.610967
Wrote to 1: -35.99 @ 2023-06-02 10:35:57.621590
Read from 1: -34.99 @ 2023-06-02 10:35:57.622184
Wrote to 2: -35.99 @ 2023-06-02 10:35:57.622718
Read from 2: -34.99 @ 2023-06-02 10:35:57.623312
Wrote to 3: -35.99 @ 2023-06-02 10:35:57.623846
Read from 3: -34.99 @ 2023-06-02 10:35:57.624437
Wrote to 4: -35.99 @ 2023-06-02 10:35:57.624974
Read from 4: -34.99 @ 2023-06-02 10:35:57.625566
Wrote to 1: -34.99 @ 2023-06-02 10:35:57.636327
Read from 1: -33.99 @ 2023-06-02 10:35:57.636965
Wrote to 2: -34.99 @ 2023-06-02 10:35:57.637503
Read from 2: -33.99 @ 2023-06-02 10:35:57.638093
Wrote to 3: -34.99 @ 2023-06-02 10:35:57.638625
Read from 3: -33.99 @ 2023-06-02 10:35:57.639220
Wrote to 4: -34.99 @ 2023-06-02 10:35:57.639756
Read from 4: -33.99 @ 2023-06-02 10:35:57.640347
Wrote to 1: -33.99 @ 2023-06-02 10:35:57.650960
Read from 1: -32.99 @ 2023-06-02 10:35:57.651558
Wrote to 2: -33.99 @ 2023-06-02 10:35:57.652091
Read from 2: -32.99 @ 2023-06-02 10:35:57.652679
Wrote to 3: -33.99 @ 2023-06-02 10:35:57.653212
Read from 3: -32.99 @ 2023-06-02 10:35:57.653801
Wrote to 4: -33.99 @ 2023-06-02 10:35:57.654333
Read from 4: -32.99 @ 2023-06-02 10:35:57.654922
Wrote to 1: -32.99 @ 2023-06-02 10:35:57.665535
Read from 1: -31.99 @ 2023-06-02 10:35:57.666133
Wrote to 2: -32.99 @ 2023-06-02 10:35:57.666667
Read from 2: -31.99 @ 2023-06-02 10:35:57.667262
Wrote to 3: -32.99 @ 2023-06-02 10:35:57.667796
Read from 3: -31.99 @ 2023-06-02 10:35:57.668392
Wrote to 4: -32.99 @ 2023-06-02 10:35:57.668926
Read from 4: -31.99 @ 2023-06-02 10:35:57.669524
Wrote to 1: -31.99 @ 2023-06-02 10:35:57.680158
Read from 1: -30.99 @ 2023-06-02 10:35:57.680771
Wrote to 2: -31.99 @ 2023-06-02 10:35:57.681312
Read from 2: -30.99 @ 2023-06-02 10:35:57.681903
Wrote to 3: -31.99 @ 2023-06-02 10:35:57.682439
Read from 3: -30.99 @ 2023-06-02 10:35:57.683054
Wrote to 4: -31.99 @ 2023-06-02 10:35:57.683590
Read from 4: -30.99 @ 2023-06-02 10:35:57.684185
Wrote to 1: -30.99 @ 2023-06-02 10:35:57.694811
Read from 1: -29.99 @ 2023-06-02 10:35:57.695405
Wrote to 2: -30.99 @ 2023-06-02 10:35:57.695938
Read from 2: -29.99 @ 2023-06-02 10:35:57.696527
Wrote to 3: -30.99 @ 2023-06-02 10:35:57.697060
Read from 3: -29.99 @ 2023-06-02 10:35:57.697705
Wrote to 4: -30.99 @ 2023-06-02 10:35:57.698352
Read from 4: -29.99 @ 2023-06-02 10:35:57.698949
Wrote to 1: -29.99 @ 2023-06-02 10:35:57.709571
Read from 1: -28.99 @ 2023-06-02 10:35:57.710165
Wrote to 2: -29.99 @ 2023-06-02 10:35:57.710700
Read from 2: -28.99 @ 2023-06-02 10:35:57.711290
Wrote to 3: -29.99 @ 2023-06-02 10:35:57.711823
Read from 3: -28.99 @ 2023-06-02 10:35:57.712413
Wrote to 4: -29.99 @ 2023-06-02 10:35:57.712946
Read from 4: -28.99 @ 2023-06-02 10:35:57.713538
Wrote to 1: -28.99 @ 2023-06-02 10:35:57.724156
Read from 1: -27.99 @ 2023-06-02 10:35:57.724747
Wrote to 2: -28.99 @ 2023-06-02 10:35:57.725280
Read from 2: -27.99 @ 2023-06-02 10:35:57.725870
Wrote to 3: -28.99 @ 2023-06-02 10:35:57.726407
Read from 3: -27.99 @ 2023-06-02 10:35:57.726996
Wrote to 4: -28.99 @ 2023-06-02 10:35:57.727550
Read from 4: -27.99 @ 2023-06-02 10:35:57.728140
Wrote to 1: -27.99 @ 2023-06-02 10:35:57.738850
Read from 1: -26.99 @ 2023-06-02 10:35:57.739475
Wrote to 2: -27.99 @ 2023-06-02 10:35:57.740011
Read from 2: -26.99 @ 2023-06-02 10:35:57.740603
Wrote to 3: -27.99 @ 2023-06-02 10:35:57.741137
Read from 3: -26.99 @ 2023-06-02 10:35:57.741728
Wrote to 4: -27.99 @ 2023-06-02 10:35:57.742261
Read from 4: -26.99 @ 2023-06-02 10:35:57.742851
Wrote to 1: -26.99 @ 2023-06-02 10:35:57.753477
Read from 1: -25.99 @ 2023-06-02 10:35:57.754069
Wrote to 2: -26.99 @ 2023-06-02 10:35:57.754602
Read from 2: -25.99 @ 2023-06-02 10:35:57.755192
Wrote to 3: -26.99 @ 2023-06-02 10:35:57.755725
Read from 3: -25.99 @ 2023-06-02 10:35:57.756314
Wrote to 4: -26.99 @ 2023-06-02 10:35:57.756847
Read from 4: -25.99 @ 2023-06-02 10:35:57.757437
Wrote to 1: -25.99 @ 2023-06-02 10:35:57.768243
Read from 1: -24.99 @ 2023-06-02 10:35:57.768890
Wrote to 2: -25.99 @ 2023-06-02 10:35:57.769428
Read from 2: -24.99 @ 2023-06-02 10:35:57.770018
Wrote to 3: -25.99 @ 2023-06-02 10:35:57.770553
Read from 3: -24.99 @ 2023-06-02 10:35:57.771157
Wrote to 4: -25.99 @ 2023-06-02 10:35:57.771709
Read from 4: -24.99 @ 2023-06-02 10:35:57.772332
Wrote to 1: -24.99 @ 2023-06-02 10:35:57.783006
Read from 1: -23.99 @ 2023-06-02 10:35:57.783629
Wrote to 2: -24.99 @ 2023-06-02 10:35:57.784164
Read from 2: -23.99 @ 2023-06-02 10:35:57.784753
Wrote to 3: -24.99 @ 2023-06-02 10:35:57.785286
Read from 3: -23.99 @ 2023-06-02 10:35:57.785874
Wrote to 4: -24.99 @ 2023-06-02 10:35:57.786406
Read from 4: -23.99 @ 2023-06-02 10:35:57.786994
Wrote to 1: -23.99 @ 2023-06-02 10:35:57.797627
Read from 1: -22.99 @ 2023-06-02 10:35:57.798316
Wrote to 2: -23.99 @ 2023-06-02 10:35:57.798866
Read from 2: -22.99 @ 2023-06-02 10:35:57.799461
Wrote to 3: -23.99 @ 2023-06-02 10:35:57.799998
Read from 3: -22.99 @ 2023-06-02 10:35:57.800589
Wrote to 4: -23.99 @ 2023-06-02 10:35:57.801123
Read from 4: -22.99 @ 2023-06-02 10:35:57.801714
Wrote to 1: -22.99 @ 2023-06-02 10:35:57.812335
Read from 1: -21.99 @ 2023-06-02 10:35:57.812927
Wrote to 2: -22.99 @ 2023-06-02 10:35:57.813460
Read from 2: -21.99 @ 2023-06-02 10:35:57.814048
Wrote to 3: -22.99 @ 2023-06-02 10:35:57.814580
Read from 3: -21.99 @ 2023-06-02 10:35:57.815208
Wrote to 4: -22.99 @ 2023-06-02 10:35:57.815748
Read from 4: -21.99 @ 2023-06-02 10:35:57.816345
Wrote to 1: -21.99 @ 2023-06-02 10:35:57.826959
Read from 1: -20.99 @ 2023-06-02 10:35:57.827551
Wrote to 2: -21.99 @ 2023-06-02 10:35:57.828083
Read from 2: -20.99 @ 2023-06-02 10:35:57.828672
Wrote to 3: -21.99 @ 2023-06-02 10:35:57.829214
Read from 3: -20.99 @ 2023-06-02 10:35:57.829808
Wrote to 4: -21.99 @ 2023-06-02 10:35:57.830350
Read from 4: -20.99 @ 2023-06-02 10:35:57.831086
Wrote to 1: -20.99 @ 2023-06-02 10:35:57.841745
Read from 1: -19.99 @ 2023-06-02 10:35:57.842342
Wrote to 2: -20.99 @ 2023-06-02 10:35:57.842878
Read from 2: -19.99 @ 2023-06-02 10:35:57.843469
Wrote to 3: -20.99 @ 2023-06-02 10:35:57.844004
Read from 3: -19.99 @ 2023-06-02 10:35:57.844593
Wrote to 4: -20.99 @ 2023-06-02 10:35:57.845125
Read from 4: -19.99 @ 2023-06-02 10:35:57.845713
Wrote to 1: -19.99 @ 2023-06-02 10:35:57.856327
Read from 1: -18.99 @ 2023-06-02 10:35:57.856919
Wrote to 2: -19.99 @ 2023-06-02 10:35:57.857453
Read from 2: -18.99 @ 2023-06-02 10:35:57.858043
Wrote to 3: -19.99 @ 2023-06-02 10:35:57.858576
Read from 3: -18.99 @ 2023-06-02 10:35:57.859167
Wrote to 4: -19.99 @ 2023-06-02 10:35:57.859699
Read from 4: -18.99 @ 2023-06-02 10:35:57.860289
Wrote to 1: -18.99 @ 2023-06-02 10:35:57.870898
Read from 1: -17.99 @ 2023-06-02 10:35:57.871490
Wrote to 2: -18.99 @ 2023-06-02 10:35:57.872022
Read from 2: -17.99 @ 2023-06-02 10:35:57.872613
Wrote to 3: -18.99 @ 2023-06-02 10:35:57.873146
Read from 3: -17.99 @ 2023-06-02 10:35:57.873734
Wrote to 4: -18.99 @ 2023-06-02 10:35:57.874267
Read from 4: -17.99 @ 2023-06-02 10:35:57.874857
Wrote to 1: -17.99 @ 2023-06-02 10:35:57.885528
Read from 1: -16.99 @ 2023-06-02 10:35:57.886134
Wrote to 2: -17.99 @ 2023-06-02 10:35:57.886669
Read from 2: -16.99 @ 2023-06-02 10:35:57.887261
Wrote to 3: -17.99 @ 2023-06-02 10:35:57.887792
Read from 3: -16.99 @ 2023-06-02 10:35:57.888380
Wrote to 4: -17.99 @ 2023-06-02 10:35:57.888912
Read from 4: -16.99 @ 2023-06-02 10:35:57.889500
Wrote to 1: -16.99 @ 2023-06-02 10:35:57.900241
Read from 1: -15.99 @ 2023-06-02 10:35:57.900874
Wrote to 2: -16.99 @ 2023-06-02 10:35:57.901410
Read from 2: -15.99 @ 2023-06-02 10:35:57.902006
Wrote to 3: -16.99 @ 2023-06-02 10:35:57.902540
Read from 3: -15.99 @ 2023-06-02 10:35:57.903137
Wrote to 4: -16.99 @ 2023-06-02 10:35:57.903676
Read from 4: -15.99 @ 2023-06-02 10:35:57.904270
Wrote to 1: -15.99 @ 2023-06-02 10:35:57.914884
Read from 1: -14.99 @ 2023-06-02 10:35:57.915479
Wrote to 2: -15.99 @ 2023-06-02 10:35:57.916013
Read from 2: -14.99 @ 2023-06-02 10:35:57.916605
Wrote to 3: -15.99 @ 2023-06-02 10:35:57.917317
Read from 3: -14.99 @ 2023-06-02 10:35:57.917918
Wrote to 4: -15.99 @ 2023-06-02 10:35:57.918454
Read from 4: -14.99 @ 2023-06-02 10:35:57.919063
Wrote to 1: -14.99 @ 2023-06-02 10:35:57.929692
Read from 1: -13.99 @ 2023-06-02 10:35:57.930292
Wrote to 2: -14.99 @ 2023-06-02 10:35:57.930859
Read from 2: -13.99 @ 2023-06-02 10:35:57.931525
Wrote to 3: -14.99 @ 2023-06-02 10:35:57.932086
Read from 3: -13.99 @ 2023-06-02 10:35:57.932681
Wrote to 4: -14.99 @ 2023-06-02 10:35:57.933216
Read from 4: -13.99 @ 2023-06-02 10:35:57.933807
Wrote to 1: -13.99 @ 2023-06-02 10:35:57.944434
Read from 1: -12.99 @ 2023-06-02 10:35:57.945028
Wrote to 2: -13.99 @ 2023-06-02 10:35:57.945564
Read from 2: -12.99 @ 2023-06-02 10:35:57.946154
Wrote to 3: -13.99 @ 2023-06-02 10:35:57.946688
Read from 3: -12.99 @ 2023-06-02 10:35:57.947279
Wrote to 4: -13.99 @ 2023-06-02 10:35:57.947812
Read from 4: -12.99 @ 2023-06-02 10:35:57.948402
Wrote to 1: -12.99 @ 2023-06-02 10:35:57.959038
Read from 1: -11.99 @ 2023-06-02 10:35:57.959629
Wrote to 2: -12.99 @ 2023-06-02 10:35:57.960162
Read from 2: -11.99 @ 2023-06-02 10:35:57.960752
Wrote to 3: -12.99 @ 2023-06-02 10:35:57.961286
Read from 3: -11.99 @ 2023-06-02 10:35:57.961876
Wrote to 4: -12.99 @ 2023-06-02 10:35:57.962409
Read from 4: -11.99 @ 2023-06-02 10:35:57.962999
Wrote to 1: -11.99 @ 2023-06-02 10:35:57.973610
Read from 1: -10.99 @ 2023-06-02 10:35:57.974201
Wrote to 2: -11.99 @ 2023-06-02 10:35:57.974734
Read from 2: -10.99 @ 2023-06-02 10:35:57.975325
Wrote to 3: -11.99 @ 2023-06-02 10:35:57.975858
Read from 3: -10.99 @ 2023-06-02 10:35:57.976450
Wrote to 4: -11.99 @ 2023-06-02 10:35:57.976984
Read from 4: -10.99 @ 2023-06-02 10:35:57.977574
Wrote to 1: -10.99 @ 2023-06-02 10:35:57.988222
Read from 1: -9.99 @ 2023-06-02 10:35:57.988827
Wrote to 2: -10.99 @ 2023-06-02 10:35:57.989363
Read from 2: -9.99 @ 2023-06-02 10:35:57.989955
Wrote to 3: -10.99 @ 2023-06-02 10:35:57.990489
Read from 3: -9.99 @ 2023-06-02 10:35:57.991082
Wrote to 4: -10.99 @ 2023-06-02 10:35:57.991615
Read from 4: -9.99 @ 2023-06-02 10:35:57.992205
Wrote to 1: -9.99 @ 2023-06-02 10:35:58.002850
Read from 1: -8.99 @ 2023-06-02 10:35:58.003453
Wrote to 2: -9.99 @ 2023-06-02 10:35:58.003988
Read from 2: -8.99 @ 2023-06-02 10:35:58.004579
Wrote to 3: -9.99 @ 2023-06-02 10:35:58.005113
Read from 3: -8.99 @ 2023-06-02 10:35:58.005703
Wrote to 4: -9.99 @ 2023-06-02 10:35:58.006237
Read from 4: -8.99 @ 2023-06-02 10:35:58.006828
Wrote to 1: -8.99 @ 2023-06-02 10:35:58.017490
Read from 1: -7.99 @ 2023-06-02 10:35:58.018396
Wrote to 2: -8.99 @ 2023-06-02 10:35:58.018993
Read from 2: -7.99 @ 2023-06-02 10:35:58.019620
Wrote to 3: -8.99 @ 2023-06-02 10:35:58.020157
Read from 3: -7.99 @ 2023-06-02 10:35:58.020750
Wrote to 4: -8.99 @ 2023-06-02 10:35:58.021284
Read from 4: -7.99 @ 2023-06-02 10:35:58.021874
Wrote to 1: -7.99 @ 2023-06-02 10:35:58.032621
Read from 1: -6.99 @ 2023-06-02 10:35:58.033256
Wrote to 2: -7.99 @ 2023-06-02 10:35:58.033797
Read from 2: -6.99 @ 2023-06-02 10:35:58.034391
Wrote to 3: -7.99 @ 2023-06-02 10:35:58.034937
Read from 3: -6.99 @ 2023-06-02 10:35:58.035536
Wrote to 4: -7.99 @ 2023-06-02 10:35:58.036073
Read from 4: -6.99 @ 2023-06-02 10:35:58.036664
Wrote to 1: -6.99 @ 2023-06-02 10:35:58.047282
Read from 1: -5.99 @ 2023-06-02 10:35:58.047879
Wrote to 2: -6.99 @ 2023-06-02 10:35:58.048412
Read from 2: -5.99 @ 2023-06-02 10:35:58.049002
Wrote to 3: -6.99 @ 2023-06-02 10:35:58.049535
Read from 3: -5.99 @ 2023-06-02 10:35:58.050125
Wrote to 4: -6.99 @ 2023-06-02 10:35:58.050658
Read from 4: -5.99 @ 2023-06-02 10:35:58.051248
Wrote to 1: -5.99 @ 2023-06-02 10:35:58.062523
Read from 1: -4.99 @ 2023-06-02 10:35:58.063521
Wrote to 2: -5.99 @ 2023-06-02 10:35:58.064236
Read from 2: -4.99 @ 2023-06-02 10:35:58.065061
Wrote to 3: -5.99 @ 2023-06-02 10:35:58.065724
Read from 3: -4.99 @ 2023-06-02 10:35:58.066381
Wrote to 4: -5.99 @ 2023-06-02 10:35:58.066924
Read from 4: -4.99 @ 2023-06-02 10:35:58.067521
Wrote to 1: -4.99 @ 2023-06-02 10:35:58.078206
Read from 1: -3.99 @ 2023-06-02 10:35:58.078819
Wrote to 2: -4.99 @ 2023-06-02 10:35:58.079355
Read from 2: -3.99 @ 2023-06-02 10:35:58.079952
Wrote to 3: -4.99 @ 2023-06-02 10:35:58.080491
Read from 3: -3.99 @ 2023-06-02 10:35:58.081090
Wrote to 4: -4.99 @ 2023-06-02 10:35:58.081639
Read from 4: -3.99 @ 2023-06-02 10:35:58.082245
Wrote to 1: -3.99 @ 2023-06-02 10:35:58.092891
Read from 1: -2.99 @ 2023-06-02 10:35:58.093497
Wrote to 2: -3.99 @ 2023-06-02 10:35:58.094033
Read from 2: -2.99 @ 2023-06-02 10:35:58.094623
Wrote to 3: -3.99 @ 2023-06-02 10:35:58.095157
Read from 3: -2.99 @ 2023-06-02 10:35:58.095746
Wrote to 4: -3.99 @ 2023-06-02 10:35:58.096278
Read from 4: -2.99 @ 2023-06-02 10:35:58.096868
Wrote to 1: -2.99 @ 2023-06-02 10:35:58.107512
Read from 1: -1.99 @ 2023-06-02 10:35:58.108115
Wrote to 2: -2.99 @ 2023-06-02 10:35:58.108650
Read from 2: -1.99 @ 2023-06-02 10:35:58.109241
Wrote to 3: -2.99 @ 2023-06-02 10:35:58.109774
Read from 3: -1.99 @ 2023-06-02 10:35:58.110364
Wrote to 4: -2.99 @ 2023-06-02 10:35:58.110896
Read from 4: -1.99 @ 2023-06-02 10:35:58.111487
Wrote to 1: -1.99 @ 2023-06-02 10:35:58.122097
Read from 1: -0.99 @ 2023-06-02 10:35:58.122695
Wrote to 2: -1.99 @ 2023-06-02 10:35:58.123229
Read from 2: -0.99 @ 2023-06-02 10:35:58.123819
Wrote to 3: -1.99 @ 2023-06-02 10:35:58.124352
Read from 3: -0.99 @ 2023-06-02 10:35:58.124942
Wrote to 4: -1.99 @ 2023-06-02 10:35:58.125475
Read from 4: -0.99 @ 2023-06-02 10:35:58.126064
Wrote to 1: -0.99 @ 2023-06-02 10:35:58.136758
Read from 1: 0.01 @ 2023-06-02 10:35:58.137386
Wrote to 2: -0.99 @ 2023-06-02 10:35:58.137922
Read from 2: 0.01 @ 2023-06-02 10:35:58.138519
Wrote to 3: -0.99 @ 2023-06-02 10:35:58.139055
Read from 3: 0.01 @ 2023-06-02 10:35:58.139651
Wrote to 4: -0.99 @ 2023-06-02 10:35:58.140186
Read from 4: 0.01 @ 2023-06-02 10:35:58.140781
Average delays (in seconds) per port: [0.0006271500000000003, 0.0006054500000000005, 0.0006114100000000002, 0.0006054800000000001] @ 2023-06-02 10:35:58.151251
Communication Cycle (in seconds): 0.014740252525252524
