Serial 0 Sent Value -999.99 @ 2023-06-02 10:05:56.400666
Serial 1 Sent Value -799.99 @ 2023-06-02 10:05:56.400878
Serial 2 Sent Value -599.99 @ 2023-06-02 10:05:56.401026
Serial 1 Received Value -789.89 @ 2023-06-02 10:05:56.403939
Serial 0 Received Value -989.89 @ 2023-06-02 10:05:56.404315
Serial 1 Sent Value -789.89 @ 2023-06-02 10:05:56.404481
Serial 2 Received Value -589.89 @ 2023-06-02 10:05:56.404803
Serial 0 Sent Value -989.89 @ 2023-06-02 10:05:56.404949
Serial 2 Sent Value -589.89 @ 2023-06-02 10:05:56.405082
Serial 1 Received Value -779.79 @ 2023-06-02 10:05:56.407848
Serial 0 Received Value -979.79 @ 2023-06-02 10:05:56.408220
Serial 1 Sent Value -779.79 @ 2023-06-02 10:05:56.408496
Serial 2 Received Value -579.79 @ 2023-06-02 10:05:56.408838
Serial 0 Sent Value -979.79 @ 2023-06-02 10:05:56.408978
Serial 2 Sent Value -579.79 @ 2023-06-02 10:05:56.409117
Serial 1 Received Value -769.69 @ 2023-06-02 10:05:56.412047
Serial 0 Received Value -969.69 @ 2023-06-02 10:05:56.412377
Serial 1 Sent Value -769.69 @ 2023-06-02 10:05:56.412548
Serial 2 Received Value -569.69 @ 2023-06-02 10:05:56.412858
Serial 0 Sent Value -969.69 @ 2023-06-02 10:05:56.412984
Serial 2 Sent Value -569.69 @ 2023-06-02 10:05:56.413196
Serial 1 Received Value -759.59 @ 2023-06-02 10:05:56.416191
Serial 0 Received Value -959.59 @ 2023-06-02 10:05:56.416638
Serial 1 Sent Value -759.59 @ 2023-06-02 10:05:56.416867
Serial 2 Received Value -559.59 @ 2023-06-02 10:05:56.417315
Serial 0 Sent Value -959.59 @ 2023-06-02 10:05:56.417526
Serial 2 Sent Value -559.59 @ 2023-06-02 10:05:56.417713
Serial 1 Received Value -749.49 @ 2023-06-02 10:05:56.420233
Serial 0 Received Value -949.49 @ 2023-06-02 10:05:56.420588
Serial 1 Sent Value -749.49 @ 2023-06-02 10:05:56.420763
Serial 2 Received Value -549.49 @ 2023-06-02 10:05:56.421109
Serial 0 Sent Value -949.49 @ 2023-06-02 10:05:56.421292
Serial 2 Sent Value -549.49 @ 2023-06-02 10:05:56.421457
Serial 1 Received Value -739.39 @ 2023-06-02 10:05:56.424323
Serial 0 Received Value -939.39 @ 2023-06-02 10:05:56.424673
Serial 1 Sent Value -739.39 @ 2023-06-02 10:05:56.435166
Serial 2 Received Value -539.39 @ 2023-06-02 10:05:56.435607
Serial 0 Sent Value -939.39 @ 2023-06-02 10:05:56.435914
Serial 1 Received Value -729.29 @ 2023-06-02 10:05:56.436346
Serial 2 Sent Value -539.39 @ 2023-06-02 10:05:56.436514
Serial 1 Sent Value -729.29 @ 2023-06-02 10:05:56.436836
Serial 1 Received Value -719.19 @ 2023-06-02 10:05:56.440874
Serial 0 Received Value -929.29 @ 2023-06-02 10:05:56.441315
Serial 1 Sent Value -719.19 @ 2023-06-02 10:05:56.441495
Serial 2 Received Value -529.29 @ 2023-06-02 10:05:56.441817
Serial 0 Sent Value -929.29 @ 2023-06-02 10:05:56.441956
Serial 2 Sent Value -529.29 @ 2023-06-02 10:05:56.442095
Serial 1 Received Value -709.09 @ 2023-06-02 10:05:56.444777
Serial 0 Received Value -919.19 @ 2023-06-02 10:05:56.445099
Serial 1 Sent Value -709.09 @ 2023-06-02 10:05:56.445257
Serial 2 Received Value -519.19 @ 2023-06-02 10:05:56.445571
Serial 0 Sent Value -919.19 @ 2023-06-02 10:05:56.445714
Serial 2 Sent Value -519.19 @ 2023-06-02 10:05:56.445845
Serial 1 Received Value -698.99 @ 2023-06-02 10:05:56.448832
Serial 0 Received Value -909.09 @ 2023-06-02 10:05:56.449149
Serial 1 Sent Value -698.99 @ 2023-06-02 10:05:56.449307
Serial 2 Received Value -509.09 @ 2023-06-02 10:05:56.449619
Serial 0 Sent Value -909.09 @ 2023-06-02 10:05:56.449740
Serial 2 Sent Value -509.09 @ 2023-06-02 10:05:56.449934
Serial 1 Received Value -688.89 @ 2023-06-02 10:05:56.453041
Serial 0 Received Value -898.99 @ 2023-06-02 10:05:56.453410
Serial 1 Sent Value -688.89 @ 2023-06-02 10:05:56.453566
Serial 2 Received Value -498.99 @ 2023-06-02 10:05:56.453883
Serial 0 Sent Value -898.99 @ 2023-06-02 10:05:56.454018
Serial 2 Sent Value -498.99 @ 2023-06-02 10:05:56.454146
Serial 1 Received Value -678.79 @ 2023-06-02 10:05:56.457051
Serial 0 Received Value -888.89 @ 2023-06-02 10:05:56.457407
Serial 1 Sent Value -678.79 @ 2023-06-02 10:05:56.457571
Serial 2 Received Value -488.89 @ 2023-06-02 10:05:56.457882
Serial 0 Sent Value -888.89 @ 2023-06-02 10:05:56.458095
Serial 2 Sent Value -488.89 @ 2023-06-02 10:05:56.458436
Serial 1 Received Value -668.69 @ 2023-06-02 10:05:56.461173
Serial 0 Received Value -878.79 @ 2023-06-02 10:05:56.461514
Serial 1 Sent Value -668.69 @ 2023-06-02 10:05:56.461719
Serial 2 Received Value -478.79 @ 2023-06-02 10:05:56.462145
Serial 0 Sent Value -878.79 @ 2023-06-02 10:05:56.462297
Serial 2 Sent Value -478.79 @ 2023-06-02 10:05:56.462446
Serial 1 Received Value -658.59 @ 2023-06-02 10:05:56.465238
Serial 0 Received Value -868.69 @ 2023-06-02 10:05:56.465571
Serial 1 Sent Value -658.59 @ 2023-06-02 10:05:56.465762
Serial 2 Received Value -468.69 @ 2023-06-02 10:05:56.466136
Serial 0 Sent Value -868.69 @ 2023-06-02 10:05:56.466296
Serial 2 Sent Value -468.69 @ 2023-06-02 10:05:56.466453
Serial 1 Received Value -648.49 @ 2023-06-02 10:05:56.469398
Serial 0 Received Value -858.59 @ 2023-06-02 10:05:56.469718
Serial 1 Sent Value -648.49 @ 2023-06-02 10:05:56.469874
Serial 2 Received Value -458.59 @ 2023-06-02 10:05:56.470174
Serial 0 Sent Value -858.59 @ 2023-06-02 10:05:56.470286
Serial 2 Sent Value -458.59 @ 2023-06-02 10:05:56.470417
Serial 1 Received Value -638.39 @ 2023-06-02 10:05:56.473359
Serial 0 Received Value -848.49 @ 2023-06-02 10:05:56.473660
Serial 1 Sent Value -638.39 @ 2023-06-02 10:05:56.473778
Serial 0 Sent Value -848.49 @ 2023-06-02 10:05:56.473910
Serial 2 Received Value -448.49 @ 2023-06-02 10:05:56.474224
Serial 2 Sent Value -448.49 @ 2023-06-02 10:05:56.474353
Serial 1 Received Value -628.29 @ 2023-06-02 10:05:56.477615
Serial 0 Received Value -838.39 @ 2023-06-02 10:05:56.477953
Serial 1 Sent Value -628.29 @ 2023-06-02 10:05:56.478096
Serial 2 Received Value -438.39 @ 2023-06-02 10:05:56.478392
Serial 0 Sent Value -838.39 @ 2023-06-02 10:05:56.478502
Serial 2 Sent Value -438.39 @ 2023-06-02 10:05:56.478704
Serial 1 Received Value -618.19 @ 2023-06-02 10:05:56.481533
Serial 0 Received Value -828.29 @ 2023-06-02 10:05:56.481840
Serial 1 Sent Value -618.19 @ 2023-06-02 10:05:56.481956
Serial 0 Sent Value -828.29 @ 2023-06-02 10:05:56.482111
Serial 2 Received Value -428.29 @ 2023-06-02 10:05:56.482415
Serial 2 Sent Value -428.29 @ 2023-06-02 10:05:56.482547
Serial 1 Received Value -608.09 @ 2023-06-02 10:05:56.485629
Serial 0 Received Value -818.19 @ 2023-06-02 10:05:56.485928
Serial 1 Sent Value -608.09 @ 2023-06-02 10:05:56.486047
Serial 0 Sent Value -818.19 @ 2023-06-02 10:05:56.486191
Serial 2 Received Value -418.19 @ 2023-06-02 10:05:56.486504
Serial 2 Sent Value -418.19 @ 2023-06-02 10:05:56.486707
Serial 1 Received Value -597.99 @ 2023-06-02 10:05:56.489720
Serial 0 Received Value -808.09 @ 2023-06-02 10:05:56.490017
Serial 1 Sent Value -597.99 @ 2023-06-02 10:05:56.490125
Serial 0 Sent Value -808.09 @ 2023-06-02 10:05:56.490247
Serial 2 Received Value -408.09 @ 2023-06-02 10:05:56.490566
Serial 2 Sent Value -408.09 @ 2023-06-02 10:05:56.490708
Serial 1 Received Value -587.89 @ 2023-06-02 10:05:56.493809
Serial 0 Received Value -797.99 @ 2023-06-02 10:05:56.494106
Serial 1 Sent Value -587.89 @ 2023-06-02 10:05:56.494211
Serial 0 Sent Value -797.99 @ 2023-06-02 10:05:56.494326
Serial 2 Received Value -397.99 @ 2023-06-02 10:05:56.494644
Serial 2 Sent Value -397.99 @ 2023-06-02 10:05:56.494773
Serial 1 Received Value -577.79 @ 2023-06-02 10:05:56.497903
Serial 0 Received Value -787.89 @ 2023-06-02 10:05:56.498201
Serial 1 Sent Value -577.79 @ 2023-06-02 10:05:56.498309
Serial 0 Sent Value -787.89 @ 2023-06-02 10:05:56.498475
Serial 2 Received Value -387.89 @ 2023-06-02 10:05:56.498867
Serial 2 Sent Value -387.89 @ 2023-06-02 10:05:56.499012
Serial 1 Received Value -567.69 @ 2023-06-02 10:05:56.502045
Serial 0 Received Value -777.79 @ 2023-06-02 10:05:56.502354
Serial 1 Sent Value -567.69 @ 2023-06-02 10:05:56.502519
Serial 2 Received Value -377.79 @ 2023-06-02 10:05:56.502816
Serial 0 Sent Value -777.79 @ 2023-06-02 10:05:56.502927
Serial 2 Sent Value -377.79 @ 2023-06-02 10:05:56.503071
Serial 1 Received Value -557.59 @ 2023-06-02 10:05:56.506120
Serial 0 Received Value -767.69 @ 2023-06-02 10:05:56.506420
Serial 1 Sent Value -557.59 @ 2023-06-02 10:05:56.506762
Serial 2 Received Value -367.69 @ 2023-06-02 10:05:56.507104
Serial 0 Sent Value -767.69 @ 2023-06-02 10:05:56.507225
Serial 2 Sent Value -367.69 @ 2023-06-02 10:05:56.507346
Serial 1 Received Value -547.49 @ 2023-06-02 10:05:56.510222
Serial 0 Received Value -757.59 @ 2023-06-02 10:05:56.510522
Serial 1 Sent Value -547.49 @ 2023-06-02 10:05:56.510712
Serial 2 Received Value -357.59 @ 2023-06-02 10:05:56.511035
Serial 0 Sent Value -757.59 @ 2023-06-02 10:05:56.511144
Serial 2 Sent Value -357.59 @ 2023-06-02 10:05:56.511268
Serial 1 Received Value -537.39 @ 2023-06-02 10:05:56.514288
Serial 0 Received Value -747.49 @ 2023-06-02 10:05:56.514584
Serial 1 Sent Value -537.39 @ 2023-06-02 10:05:56.514711
Serial 0 Sent Value -747.49 @ 2023-06-02 10:05:56.514829
Serial 2 Received Value -347.49 @ 2023-06-02 10:05:56.515164
Serial 2 Sent Value -347.49 @ 2023-06-02 10:05:56.515301
Serial 1 Received Value -527.29 @ 2023-06-02 10:05:56.518386
Serial 0 Received Value -737.39 @ 2023-06-02 10:05:56.518684
Serial 1 Sent Value -527.29 @ 2023-06-02 10:05:56.518798
Serial 0 Sent Value -737.39 @ 2023-06-02 10:05:56.518923
Serial 2 Received Value -337.39 @ 2023-06-02 10:05:56.519259
Serial 2 Sent Value -337.39 @ 2023-06-02 10:05:56.519396
Serial 1 Received Value -517.19 @ 2023-06-02 10:05:56.522487
Serial 0 Received Value -727.29 @ 2023-06-02 10:05:56.522785
Serial 1 Sent Value -517.19 @ 2023-06-02 10:05:56.522892
Serial 0 Sent Value -727.29 @ 2023-06-02 10:05:56.523054
Serial 2 Received Value -327.29 @ 2023-06-02 10:05:56.523358
Serial 2 Sent Value -327.29 @ 2023-06-02 10:05:56.523480
Serial 1 Received Value -507.09 @ 2023-06-02 10:05:56.526600
Serial 0 Received Value -717.19 @ 2023-06-02 10:05:56.526897
Serial 1 Sent Value -507.09 @ 2023-06-02 10:05:56.527002
Serial 0 Sent Value -717.19 @ 2023-06-02 10:05:56.527155
Serial 2 Received Value -317.19 @ 2023-06-02 10:05:56.527457
Serial 2 Sent Value -317.19 @ 2023-06-02 10:05:56.527712
Serial 1 Received Value -496.99 @ 2023-06-02 10:05:56.530687
Serial 0 Received Value -707.09 @ 2023-06-02 10:05:56.530983
Serial 1 Sent Value -496.99 @ 2023-06-02 10:05:56.531086
Serial 0 Sent Value -707.09 @ 2023-06-02 10:05:56.531206
Serial 2 Received Value -307.09 @ 2023-06-02 10:05:56.531522
Serial 2 Sent Value -307.09 @ 2023-06-02 10:05:56.531709
Serial 1 Received Value -486.89 @ 2023-06-02 10:05:56.534765
Serial 0 Received Value -696.99 @ 2023-06-02 10:05:56.535078
Serial 1 Sent Value -486.89 @ 2023-06-02 10:05:56.535188
Serial 0 Sent Value -696.99 @ 2023-06-02 10:05:56.535314
Serial 2 Received Value -296.99 @ 2023-06-02 10:05:56.535614
Serial 2 Sent Value -296.99 @ 2023-06-02 10:05:56.535736
Serial 1 Received Value -476.79 @ 2023-06-02 10:05:56.538878
Serial 0 Received Value -686.89 @ 2023-06-02 10:05:56.539192
Serial 1 Sent Value -476.79 @ 2023-06-02 10:05:56.539304
Serial 0 Sent Value -686.89 @ 2023-06-02 10:05:56.539455
Serial 2 Received Value -286.89 @ 2023-06-02 10:05:56.539758
Serial 2 Sent Value -286.89 @ 2023-06-02 10:05:56.539883
Serial 1 Received Value -466.69 @ 2023-06-02 10:05:56.542987
Serial 0 Received Value -676.79 @ 2023-06-02 10:05:56.543300
Serial 1 Sent Value -466.69 @ 2023-06-02 10:05:56.543411
Serial 0 Sent Value -676.79 @ 2023-06-02 10:05:56.543563
Serial 2 Received Value -276.79 @ 2023-06-02 10:05:56.543865
Serial 2 Sent Value -276.79 @ 2023-06-02 10:05:56.543988
Serial 1 Received Value -456.59 @ 2023-06-02 10:05:56.547067
Serial 0 Received Value -666.69 @ 2023-06-02 10:05:56.547365
Serial 1 Sent Value -456.59 @ 2023-06-02 10:05:56.547467
Serial 0 Sent Value -666.69 @ 2023-06-02 10:05:56.547717
Serial 2 Received Value -266.69 @ 2023-06-02 10:05:56.548019
Serial 2 Sent Value -266.69 @ 2023-06-02 10:05:56.548145
Serial 1 Received Value -446.49 @ 2023-06-02 10:05:56.551272
Serial 0 Received Value -656.59 @ 2023-06-02 10:05:56.551588
Serial 1 Sent Value -446.49 @ 2023-06-02 10:05:56.551762
Serial 2 Received Value -256.59 @ 2023-06-02 10:05:56.552059
Serial 0 Sent Value -656.59 @ 2023-06-02 10:05:56.552182
Serial 2 Sent Value -256.59 @ 2023-06-02 10:05:56.552307
Serial 1 Received Value -436.39 @ 2023-06-02 10:05:56.555298
Serial 0 Received Value -646.49 @ 2023-06-02 10:05:56.555596
Serial 1 Sent Value -436.39 @ 2023-06-02 10:05:56.555717
Serial 0 Sent Value -646.49 @ 2023-06-02 10:05:56.555867
Serial 2 Received Value -246.49 @ 2023-06-02 10:05:56.556169
Serial 2 Sent Value -246.49 @ 2023-06-02 10:05:56.556305
Serial 1 Received Value -426.29 @ 2023-06-02 10:05:56.559345
Serial 0 Received Value -636.39 @ 2023-06-02 10:05:56.559648
Serial 1 Sent Value -426.29 @ 2023-06-02 10:05:56.559753
Serial 0 Sent Value -636.39 @ 2023-06-02 10:05:56.559882
Serial 2 Received Value -236.39 @ 2023-06-02 10:05:56.560201
Serial 2 Sent Value -236.39 @ 2023-06-02 10:05:56.560327
Serial 1 Received Value -416.19 @ 2023-06-02 10:05:56.563459
Serial 0 Received Value -626.29 @ 2023-06-02 10:05:56.563756
Serial 1 Sent Value -416.19 @ 2023-06-02 10:05:56.563861
Serial 0 Sent Value -626.29 @ 2023-06-02 10:05:56.564014
Serial 2 Received Value -226.29 @ 2023-06-02 10:05:56.564315
Serial 2 Sent Value -226.29 @ 2023-06-02 10:05:56.564441
Serial 1 Received Value -406.09 @ 2023-06-02 10:05:56.567527
Serial 0 Received Value -616.19 @ 2023-06-02 10:05:56.567824
Serial 1 Sent Value -406.09 @ 2023-06-02 10:05:56.567932
Serial 0 Sent Value -616.19 @ 2023-06-02 10:05:56.568058
Serial 2 Received Value -216.19 @ 2023-06-02 10:05:56.568374
Serial 2 Sent Value -216.19 @ 2023-06-02 10:05:56.568503
Serial 1 Received Value -395.99 @ 2023-06-02 10:05:56.571619
Serial 0 Received Value -606.09 @ 2023-06-02 10:05:56.571915
Serial 1 Sent Value -395.99 @ 2023-06-02 10:05:56.572025
Serial 0 Sent Value -606.09 @ 2023-06-02 10:05:56.572142
Serial 2 Received Value -206.09 @ 2023-06-02 10:05:56.572459
Serial 2 Sent Value -206.09 @ 2023-06-02 10:05:56.572581
Serial 1 Received Value -385.89 @ 2023-06-02 10:05:56.575715
Serial 0 Received Value -595.99 @ 2023-06-02 10:05:56.576013
Serial 1 Sent Value -385.89 @ 2023-06-02 10:05:56.576125
Serial 0 Sent Value -595.99 @ 2023-06-02 10:05:56.576242
Serial 2 Received Value -195.99 @ 2023-06-02 10:05:56.576560
Serial 2 Sent Value -195.99 @ 2023-06-02 10:05:56.576718
Serial 1 Received Value -375.79 @ 2023-06-02 10:05:56.579818
Serial 0 Received Value -585.89 @ 2023-06-02 10:05:56.580116
Serial 1 Sent Value -375.79 @ 2023-06-02 10:05:56.580226
Serial 0 Sent Value -585.89 @ 2023-06-02 10:05:56.580347
Serial 2 Received Value -185.89 @ 2023-06-02 10:05:56.580665
Serial 2 Sent Value -185.89 @ 2023-06-02 10:05:56.580789
Serial 1 Received Value -365.69 @ 2023-06-02 10:05:56.583908
Serial 0 Received Value -575.79 @ 2023-06-02 10:05:56.584205
Serial 1 Sent Value -365.69 @ 2023-06-02 10:05:56.584309
Serial 0 Sent Value -575.79 @ 2023-06-02 10:05:56.584442
Serial 2 Received Value -175.79 @ 2023-06-02 10:05:56.584757
Serial 2 Sent Value -175.79 @ 2023-06-02 10:05:56.584878
Serial 1 Received Value -355.59 @ 2023-06-02 10:05:56.588022
Serial 0 Received Value -565.69 @ 2023-06-02 10:05:56.588318
Serial 1 Sent Value -355.59 @ 2023-06-02 10:05:56.588424
Serial 0 Sent Value -565.69 @ 2023-06-02 10:05:56.588547
Serial 2 Received Value -165.69 @ 2023-06-02 10:05:56.588865
Serial 2 Sent Value -165.69 @ 2023-06-02 10:05:56.588987
Serial 1 Received Value -345.49 @ 2023-06-02 10:05:56.592264
Serial 0 Received Value -555.59 @ 2023-06-02 10:05:56.592572
Serial 1 Sent Value -345.49 @ 2023-06-02 10:05:56.592751
Serial 2 Received Value -155.59 @ 2023-06-02 10:05:56.593045
Serial 0 Sent Value -555.59 @ 2023-06-02 10:05:56.593158
Serial 2 Sent Value -155.59 @ 2023-06-02 10:05:56.593277
Serial 1 Received Value -335.39 @ 2023-06-02 10:05:56.596231
Serial 0 Received Value -545.49 @ 2023-06-02 10:05:56.596529
Serial 1 Sent Value -335.39 @ 2023-06-02 10:05:56.596723
Serial 2 Received Value -145.49 @ 2023-06-02 10:05:56.597049
Serial 0 Sent Value -545.49 @ 2023-06-02 10:05:56.597159
Serial 2 Sent Value -145.49 @ 2023-06-02 10:05:56.597280
Serial 1 Received Value -325.29 @ 2023-06-02 10:05:56.600345
Serial 0 Received Value -535.39 @ 2023-06-02 10:05:56.600798
Serial 1 Sent Value -325.29 @ 2023-06-02 10:05:56.600949
Serial 2 Received Value -135.39 @ 2023-06-02 10:05:56.601418
Serial 0 Sent Value -535.39 @ 2023-06-02 10:05:56.601547
Serial 2 Sent Value -135.39 @ 2023-06-02 10:05:56.601721
Serial 1 Received Value -315.19 @ 2023-06-02 10:05:56.604408
Serial 0 Received Value -525.29 @ 2023-06-02 10:05:56.604706
Serial 1 Sent Value -315.19 @ 2023-06-02 10:05:56.604816
Serial 0 Sent Value -525.29 @ 2023-06-02 10:05:56.604954
Serial 2 Received Value -125.29 @ 2023-06-02 10:05:56.605257
Serial 2 Sent Value -125.29 @ 2023-06-02 10:05:56.605383
Serial 1 Received Value -305.09 @ 2023-06-02 10:05:56.608496
Serial 0 Received Value -515.19 @ 2023-06-02 10:05:56.608799
Serial 1 Sent Value -305.09 @ 2023-06-02 10:05:56.608916
Serial 0 Sent Value -515.19 @ 2023-06-02 10:05:56.609070
Serial 2 Received Value -115.19 @ 2023-06-02 10:05:56.609372
Serial 2 Sent Value -115.19 @ 2023-06-02 10:05:56.609498
Serial 1 Received Value -294.99 @ 2023-06-02 10:05:56.612602
Serial 0 Received Value -505.09 @ 2023-06-02 10:05:56.612899
Serial 1 Sent Value -294.99 @ 2023-06-02 10:05:56.613003
Serial 0 Sent Value -505.09 @ 2023-06-02 10:05:56.613121
Serial 2 Received Value -105.09 @ 2023-06-02 10:05:56.613436
Serial 2 Sent Value -105.09 @ 2023-06-02 10:05:56.613563
Serial 1 Received Value -284.89 @ 2023-06-02 10:05:56.616682
Serial 0 Received Value -494.99 @ 2023-06-02 10:05:56.616978
Serial 1 Sent Value -284.89 @ 2023-06-02 10:05:56.617088
Serial 0 Sent Value -494.99 @ 2023-06-02 10:05:56.617211
Serial 2 Received Value -94.99 @ 2023-06-02 10:05:56.617500
Serial 2 Sent Value -94.99 @ 2023-06-02 10:05:56.617721
Serial 1 Received Value -274.79 @ 2023-06-02 10:05:56.620778
Serial 0 Received Value -484.89 @ 2023-06-02 10:05:56.621075
Serial 1 Sent Value -274.79 @ 2023-06-02 10:05:56.621190
Serial 0 Sent Value -484.89 @ 2023-06-02 10:05:56.621313
Serial 2 Received Value -84.89 @ 2023-06-02 10:05:56.621602
Serial 2 Sent Value -84.89 @ 2023-06-02 10:05:56.621723
Serial 1 Received Value -264.69 @ 2023-06-02 10:05:56.624875
Serial 0 Received Value -474.79 @ 2023-06-02 10:05:56.625169
Serial 1 Sent Value -264.69 @ 2023-06-02 10:05:56.625276
Serial 0 Sent Value -474.79 @ 2023-06-02 10:05:56.625392
Serial 2 Received Value -74.79 @ 2023-06-02 10:05:56.625680
Serial 2 Sent Value -74.79 @ 2023-06-02 10:05:56.625802
Serial 1 Received Value -254.59 @ 2023-06-02 10:05:56.629004
Serial 0 Received Value -464.69 @ 2023-06-02 10:05:56.629301
Serial 1 Sent Value -254.59 @ 2023-06-02 10:05:56.629406
Serial 0 Sent Value -464.69 @ 2023-06-02 10:05:56.629559
Serial 2 Received Value -64.69 @ 2023-06-02 10:05:56.629832
Serial 2 Sent Value -64.69 @ 2023-06-02 10:05:56.629964
Serial 1 Received Value -244.49 @ 2023-06-02 10:05:56.633059
Serial 0 Received Value -454.59 @ 2023-06-02 10:05:56.633354
Serial 1 Sent Value -244.49 @ 2023-06-02 10:05:56.633468
Serial 0 Sent Value -454.59 @ 2023-06-02 10:05:56.633586
Serial 2 Received Value -54.59 @ 2023-06-02 10:05:56.633873
Serial 2 Sent Value -54.59 @ 2023-06-02 10:05:56.633996
Serial 1 Received Value -234.39 @ 2023-06-02 10:05:56.637151
Serial 0 Received Value -444.49 @ 2023-06-02 10:05:56.637447
Serial 1 Sent Value -234.39 @ 2023-06-02 10:05:56.637555
Serial 0 Sent Value -444.49 @ 2023-06-02 10:05:56.637767
Serial 2 Received Value -44.49 @ 2023-06-02 10:05:56.638039
Serial 2 Sent Value -44.49 @ 2023-06-02 10:05:56.638164
Serial 1 Received Value -224.29 @ 2023-06-02 10:05:56.641259
Serial 0 Received Value -434.39 @ 2023-06-02 10:05:56.641554
Serial 1 Sent Value -224.29 @ 2023-06-02 10:05:56.641730
Serial 0 Sent Value -434.39 @ 2023-06-02 10:05:56.641868
Serial 2 Received Value -34.39 @ 2023-06-02 10:05:56.642138
Serial 2 Sent Value -34.39 @ 2023-06-02 10:05:56.642263
Serial 1 Received Value -214.19 @ 2023-06-02 10:05:56.645373
Serial 0 Received Value -424.29 @ 2023-06-02 10:05:56.645670
Serial 1 Sent Value -214.19 @ 2023-06-02 10:05:56.645775
Serial 0 Sent Value -424.29 @ 2023-06-02 10:05:56.645935
Serial 2 Received Value -24.29 @ 2023-06-02 10:05:56.646207
Serial 2 Sent Value -24.29 @ 2023-06-02 10:05:56.646342
Serial 1 Received Value -204.09 @ 2023-06-02 10:05:56.649460
Serial 0 Received Value -414.19 @ 2023-06-02 10:05:56.649755
Serial 1 Sent Value -204.09 @ 2023-06-02 10:05:56.649863
Serial 0 Sent Value -414.19 @ 2023-06-02 10:05:56.650019
Serial 2 Received Value -14.19 @ 2023-06-02 10:05:56.650292
Serial 2 Sent Value -14.19 @ 2023-06-02 10:05:56.650415
Serial 1 Received Value -193.99 @ 2023-06-02 10:05:56.653637
Serial 0 Received Value -404.09 @ 2023-06-02 10:05:56.653947
Serial 1 Sent Value -193.99 @ 2023-06-02 10:05:56.654126
Serial 2 Received Value -4.09 @ 2023-06-02 10:05:56.654365
Serial 0 Sent Value -404.09 @ 2023-06-02 10:05:56.654476
Serial 2 Sent Value -4.09 @ 2023-06-02 10:05:56.654594
Serial 1 Received Value -183.89 @ 2023-06-02 10:05:56.657644
Serial 0 Received Value -393.99 @ 2023-06-02 10:05:56.657941
Serial 1 Sent Value -183.89 @ 2023-06-02 10:05:56.658053
Serial 0 Sent Value -393.99 @ 2023-06-02 10:05:56.658211
Serial 2 Received Value 6.01 @ 2023-06-02 10:05:56.658428
Serial 2 Sent Value 6.01 @ 2023-06-02 10:05:56.658546
Serial 1 Received Value -173.79 @ 2023-06-02 10:05:56.661759
Serial 0 Received Value -383.89 @ 2023-06-02 10:05:56.662056
Serial 1 Sent Value -173.79 @ 2023-06-02 10:05:56.662161
Serial 0 Sent Value -383.89 @ 2023-06-02 10:05:56.662302
Serial 2 Received Value 16.11 @ 2023-06-02 10:05:56.662545
Serial 2 Sent Value 16.11 @ 2023-06-02 10:05:56.662730
Serial 1 Received Value -163.69 @ 2023-06-02 10:05:56.665836
Serial 0 Received Value -373.79 @ 2023-06-02 10:05:56.666132
Serial 1 Sent Value -163.69 @ 2023-06-02 10:05:56.666243
Serial 0 Sent Value -373.79 @ 2023-06-02 10:05:56.666400
Serial 2 Received Value 26.21 @ 2023-06-02 10:05:56.666645
Serial 2 Sent Value 26.21 @ 2023-06-02 10:05:56.666773
Serial 1 Received Value -153.59 @ 2023-06-02 10:05:56.669928
Serial 0 Received Value -363.69 @ 2023-06-02 10:05:56.670224
Serial 1 Sent Value -153.59 @ 2023-06-02 10:05:56.670345
Serial 0 Sent Value -363.69 @ 2023-06-02 10:05:56.670504
Serial 2 Received Value 36.31 @ 2023-06-02 10:05:56.670749
Serial 2 Sent Value 36.31 @ 2023-06-02 10:05:56.670870
Serial 1 Received Value -143.49 @ 2023-06-02 10:05:56.674031
Serial 0 Received Value -353.59 @ 2023-06-02 10:05:56.674327
Serial 1 Sent Value -143.49 @ 2023-06-02 10:05:56.674432
Serial 0 Sent Value -353.59 @ 2023-06-02 10:05:56.674555
Serial 2 Received Value 46.41 @ 2023-06-02 10:05:56.674819
Serial 2 Sent Value 46.41 @ 2023-06-02 10:05:56.674947
Serial 1 Received Value -133.39 @ 2023-06-02 10:05:56.678144
Serial 0 Received Value -343.49 @ 2023-06-02 10:05:56.678445
Serial 1 Sent Value -133.39 @ 2023-06-02 10:05:56.678557
Serial 0 Sent Value -343.49 @ 2023-06-02 10:05:56.678761
Serial 2 Received Value 56.51 @ 2023-06-02 10:05:56.679011
Serial 2 Sent Value 56.51 @ 2023-06-02 10:05:56.679152
Serial 1 Received Value -123.29 @ 2023-06-02 10:05:56.682233
Serial 0 Received Value -333.39 @ 2023-06-02 10:05:56.682529
Serial 1 Sent Value -123.29 @ 2023-06-02 10:05:56.682739
Serial 2 Received Value 66.61 @ 2023-06-02 10:05:56.682989
Serial 0 Sent Value -333.39 @ 2023-06-02 10:05:56.683094
Serial 2 Sent Value 66.61 @ 2023-06-02 10:05:56.683220
Serial 1 Received Value -113.19 @ 2023-06-02 10:05:56.686302
Serial 0 Received Value -323.29 @ 2023-06-02 10:05:56.686597
Serial 1 Sent Value -113.19 @ 2023-06-02 10:05:56.686735
Serial 0 Sent Value -323.29 @ 2023-06-02 10:05:56.686883
Serial 2 Received Value 76.71 @ 2023-06-02 10:05:56.687142
Serial 2 Sent Value 76.71 @ 2023-06-02 10:05:56.687268
Serial 1 Received Value -103.09 @ 2023-06-02 10:05:56.690418
Serial 0 Received Value -313.19 @ 2023-06-02 10:05:56.690712
Serial 1 Sent Value -103.09 @ 2023-06-02 10:05:56.690825
Serial 0 Sent Value -313.19 @ 2023-06-02 10:05:56.690947
Serial 2 Received Value 86.81 @ 2023-06-02 10:05:56.691220
Serial 2 Sent Value 86.81 @ 2023-06-02 10:05:56.691348
Serial 1 Received Value -92.99 @ 2023-06-02 10:05:56.694462
Serial 0 Received Value -303.09 @ 2023-06-02 10:05:56.694761
Serial 1 Sent Value -92.99 @ 2023-06-02 10:05:56.694878
Serial 0 Sent Value -303.09 @ 2023-06-02 10:05:56.695011
Serial 2 Received Value 96.91 @ 2023-06-02 10:05:56.695782
Serial 2 Sent Value 96.91 @ 2023-06-02 10:05:56.697228
Serial 1 Received Value -82.89 @ 2023-06-02 10:05:56.699266
Serial 2 Received Value 107.01 @ 2023-06-02 10:05:56.699756
Serial 0 Received Value -292.99 @ 2023-06-02 10:05:56.700114
Serial 1 Sent Value -82.89 @ 2023-06-02 10:05:56.700358
Serial 2 Sent Value 107.01 @ 2023-06-02 10:05:56.700502
Serial 0 Sent Value -292.99 @ 2023-06-02 10:05:56.700761
Serial 1 Received Value -72.79 @ 2023-06-02 10:05:56.702822
Serial 0 Received Value -282.89 @ 2023-06-02 10:05:56.706707
Serial 1 Sent Value -72.79 @ 2023-06-02 10:05:56.706862
Serial 2 Received Value 117.11 @ 2023-06-02 10:05:56.707150
Serial 0 Sent Value -282.89 @ 2023-06-02 10:05:56.707268
Serial 2 Sent Value 117.11 @ 2023-06-02 10:05:56.707388
Serial 1 Received Value -62.69 @ 2023-06-02 10:05:56.710906
Serial 0 Received Value -272.79 @ 2023-06-02 10:05:56.711240
Serial 1 Sent Value -62.69 @ 2023-06-02 10:05:56.711365
Serial 0 Sent Value -272.79 @ 2023-06-02 10:05:56.711504
Serial 2 Received Value 127.21 @ 2023-06-02 10:05:56.711823
Serial 2 Sent Value 127.21 @ 2023-06-02 10:05:56.711953
Serial 1 Received Value -52.59 @ 2023-06-02 10:05:56.714984
Serial 0 Received Value -262.69 @ 2023-06-02 10:05:56.715297
Serial 1 Sent Value -52.59 @ 2023-06-02 10:05:56.715406
Serial 0 Sent Value -262.69 @ 2023-06-02 10:05:56.715569
Serial 2 Received Value 137.31 @ 2023-06-02 10:05:56.715843
Serial 2 Sent Value 137.31 @ 2023-06-02 10:05:56.715974
Serial 1 Received Value -42.49 @ 2023-06-02 10:05:56.719075
Serial 0 Received Value -252.59 @ 2023-06-02 10:05:56.719374
Serial 1 Sent Value -42.49 @ 2023-06-02 10:05:56.719479
Serial 0 Sent Value -252.59 @ 2023-06-02 10:05:56.719601
Serial 2 Received Value 147.41 @ 2023-06-02 10:05:56.719890
Serial 2 Sent Value 147.41 @ 2023-06-02 10:05:56.720012
Serial 1 Received Value -32.39 @ 2023-06-02 10:05:56.723156
Serial 0 Received Value -242.49 @ 2023-06-02 10:05:56.723452
Serial 1 Sent Value -32.39 @ 2023-06-02 10:05:56.723566
Serial 0 Sent Value -242.49 @ 2023-06-02 10:05:56.723781
Serial 2 Received Value 157.51 @ 2023-06-02 10:05:56.724055
Serial 2 Sent Value 157.51 @ 2023-06-02 10:05:56.724179
Serial 1 Received Value -22.29 @ 2023-06-02 10:05:56.727258
Serial 0 Received Value -232.39 @ 2023-06-02 10:05:56.727560
Serial 1 Sent Value -22.29 @ 2023-06-02 10:05:56.727746
Serial 0 Sent Value -232.39 @ 2023-06-02 10:05:56.727883
Serial 2 Received Value 167.61 @ 2023-06-02 10:05:56.728159
Serial 2 Sent Value 167.61 @ 2023-06-02 10:05:56.728284
Serial 1 Received Value -12.19 @ 2023-06-02 10:05:56.731333
Serial 0 Received Value -222.29 @ 2023-06-02 10:05:56.731632
Serial 1 Sent Value -12.19 @ 2023-06-02 10:05:56.731741
Serial 0 Sent Value -222.29 @ 2023-06-02 10:05:56.731857
Serial 2 Received Value 177.71 @ 2023-06-02 10:05:56.732145
Serial 2 Sent Value 177.71 @ 2023-06-02 10:05:56.732275
Serial 1 Received Value -2.09 @ 2023-06-02 10:05:56.735385
Serial 0 Received Value -212.19 @ 2023-06-02 10:05:56.735682
Serial 1 Sent Value -2.09 @ 2023-06-02 10:05:56.735785
Serial 0 Sent Value -212.19 @ 2023-06-02 10:05:56.735900
Serial 2 Received Value 187.81 @ 2023-06-02 10:05:56.736260
Serial 2 Sent Value 187.81 @ 2023-06-02 10:05:56.736383
Serial 1 Received Value 8.01 @ 2023-06-02 10:05:56.739472
Serial 0 Received Value -202.09 @ 2023-06-02 10:05:56.739770
Serial 1 Sent Value 8.01 @ 2023-06-02 10:05:56.739877
Serial 0 Sent Value -202.09 @ 2023-06-02 10:05:56.739993
Serial 2 Received Value 197.91 @ 2023-06-02 10:05:56.740330
Serial 2 Sent Value 197.91 @ 2023-06-02 10:05:56.740455
Serial 1 Received Value 18.11 @ 2023-06-02 10:05:56.743589
Serial 0 Received Value -191.99 @ 2023-06-02 10:05:56.743886
Serial 1 Sent Value 18.11 @ 2023-06-02 10:05:56.743993
Serial 0 Sent Value -191.99 @ 2023-06-02 10:05:56.744111
Serial 2 Received Value 208.01 @ 2023-06-02 10:05:56.744426
Serial 2 Sent Value 208.01 @ 2023-06-02 10:05:56.744554
Serial 1 Received Value 28.21 @ 2023-06-02 10:05:56.747689
Serial 0 Received Value -181.89 @ 2023-06-02 10:05:56.747983
Serial 1 Sent Value 28.21 @ 2023-06-02 10:05:56.748087
Serial 0 Sent Value -181.89 @ 2023-06-02 10:05:56.748206
Serial 2 Received Value 218.11 @ 2023-06-02 10:05:56.748517
Serial 2 Sent Value 218.11 @ 2023-06-02 10:05:56.748746
Serial 1 Received Value 38.31 @ 2023-06-02 10:05:56.751891
Serial 0 Received Value -171.79 @ 2023-06-02 10:05:56.752203
Serial 1 Sent Value 38.31 @ 2023-06-02 10:05:56.752361
Serial 2 Received Value 228.21 @ 2023-06-02 10:05:56.752630
Serial 0 Sent Value -171.79 @ 2023-06-02 10:05:56.752743
Serial 2 Sent Value 228.21 @ 2023-06-02 10:05:56.752863
Serial 1 Received Value 48.41 @ 2023-06-02 10:05:56.755910
Serial 0 Received Value -161.69 @ 2023-06-02 10:05:56.756207
Serial 1 Sent Value 48.41 @ 2023-06-02 10:05:56.756317
Serial 0 Sent Value -161.69 @ 2023-06-02 10:05:56.756441
Serial 2 Received Value 238.31 @ 2023-06-02 10:05:56.756730
Serial 2 Sent Value 238.31 @ 2023-06-02 10:05:56.756859
Serial 1 Received Value 58.51 @ 2023-06-02 10:05:56.759973
Serial 0 Received Value -151.59 @ 2023-06-02 10:05:56.760269
Serial 1 Sent Value 58.51 @ 2023-06-02 10:05:56.760372
Serial 0 Sent Value -151.59 @ 2023-06-02 10:05:56.760491
Serial 2 Received Value 248.41 @ 2023-06-02 10:05:56.760832
Serial 2 Sent Value 248.41 @ 2023-06-02 10:05:56.760958
Serial 1 Received Value 68.61 @ 2023-06-02 10:05:56.764096
Serial 0 Received Value -141.49 @ 2023-06-02 10:05:56.764397
Serial 1 Sent Value 68.61 @ 2023-06-02 10:05:56.764505
Serial 0 Sent Value -141.49 @ 2023-06-02 10:05:56.764771
Serial 2 Received Value 258.51 @ 2023-06-02 10:05:56.765045
Serial 2 Sent Value 258.51 @ 2023-06-02 10:05:56.765169
Serial 1 Received Value 78.71 @ 2023-06-02 10:05:56.768163
Serial 0 Received Value -131.39 @ 2023-06-02 10:05:56.768461
Serial 1 Sent Value 78.71 @ 2023-06-02 10:05:56.768564
Serial 0 Sent Value -131.39 @ 2023-06-02 10:05:56.768746
Serial 2 Received Value 268.61 @ 2023-06-02 10:05:56.769036
Serial 2 Sent Value 268.61 @ 2023-06-02 10:05:56.769161
Serial 1 Received Value 88.81 @ 2023-06-02 10:05:56.772251
Serial 0 Received Value -121.29 @ 2023-06-02 10:05:56.772548
Serial 1 Sent Value 88.81 @ 2023-06-02 10:05:56.772745
Serial 0 Sent Value -121.29 @ 2023-06-02 10:05:56.772905
Serial 2 Received Value 278.71 @ 2023-06-02 10:05:56.773178
Serial 2 Sent Value 278.71 @ 2023-06-02 10:05:56.773302
Serial 1 Received Value 98.91 @ 2023-06-02 10:05:56.776366
Serial 0 Received Value -111.19 @ 2023-06-02 10:05:56.776664
Serial 1 Sent Value 98.91 @ 2023-06-02 10:05:56.776778
Serial 0 Sent Value -111.19 @ 2023-06-02 10:05:56.776895
Serial 2 Received Value 288.81 @ 2023-06-02 10:05:56.777182
Serial 2 Sent Value 288.81 @ 2023-06-02 10:05:56.777302
Serial 1 Received Value 109.01 @ 2023-06-02 10:05:56.780469
Serial 0 Received Value -101.09 @ 2023-06-02 10:05:56.780767
Serial 1 Sent Value 109.01 @ 2023-06-02 10:05:56.780869
Serial 0 Sent Value -101.09 @ 2023-06-02 10:05:56.780983
Serial 2 Received Value 298.91 @ 2023-06-02 10:05:56.781272
Serial 2 Sent Value 298.91 @ 2023-06-02 10:05:56.781394
Serial 1 Received Value 119.11 @ 2023-06-02 10:05:56.784595
Serial 0 Received Value -90.99 @ 2023-06-02 10:05:56.784863
Serial 1 Sent Value 119.11 @ 2023-06-02 10:05:56.784979
Serial 0 Sent Value -90.99 @ 2023-06-02 10:05:56.785100
Serial 2 Received Value 309.01 @ 2023-06-02 10:05:56.785389
Serial 2 Sent Value 309.01 @ 2023-06-02 10:05:56.785509
Serial 1 Received Value 129.21 @ 2023-06-02 10:05:56.788677
Serial 0 Received Value -80.89 @ 2023-06-02 10:05:56.788947
Serial 1 Sent Value 129.21 @ 2023-06-02 10:05:56.789055
Serial 0 Sent Value -80.89 @ 2023-06-02 10:05:56.789183
Serial 2 Received Value 319.11 @ 2023-06-02 10:05:56.789470
Serial 2 Sent Value 319.11 @ 2023-06-02 10:05:56.789590
Serial 1 Received Value 139.31 @ 2023-06-02 10:05:56.792777
Serial 0 Received Value -70.79 @ 2023-06-02 10:05:56.793048
Serial 1 Sent Value 139.31 @ 2023-06-02 10:05:56.793154
Serial 0 Sent Value -70.79 @ 2023-06-02 10:05:56.793272
Serial 2 Received Value 329.21 @ 2023-06-02 10:05:56.793589
Serial 2 Sent Value 329.21 @ 2023-06-02 10:05:56.793748
Serial 1 Received Value 149.41 @ 2023-06-02 10:05:56.796877
Serial 0 Received Value -60.69 @ 2023-06-02 10:05:56.797148
Serial 1 Sent Value 149.41 @ 2023-06-02 10:05:56.797409
Serial 2 Received Value 339.31 @ 2023-06-02 10:05:56.797704
Serial 0 Sent Value -60.69 @ 2023-06-02 10:05:56.797819
Serial 2 Sent Value 339.31 @ 2023-06-02 10:05:56.797938
Serial 1 Received Value 159.51 @ 2023-06-02 10:05:56.801019
Serial 0 Received Value -50.59 @ 2023-06-02 10:05:56.801381
Serial 1 Sent Value 159.51 @ 2023-06-02 10:05:56.801542
Serial 2 Received Value 349.41 @ 2023-06-02 10:05:56.801841
Serial 0 Sent Value -50.59 @ 2023-06-02 10:05:56.801973
Serial 2 Sent Value 349.41 @ 2023-06-02 10:05:56.802093
Serial 1 Received Value 169.61 @ 2023-06-02 10:05:56.805063
Serial 0 Received Value -40.49 @ 2023-06-02 10:05:56.805332
Serial 1 Sent Value 169.61 @ 2023-06-02 10:05:56.805438
Serial 0 Sent Value -40.49 @ 2023-06-02 10:05:56.805555
Serial 2 Received Value 359.51 @ 2023-06-02 10:05:56.805869
Serial 2 Sent Value 359.51 @ 2023-06-02 10:05:56.805989
Serial 1 Received Value 179.71 @ 2023-06-02 10:05:56.809138
Serial 0 Received Value -30.39 @ 2023-06-02 10:05:56.809407
Serial 1 Sent Value 179.71 @ 2023-06-02 10:05:56.809535
Serial 0 Sent Value -30.39 @ 2023-06-02 10:05:56.809782
Serial 2 Received Value 369.61 @ 2023-06-02 10:05:56.810055
Serial 2 Sent Value 369.61 @ 2023-06-02 10:05:56.810181
Serial 1 Received Value 189.81 @ 2023-06-02 10:05:56.813272
Serial 0 Received Value -20.29 @ 2023-06-02 10:05:56.813541
Serial 1 Sent Value 189.81 @ 2023-06-02 10:05:56.813752
Serial 0 Sent Value -20.29 @ 2023-06-02 10:05:56.813898
Serial 2 Received Value 379.71 @ 2023-06-02 10:05:56.814169
Serial 2 Sent Value 379.71 @ 2023-06-02 10:05:56.814291
Serial 1 Received Value 199.91 @ 2023-06-02 10:05:56.817347
Serial 0 Received Value -10.19 @ 2023-06-02 10:05:56.817615
Serial 1 Sent Value 199.91 @ 2023-06-02 10:05:56.817756
Serial 0 Sent Value -10.19 @ 2023-06-02 10:05:56.817878
Serial 2 Received Value 389.81 @ 2023-06-02 10:05:56.818167
Serial 2 Sent Value 389.81 @ 2023-06-02 10:05:56.818291
Serial 1 Received Value 210.01 @ 2023-06-02 10:05:56.821437
Serial 0 Received Value -0.09 @ 2023-06-02 10:05:56.821678
Serial 1 Sent Value 210.01 @ 2023-06-02 10:05:56.821785
Serial 0 Sent Value -0.09 @ 2023-06-02 10:05:56.821904
Serial 2 Received Value 399.91 @ 2023-06-02 10:05:56.822241
Serial 2 Sent Value 399.91 @ 2023-06-02 10:05:56.822364
Serial 1 Received Value 220.11 @ 2023-06-02 10:05:56.825539
Serial 0 Received Value 10.01 @ 2023-06-02 10:05:56.825782
Serial 1 Sent Value 220.11 @ 2023-06-02 10:05:56.825883
Serial 0 Sent Value 10.01 @ 2023-06-02 10:05:56.826001
Serial 2 Received Value 410.01 @ 2023-06-02 10:05:56.826357
Serial 2 Sent Value 410.01 @ 2023-06-02 10:05:56.826493
Serial 1 Received Value 230.21 @ 2023-06-02 10:05:56.829636
Serial 0 Received Value 20.11 @ 2023-06-02 10:05:56.829875
Serial 1 Sent Value 230.21 @ 2023-06-02 10:05:56.829990
Serial 0 Sent Value 20.11 @ 2023-06-02 10:05:56.830113
Serial 2 Received Value 420.11 @ 2023-06-02 10:05:56.830448
Serial 2 Sent Value 420.11 @ 2023-06-02 10:05:56.830572
Serial 1 Received Value 240.31 @ 2023-06-02 10:05:56.833723
Serial 0 Received Value 30.21 @ 2023-06-02 10:05:56.833965
Serial 1 Sent Value 240.31 @ 2023-06-02 10:05:56.834070
Serial 0 Sent Value 30.21 @ 2023-06-02 10:05:56.834188
Serial 2 Received Value 430.21 @ 2023-06-02 10:05:56.834520
Serial 2 Sent Value 430.21 @ 2023-06-02 10:05:56.834752
Serial 1 Received Value 250.41 @ 2023-06-02 10:05:56.837821
Serial 0 Received Value 40.31 @ 2023-06-02 10:05:56.838061
Serial 1 Sent Value 250.41 @ 2023-06-02 10:05:56.838166
Serial 0 Sent Value 40.31 @ 2023-06-02 10:05:56.838283
Serial 2 Received Value 440.31 @ 2023-06-02 10:05:56.838616
Serial 2 Sent Value 440.31 @ 2023-06-02 10:05:56.838752
Serial 1 Received Value 260.51 @ 2023-06-02 10:05:56.841930
Serial 0 Received Value 50.41 @ 2023-06-02 10:05:56.842171
Serial 1 Sent Value 260.51 @ 2023-06-02 10:05:56.842276
Serial 0 Sent Value 50.41 @ 2023-06-02 10:05:56.842393
Serial 2 Received Value 450.41 @ 2023-06-02 10:05:56.842727
Serial 2 Sent Value 450.41 @ 2023-06-02 10:05:56.842862
Serial 1 Received Value 270.61 @ 2023-06-02 10:05:56.846011
Serial 0 Received Value 60.51 @ 2023-06-02 10:05:56.846249
Serial 1 Sent Value 270.61 @ 2023-06-02 10:05:56.846349
Serial 0 Sent Value 60.51 @ 2023-06-02 10:05:56.846472
Serial 2 Received Value 460.51 @ 2023-06-02 10:05:56.846827
Serial 2 Sent Value 460.51 @ 2023-06-02 10:05:56.846945
Serial 1 Received Value 280.71 @ 2023-06-02 10:05:56.850103
Serial 0 Received Value 70.61 @ 2023-06-02 10:05:56.850348
Serial 1 Sent Value 280.71 @ 2023-06-02 10:05:56.850449
Serial 0 Sent Value 70.61 @ 2023-06-02 10:05:56.850566
Serial 2 Received Value 470.61 @ 2023-06-02 10:05:56.850986
Serial 2 Sent Value 470.61 @ 2023-06-02 10:05:56.851124
Serial 1 Received Value 290.81 @ 2023-06-02 10:05:56.854275
Serial 0 Received Value 80.71 @ 2023-06-02 10:05:56.854532
Serial 1 Sent Value 290.81 @ 2023-06-02 10:05:56.854790
Serial 2 Received Value 480.71 @ 2023-06-02 10:05:56.855085
Serial 0 Sent Value 80.71 @ 2023-06-02 10:05:56.855199
Serial 2 Sent Value 480.71 @ 2023-06-02 10:05:56.855323
Serial 1 Received Value 300.91 @ 2023-06-02 10:05:56.858301
Serial 0 Received Value 90.81 @ 2023-06-02 10:05:56.858550
Serial 1 Sent Value 300.91 @ 2023-06-02 10:05:56.858759
Serial 0 Sent Value 90.81 @ 2023-06-02 10:05:56.858923
Serial 2 Received Value 490.81 @ 2023-06-02 10:05:56.859218
Serial 2 Sent Value 490.81 @ 2023-06-02 10:05:56.859353
Serial 1 Received Value 311.01 @ 2023-06-02 10:05:56.862392
Serial 0 Received Value 100.91 @ 2023-06-02 10:05:56.862664
Serial 1 Sent Value 311.01 @ 2023-06-02 10:05:56.862768
Serial 0 Sent Value 100.91 @ 2023-06-02 10:05:56.862887
Serial 2 Received Value 500.91 @ 2023-06-02 10:05:56.863285
Serial 2 Sent Value 500.91 @ 2023-06-02 10:05:56.863407
Serial 1 Received Value 321.11 @ 2023-06-02 10:05:56.866499
Serial 0 Received Value 111.01 @ 2023-06-02 10:05:56.866769
Serial 1 Sent Value 321.11 @ 2023-06-02 10:05:56.866872
Serial 0 Sent Value 111.01 @ 2023-06-02 10:05:56.866997
Serial 2 Received Value 511.01 @ 2023-06-02 10:05:56.867305
Serial 2 Sent Value 511.01 @ 2023-06-02 10:05:56.867433
Serial 1 Received Value 331.21 @ 2023-06-02 10:05:56.870618
Serial 0 Received Value 121.11 @ 2023-06-02 10:05:56.870885
Serial 1 Sent Value 331.21 @ 2023-06-02 10:05:56.870997
Serial 0 Sent Value 121.11 @ 2023-06-02 10:05:56.871126
Serial 2 Received Value 521.11 @ 2023-06-02 10:05:56.871417
Serial 2 Sent Value 521.11 @ 2023-06-02 10:05:56.871545
Serial 1 Received Value 341.31 @ 2023-06-02 10:05:56.874689
Serial 0 Received Value 131.21 @ 2023-06-02 10:05:56.874957
Serial 1 Sent Value 341.31 @ 2023-06-02 10:05:56.875062
Serial 0 Sent Value 131.21 @ 2023-06-02 10:05:56.875182
Serial 2 Received Value 531.21 @ 2023-06-02 10:05:56.875495
Serial 2 Sent Value 531.21 @ 2023-06-02 10:05:56.875623
Serial 1 Received Value 351.41 @ 2023-06-02 10:05:56.878776
Serial 0 Received Value 141.31 @ 2023-06-02 10:05:56.879059
Serial 1 Sent Value 351.41 @ 2023-06-02 10:05:56.879164
Serial 0 Sent Value 141.31 @ 2023-06-02 10:05:56.879279
Serial 2 Received Value 541.31 @ 2023-06-02 10:05:56.879568
Serial 2 Sent Value 541.31 @ 2023-06-02 10:05:56.879763
Serial 1 Received Value 361.51 @ 2023-06-02 10:05:56.882886
Serial 0 Received Value 151.41 @ 2023-06-02 10:05:56.883168
Serial 1 Sent Value 361.51 @ 2023-06-02 10:05:56.883273
Serial 0 Sent Value 151.41 @ 2023-06-02 10:05:56.883389
Serial 2 Received Value 551.41 @ 2023-06-02 10:05:56.883701
Serial 2 Sent Value 551.41 @ 2023-06-02 10:05:56.883824
Serial 1 Received Value 371.61 @ 2023-06-02 10:05:56.886985
Serial 0 Received Value 161.51 @ 2023-06-02 10:05:56.887267
Serial 1 Sent Value 371.61 @ 2023-06-02 10:05:56.887373
Serial 0 Sent Value 161.51 @ 2023-06-02 10:05:56.887501
Serial 2 Received Value 561.51 @ 2023-06-02 10:05:56.887789
Serial 2 Sent Value 561.51 @ 2023-06-02 10:05:56.887912
Serial 1 Received Value 381.71 @ 2023-06-02 10:05:56.891065
Serial 0 Received Value 171.61 @ 2023-06-02 10:05:56.891332
Serial 1 Sent Value 381.71 @ 2023-06-02 10:05:56.891437
Serial 0 Sent Value 171.61 @ 2023-06-02 10:05:56.891560
Serial 2 Received Value 571.61 @ 2023-06-02 10:05:56.891873
Serial 2 Sent Value 571.61 @ 2023-06-02 10:05:56.892001
Serial 1 Received Value 391.81 @ 2023-06-02 10:05:56.895218
Serial 0 Received Value 181.71 @ 2023-06-02 10:05:56.895492
Serial 1 Sent Value 391.81 @ 2023-06-02 10:05:56.895613
Serial 0 Sent Value 181.71 @ 2023-06-02 10:05:56.895795
Serial 2 Received Value 581.71 @ 2023-06-02 10:05:56.896069
Serial 2 Sent Value 581.71 @ 2023-06-02 10:05:56.896191
Serial 1 Received Value 401.91 @ 2023-06-02 10:05:56.899301
Serial 0 Received Value 191.81 @ 2023-06-02 10:05:56.899574
Serial 1 Sent Value 401.91 @ 2023-06-02 10:05:56.899771
Serial 0 Sent Value 191.81 @ 2023-06-02 10:05:56.899900
Serial 2 Received Value 591.81 @ 2023-06-02 10:05:56.900177
Serial 2 Sent Value 591.81 @ 2023-06-02 10:05:56.900302
Serial 1 Received Value 412.01 @ 2023-06-02 10:05:56.903448
Serial 0 Received Value 201.91 @ 2023-06-02 10:05:56.903729
Serial 1 Sent Value 412.01 @ 2023-06-02 10:05:56.903863
Serial 0 Sent Value 201.91 @ 2023-06-02 10:05:56.904001
Serial 2 Received Value 601.91 @ 2023-06-02 10:05:56.904278
Serial 2 Sent Value 601.91 @ 2023-06-02 10:05:56.904411
Serial 1 Received Value 422.11 @ 2023-06-02 10:05:56.907458
Serial 0 Received Value 212.01 @ 2023-06-02 10:05:56.907728
Serial 1 Sent Value 422.11 @ 2023-06-02 10:05:56.907831
Serial 0 Sent Value 212.01 @ 2023-06-02 10:05:56.907951
Serial 2 Received Value 612.01 @ 2023-06-02 10:05:56.908265
Serial 2 Sent Value 612.01 @ 2023-06-02 10:05:56.908382
Serial 1 Received Value 432.21 @ 2023-06-02 10:05:56.911562
Serial 0 Received Value 222.11 @ 2023-06-02 10:05:56.911833
Serial 1 Sent Value 432.21 @ 2023-06-02 10:05:56.911938
Serial 0 Sent Value 222.11 @ 2023-06-02 10:05:56.912062
Serial 2 Received Value 622.11 @ 2023-06-02 10:05:56.912353
Serial 2 Sent Value 622.11 @ 2023-06-02 10:05:56.912479
Serial 1 Received Value 442.31 @ 2023-06-02 10:05:56.915653
Serial 0 Received Value 232.21 @ 2023-06-02 10:05:56.915920
Serial 1 Sent Value 442.31 @ 2023-06-02 10:05:56.916024
Serial 0 Sent Value 232.21 @ 2023-06-02 10:05:56.916146
Serial 2 Received Value 632.21 @ 2023-06-02 10:05:56.916479
Serial 2 Sent Value 632.21 @ 2023-06-02 10:05:56.916608
Serial 1 Received Value 452.41 @ 2023-06-02 10:05:56.919741
Serial 0 Received Value 242.31 @ 2023-06-02 10:05:56.920010
Serial 1 Sent Value 452.41 @ 2023-06-02 10:05:56.920118
Serial 0 Sent Value 242.31 @ 2023-06-02 10:05:56.920236
Serial 2 Received Value 642.31 @ 2023-06-02 10:05:56.920524
Serial 2 Sent Value 642.31 @ 2023-06-02 10:05:56.920768
Serial 1 Received Value 462.51 @ 2023-06-02 10:05:56.923818
Serial 0 Received Value 252.41 @ 2023-06-02 10:05:56.924087
Serial 1 Sent Value 462.51 @ 2023-06-02 10:05:56.924190
Serial 0 Sent Value 252.41 @ 2023-06-02 10:05:56.924308
Serial 2 Received Value 652.41 @ 2023-06-02 10:05:56.924643
Serial 2 Sent Value 652.41 @ 2023-06-02 10:05:56.924766
Serial 1 Received Value 472.61 @ 2023-06-02 10:05:56.927915
Serial 0 Received Value 262.51 @ 2023-06-02 10:05:56.928182
Serial 1 Sent Value 472.61 @ 2023-06-02 10:05:56.928284
Serial 0 Sent Value 262.51 @ 2023-06-02 10:05:56.928398
Serial 2 Received Value 662.51 @ 2023-06-02 10:05:56.928734
Serial 2 Sent Value 662.51 @ 2023-06-02 10:05:56.928860
Serial 1 Received Value 482.71 @ 2023-06-02 10:05:56.932049
Serial 0 Received Value 272.61 @ 2023-06-02 10:05:56.932316
Serial 1 Sent Value 482.71 @ 2023-06-02 10:05:56.932426
Serial 0 Sent Value 272.61 @ 2023-06-02 10:05:56.932544
Serial 2 Received Value 672.61 @ 2023-06-02 10:05:56.932832
Serial 2 Sent Value 672.61 @ 2023-06-02 10:05:56.932952
Serial 1 Received Value 492.81 @ 2023-06-02 10:05:56.936138
Serial 0 Received Value 282.71 @ 2023-06-02 10:05:56.936405
Serial 1 Sent Value 492.81 @ 2023-06-02 10:05:56.936519
Serial 0 Sent Value 282.71 @ 2023-06-02 10:05:56.936809
Serial 2 Received Value 682.71 @ 2023-06-02 10:05:56.937082
Serial 2 Sent Value 682.71 @ 2023-06-02 10:05:56.937206
Serial 1 Received Value 502.91 @ 2023-06-02 10:05:56.940214
Serial 0 Received Value 292.81 @ 2023-06-02 10:05:56.940482
Serial 1 Sent Value 502.91 @ 2023-06-02 10:05:56.940589
Serial 0 Sent Value 292.81 @ 2023-06-02 10:05:56.940784
Serial 2 Received Value 692.81 @ 2023-06-02 10:05:56.941060
Serial 2 Sent Value 692.81 @ 2023-06-02 10:05:56.941189
Serial 1 Received Value 513.01 @ 2023-06-02 10:05:56.944320
Serial 0 Received Value 302.91 @ 2023-06-02 10:05:56.944592
Serial 1 Sent Value 513.01 @ 2023-06-02 10:05:56.944772
Serial 0 Sent Value 302.91 @ 2023-06-02 10:05:56.944887
Serial 2 Received Value 702.91 @ 2023-06-02 10:05:56.945179
Serial 2 Sent Value 702.91 @ 2023-06-02 10:05:56.945302
Serial 1 Received Value 523.11 @ 2023-06-02 10:05:56.948421
Serial 0 Received Value 313.01 @ 2023-06-02 10:05:56.948690
Serial 1 Sent Value 523.11 @ 2023-06-02 10:05:56.948799
Serial 0 Sent Value 313.01 @ 2023-06-02 10:05:56.948920
Serial 2 Received Value 713.01 @ 2023-06-02 10:05:56.949231
Serial 2 Sent Value 713.01 @ 2023-06-02 10:05:56.949363
Serial 1 Received Value 533.21 @ 2023-06-02 10:05:56.952621
Serial 0 Received Value 323.11 @ 2023-06-02 10:05:56.952908
Serial 1 Sent Value 533.21 @ 2023-06-02 10:05:56.953063
Serial 2 Received Value 723.11 @ 2023-06-02 10:05:56.953331
Serial 0 Sent Value 323.11 @ 2023-06-02 10:05:56.953441
Serial 2 Sent Value 723.11 @ 2023-06-02 10:05:56.953561
Serial 1 Received Value 543.31 @ 2023-06-02 10:05:56.956599
Serial 0 Received Value 333.21 @ 2023-06-02 10:05:56.956869
Serial 1 Sent Value 543.31 @ 2023-06-02 10:05:56.956975
Serial 0 Sent Value 333.21 @ 2023-06-02 10:05:56.957100
Serial 2 Received Value 733.21 @ 2023-06-02 10:05:56.957416
Serial 2 Sent Value 733.21 @ 2023-06-02 10:05:56.957541
Serial 1 Received Value 553.41 @ 2023-06-02 10:05:56.960682
Serial 0 Received Value 343.31 @ 2023-06-02 10:05:56.960952
Serial 1 Sent Value 553.41 @ 2023-06-02 10:05:56.961062
Serial 0 Sent Value 343.31 @ 2023-06-02 10:05:56.961218
Serial 2 Received Value 743.31 @ 2023-06-02 10:05:56.961507
Serial 2 Sent Value 743.31 @ 2023-06-02 10:05:56.961633
Serial 1 Received Value 563.51 @ 2023-06-02 10:05:56.964784
Serial 0 Received Value 353.41 @ 2023-06-02 10:05:56.965054
Serial 1 Sent Value 563.51 @ 2023-06-02 10:05:56.965157
Serial 0 Sent Value 353.41 @ 2023-06-02 10:05:56.965277
Serial 2 Received Value 753.41 @ 2023-06-02 10:05:56.965590
Serial 2 Sent Value 753.41 @ 2023-06-02 10:05:56.965773
Serial 1 Received Value 573.61 @ 2023-06-02 10:05:56.968896
Serial 0 Received Value 363.51 @ 2023-06-02 10:05:56.969170
Serial 1 Sent Value 573.61 @ 2023-06-02 10:05:56.969276
Serial 0 Sent Value 363.51 @ 2023-06-02 10:05:56.969391
Serial 2 Received Value 763.51 @ 2023-06-02 10:05:56.969680
Serial 2 Sent Value 763.51 @ 2023-06-02 10:05:56.969803
Serial 1 Received Value 583.71 @ 2023-06-02 10:05:56.973015
Serial 0 Received Value 373.61 @ 2023-06-02 10:05:56.973284
Serial 1 Sent Value 583.71 @ 2023-06-02 10:05:56.973389
Serial 0 Sent Value 373.61 @ 2023-06-02 10:05:56.973509
Serial 2 Received Value 773.61 @ 2023-06-02 10:05:56.973798
Serial 2 Sent Value 773.61 @ 2023-06-02 10:05:56.973920
Serial 1 Received Value 593.81 @ 2023-06-02 10:05:56.977081
Serial 0 Received Value 383.71 @ 2023-06-02 10:05:56.977349
Serial 1 Sent Value 593.81 @ 2023-06-02 10:05:56.977454
Serial 0 Sent Value 383.71 @ 2023-06-02 10:05:56.977570
Serial 2 Received Value 783.71 @ 2023-06-02 10:05:56.977883
Serial 2 Sent Value 783.71 @ 2023-06-02 10:05:56.978012
Serial 1 Received Value 603.91 @ 2023-06-02 10:05:56.981165
Serial 0 Received Value 393.81 @ 2023-06-02 10:05:56.981435
Serial 1 Sent Value 603.91 @ 2023-06-02 10:05:56.981537
Serial 0 Sent Value 393.81 @ 2023-06-02 10:05:56.981821
Serial 2 Received Value 793.81 @ 2023-06-02 10:05:56.982093
Serial 2 Sent Value 793.81 @ 2023-06-02 10:05:56.982215
Serial 1 Received Value 614.01 @ 2023-06-02 10:05:56.985261
Serial 0 Received Value 403.91 @ 2023-06-02 10:05:56.985529
Serial 1 Sent Value 614.01 @ 2023-06-02 10:05:56.985683
Serial 0 Sent Value 403.91 @ 2023-06-02 10:05:56.985800
Serial 2 Received Value 803.91 @ 2023-06-02 10:05:56.986088
Serial 2 Sent Value 803.91 @ 2023-06-02 10:05:56.986212
Serial 1 Received Value 624.11 @ 2023-06-02 10:05:56.989365
Serial 0 Received Value 414.01 @ 2023-06-02 10:05:56.989633
Serial 1 Sent Value 624.11 @ 2023-06-02 10:05:56.989777
Serial 0 Sent Value 414.01 @ 2023-06-02 10:05:56.989895
Serial 2 Received Value 814.01 @ 2023-06-02 10:05:56.990366
Serial 2 Sent Value 814.01 @ 2023-06-02 10:05:56.990538
Serial 1 Received Value 634.21 @ 2023-06-02 10:05:56.993459
Serial 0 Received Value 424.11 @ 2023-06-02 10:05:56.993730
Serial 1 Sent Value 634.21 @ 2023-06-02 10:05:56.993836
Serial 0 Sent Value 424.11 @ 2023-06-02 10:05:56.993954
Serial 2 Received Value 824.11 @ 2023-06-02 10:05:56.994268
Serial 2 Sent Value 824.11 @ 2023-06-02 10:05:56.994396
Serial 0 Received Value 434.21 @ 2023-06-02 10:05:56.998021
Serial 1 Received Value 644.31 @ 2023-06-02 10:05:56.998733
Serial 2 Received Value 834.21 @ 2023-06-02 10:05:56.999649
Serial 0 Sent Value 434.21 @ 2023-06-02 10:05:56.999929
Serial 1 Sent Value 644.31 @ 2023-06-02 10:05:57.000082
Serial 2 Sent Value 834.21 @ 2023-06-02 10:05:57.000209
Serial 0 Received Value 444.31 @ 2023-06-02 10:05:57.005750
Serial 1 Received Value 654.41 @ 2023-06-02 10:05:57.006062
Serial 2 Received Value 844.31 @ 2023-06-02 10:05:57.006326
Serial 0 Sent Value 444.31 @ 2023-06-02 10:05:57.006476
Serial 1 Sent Value 654.41 @ 2023-06-02 10:05:57.006589
Serial 2 Sent Value 844.31 @ 2023-06-02 10:05:57.006778
Serial 1 Received Value 664.51 @ 2023-06-02 10:05:57.009911
Serial 0 Received Value 454.41 @ 2023-06-02 10:05:57.010193
Serial 1 Sent Value 664.51 @ 2023-06-02 10:05:57.010325
Serial 0 Sent Value 454.41 @ 2023-06-02 10:05:57.010467
Serial 2 Received Value 854.41 @ 2023-06-02 10:05:57.010744
Serial 2 Sent Value 854.41 @ 2023-06-02 10:05:57.010870
Serial 1 Received Value 674.61 @ 2023-06-02 10:05:57.013940
Serial 0 Received Value 464.51 @ 2023-06-02 10:05:57.014210
Serial 1 Sent Value 674.61 @ 2023-06-02 10:05:57.014315
Serial 0 Sent Value 464.51 @ 2023-06-02 10:05:57.014430
Serial 2 Received Value 864.51 @ 2023-06-02 10:05:57.014764
Serial 2 Sent Value 864.51 @ 2023-06-02 10:05:57.014890
Serial 1 Received Value 684.71 @ 2023-06-02 10:05:57.018037
Serial 0 Received Value 474.61 @ 2023-06-02 10:05:57.018306
Serial 1 Sent Value 684.71 @ 2023-06-02 10:05:57.018417
Serial 0 Sent Value 474.61 @ 2023-06-02 10:05:57.018536
Serial 2 Received Value 874.61 @ 2023-06-02 10:05:57.018851
Serial 2 Sent Value 874.61 @ 2023-06-02 10:05:57.018973
Serial 1 Received Value 694.81 @ 2023-06-02 10:05:57.022125
Serial 0 Received Value 484.71 @ 2023-06-02 10:05:57.022395
Serial 1 Sent Value 694.81 @ 2023-06-02 10:05:57.022506
Serial 0 Sent Value 484.71 @ 2023-06-02 10:05:57.022625
Serial 2 Received Value 884.71 @ 2023-06-02 10:05:57.022939
Serial 2 Sent Value 884.71 @ 2023-06-02 10:05:57.023104
Serial 1 Received Value 704.91 @ 2023-06-02 10:05:57.026248
Serial 0 Received Value 494.81 @ 2023-06-02 10:05:57.026524
Serial 1 Sent Value 704.91 @ 2023-06-02 10:05:57.026650
Serial 0 Sent Value 494.81 @ 2023-06-02 10:05:57.026799
Serial 2 Received Value 894.81 @ 2023-06-02 10:05:57.027099
Serial 2 Sent Value 894.81 @ 2023-06-02 10:05:57.027224
Serial 1 Received Value 715.01 @ 2023-06-02 10:05:57.030320
Serial 0 Received Value 504.91 @ 2023-06-02 10:05:57.030592
Serial 1 Sent Value 715.01 @ 2023-06-02 10:05:57.030781
Serial 0 Sent Value 504.91 @ 2023-06-02 10:05:57.030906
Serial 2 Received Value 904.91 @ 2023-06-02 10:05:57.031214
Serial 2 Sent Value 904.91 @ 2023-06-02 10:05:57.031337
Serial 1 Received Value 725.11 @ 2023-06-02 10:05:57.034427
Serial 0 Received Value 515.01 @ 2023-06-02 10:05:57.034696
Serial 1 Sent Value 725.11 @ 2023-06-02 10:05:57.034801
Serial 0 Sent Value 515.01 @ 2023-06-02 10:05:57.034920
Serial 2 Received Value 915.01 @ 2023-06-02 10:05:57.035249
Serial 2 Sent Value 915.01 @ 2023-06-02 10:05:57.035375
Serial 1 Received Value 735.21 @ 2023-06-02 10:05:57.038524
Serial 0 Received Value 525.11 @ 2023-06-02 10:05:57.038793
Serial 1 Sent Value 735.21 @ 2023-06-02 10:05:57.038896
Serial 0 Sent Value 525.11 @ 2023-06-02 10:05:57.039028
Serial 2 Received Value 925.11 @ 2023-06-02 10:05:57.039346
Serial 2 Sent Value 925.11 @ 2023-06-02 10:05:57.039522
Serial 1 Received Value 745.31 @ 2023-06-02 10:05:57.042627
Serial 0 Received Value 535.21 @ 2023-06-02 10:05:57.042895
Serial 1 Sent Value 745.31 @ 2023-06-02 10:05:57.043003
Serial 0 Sent Value 535.21 @ 2023-06-02 10:05:57.043132
Serial 2 Received Value 935.21 @ 2023-06-02 10:05:57.043423
Serial 2 Sent Value 935.21 @ 2023-06-02 10:05:57.043544
Serial 1 Received Value 755.41 @ 2023-06-02 10:05:57.046704
Serial 0 Received Value 545.31 @ 2023-06-02 10:05:57.046972
Serial 1 Sent Value 755.41 @ 2023-06-02 10:05:57.047077
Serial 0 Sent Value 545.31 @ 2023-06-02 10:05:57.047195
Serial 2 Received Value 945.31 @ 2023-06-02 10:05:57.047531
Serial 2 Sent Value 945.31 @ 2023-06-02 10:05:57.047785
Serial 1 Received Value 765.51 @ 2023-06-02 10:05:57.050817
Serial 0 Received Value 555.41 @ 2023-06-02 10:05:57.051098
Serial 1 Sent Value 765.51 @ 2023-06-02 10:05:57.051207
Serial 0 Sent Value 555.41 @ 2023-06-02 10:05:57.051325
Serial 2 Received Value 955.41 @ 2023-06-02 10:05:57.051616
Serial 2 Sent Value 955.41 @ 2023-06-02 10:05:57.051783
Serial 1 Received Value 775.61 @ 2023-06-02 10:05:57.054990
Serial 0 Received Value 565.51 @ 2023-06-02 10:05:57.055304
Serial 1 Sent Value 775.61 @ 2023-06-02 10:05:57.055449
Serial 2 Received Value 965.51 @ 2023-06-02 10:05:57.055720
Serial 0 Sent Value 565.51 @ 2023-06-02 10:05:57.055831
Serial 2 Sent Value 965.51 @ 2023-06-02 10:05:57.055947
Serial 1 Received Value 785.71 @ 2023-06-02 10:05:57.059041
Serial 0 Received Value 575.61 @ 2023-06-02 10:05:57.059317
Serial 1 Sent Value 785.71 @ 2023-06-02 10:05:57.059425
Serial 0 Sent Value 575.61 @ 2023-06-02 10:05:57.059546
Serial 2 Received Value 975.61 @ 2023-06-02 10:05:57.059837
Serial 2 Sent Value 975.61 @ 2023-06-02 10:05:57.059960
Serial 1 Received Value 795.81 @ 2023-06-02 10:05:57.063111
Serial 0 Received Value 585.71 @ 2023-06-02 10:05:57.063381
Serial 1 Sent Value 795.81 @ 2023-06-02 10:05:57.063486
Serial 0 Sent Value 585.71 @ 2023-06-02 10:05:57.063605
Serial 2 Received Value 985.71 @ 2023-06-02 10:05:57.063914
Serial 2 Sent Value 985.71 @ 2023-06-02 10:05:57.064036
Serial 1 Received Value 805.91 @ 2023-06-02 10:05:57.067204
Serial 0 Received Value 595.81 @ 2023-06-02 10:05:57.067473
Serial 1 Sent Value 805.91 @ 2023-06-02 10:05:57.067580
Serial 0 Sent Value 595.81 @ 2023-06-02 10:05:57.067828
Serial 2 Received Value 995.81 @ 2023-06-02 10:05:57.068103
Serial 2 Sent Value 995.81 @ 2023-06-02 10:05:57.068236
Serial 1 Received Value 816.01 @ 2023-06-02 10:05:57.071364
Serial 0 Received Value 605.91 @ 2023-06-02 10:05:57.071639
Serial 1 Sent Value 816.01 @ 2023-06-02 10:05:57.071793
Serial 0 Sent Value 605.91 @ 2023-06-02 10:05:57.071933
Serial 2 Received Value 1005.91 @ 2023-06-02 10:05:57.072239
Serial 2 Sent Value 1005.91 @ 2023-06-02 10:05:57.072360
Serial 1 Received Value 826.11 @ 2023-06-02 10:05:57.075399
Serial 0 Received Value 616.01 @ 2023-06-02 10:05:57.075669
Serial 1 Sent Value 826.11 @ 2023-06-02 10:05:57.075789
Serial 0 Sent Value 616.01 @ 2023-06-02 10:05:57.075905
Serial 2 Received Value 1016.01 @ 2023-06-02 10:05:57.076224
Serial 2 Sent Value 1016.01 @ 2023-06-02 10:05:57.076351
Serial 1 Received Value 836.21 @ 2023-06-02 10:05:57.079481
Serial 0 Received Value 626.11 @ 2023-06-02 10:05:57.079753
Serial 1 Sent Value 836.21 @ 2023-06-02 10:05:57.079858
Serial 0 Sent Value 626.11 @ 2023-06-02 10:05:57.079969
Serial 2 Received Value 1026.11 @ 2023-06-02 10:05:57.080332
Serial 2 Sent Value 1026.11 @ 2023-06-02 10:05:57.080453
Serial 1 Received Value 846.31 @ 2023-06-02 10:05:57.083572
Serial 0 Received Value 636.21 @ 2023-06-02 10:05:57.083847
Serial 1 Sent Value 846.31 @ 2023-06-02 10:05:57.083952
Serial 0 Sent Value 636.21 @ 2023-06-02 10:05:57.084071
Serial 2 Received Value 1036.21 @ 2023-06-02 10:05:57.084435
Serial 2 Sent Value 1036.21 @ 2023-06-02 10:05:57.084577
Serial 1 Received Value 856.41 @ 2023-06-02 10:05:57.087665
Serial 0 Received Value 646.31 @ 2023-06-02 10:05:57.087936
Serial 1 Sent Value 856.41 @ 2023-06-02 10:05:57.088040
Serial 0 Sent Value 646.31 @ 2023-06-02 10:05:57.088156
Serial 2 Received Value 1046.31 @ 2023-06-02 10:05:57.088518
Serial 2 Sent Value 1046.31 @ 2023-06-02 10:05:57.088640
Serial 1 Received Value 866.51 @ 2023-06-02 10:05:57.091771
Serial 0 Received Value 656.41 @ 2023-06-02 10:05:57.092040
Serial 1 Sent Value 866.51 @ 2023-06-02 10:05:57.092299
Serial 2 Received Value 1056.41 @ 2023-06-02 10:05:57.092619
Serial 0 Sent Value 656.41 @ 2023-06-02 10:05:57.092792
Serial 2 Sent Value 1056.41 @ 2023-06-02 10:05:57.092910
Serial 1 Received Value 876.61 @ 2023-06-02 10:05:57.095859
Serial 0 Received Value 666.51 @ 2023-06-02 10:05:57.096128
Serial 1 Sent Value 876.61 @ 2023-06-02 10:05:57.096234
Serial 0 Sent Value 666.51 @ 2023-06-02 10:05:57.096347
Serial 2 Received Value 1066.51 @ 2023-06-02 10:05:57.096710
Serial 2 Sent Value 1066.51 @ 2023-06-02 10:05:57.096829
Serial 1 Received Value 886.71 @ 2023-06-02 10:05:57.099985
Serial 0 Received Value 676.61 @ 2023-06-02 10:05:57.100263
Serial 1 Sent Value 886.71 @ 2023-06-02 10:05:57.100390
Serial 0 Sent Value 676.61 @ 2023-06-02 10:05:57.100510
Serial 2 Received Value 1076.61 @ 2023-06-02 10:05:57.100835
Serial 2 Sent Value 1076.61 @ 2023-06-02 10:05:57.100960
Serial 1 Received Value 896.81 @ 2023-06-02 10:05:57.104115
Serial 0 Received Value 686.71 @ 2023-06-02 10:05:57.104396
Serial 1 Sent Value 896.81 @ 2023-06-02 10:05:57.104521
Serial 0 Sent Value 686.71 @ 2023-06-02 10:05:57.104684
Serial 2 Received Value 1086.71 @ 2023-06-02 10:05:57.104990
Serial 2 Sent Value 1086.71 @ 2023-06-02 10:05:57.105115
Serial 1 Received Value 906.91 @ 2023-06-02 10:05:57.108194
Serial 0 Received Value 696.81 @ 2023-06-02 10:05:57.108462
Serial 1 Sent Value 906.91 @ 2023-06-02 10:05:57.108564
Serial 0 Sent Value 696.81 @ 2023-06-02 10:05:57.108832
Serial 2 Received Value 1096.81 @ 2023-06-02 10:05:57.109133
Serial 2 Sent Value 1096.81 @ 2023-06-02 10:05:57.109256
Serial 1 Received Value 917.01 @ 2023-06-02 10:05:57.112231
Serial 0 Received Value 706.91 @ 2023-06-02 10:05:57.112500
Serial 1 Sent Value 917.01 @ 2023-06-02 10:05:57.112605
Serial 0 Sent Value 706.91 @ 2023-06-02 10:05:57.112793
Serial 2 Received Value 1106.91 @ 2023-06-02 10:05:57.113142
Serial 2 Sent Value 1106.91 @ 2023-06-02 10:05:57.113270
Serial 1 Received Value 927.11 @ 2023-06-02 10:05:57.116331
Serial 0 Received Value 717.01 @ 2023-06-02 10:05:57.116599
Serial 1 Sent Value 927.11 @ 2023-06-02 10:05:57.116795
Serial 0 Sent Value 717.01 @ 2023-06-02 10:05:57.116911
Serial 2 Received Value 1117.01 @ 2023-06-02 10:05:57.117231
Serial 2 Sent Value 1117.01 @ 2023-06-02 10:05:57.117354
Serial 1 Received Value 937.21 @ 2023-06-02 10:05:57.120444
Serial 0 Received Value 727.11 @ 2023-06-02 10:05:57.120715
Serial 1 Sent Value 937.21 @ 2023-06-02 10:05:57.120828
Serial 0 Sent Value 727.11 @ 2023-06-02 10:05:57.120942
Serial 2 Received Value 1127.11 @ 2023-06-02 10:05:57.121286
Serial 2 Sent Value 1127.11 @ 2023-06-02 10:05:57.121410
Serial 1 Received Value 947.31 @ 2023-06-02 10:05:57.124557
Serial 0 Received Value 737.21 @ 2023-06-02 10:05:57.124829
Serial 1 Sent Value 947.31 @ 2023-06-02 10:05:57.124936
Serial 0 Sent Value 737.21 @ 2023-06-02 10:05:57.125056
Serial 2 Received Value 1137.21 @ 2023-06-02 10:05:57.125377
Serial 2 Sent Value 1137.21 @ 2023-06-02 10:05:57.125513
Serial 1 Received Value 957.41 @ 2023-06-02 10:05:57.128654
Serial 0 Received Value 747.31 @ 2023-06-02 10:05:57.128925
Serial 1 Sent Value 957.41 @ 2023-06-02 10:05:57.129035
Serial 0 Sent Value 747.31 @ 2023-06-02 10:05:57.129160
Serial 2 Received Value 1147.31 @ 2023-06-02 10:05:57.129483
Serial 2 Sent Value 1147.31 @ 2023-06-02 10:05:57.129607
Serial 1 Received Value 967.51 @ 2023-06-02 10:05:57.132701
Serial 0 Received Value 757.41 @ 2023-06-02 10:05:57.132970
Serial 1 Sent Value 967.51 @ 2023-06-02 10:05:57.133073
Serial 0 Sent Value 757.41 @ 2023-06-02 10:05:57.133193
Serial 2 Received Value 1157.41 @ 2023-06-02 10:05:57.133579
Serial 2 Sent Value 1157.41 @ 2023-06-02 10:05:57.133797
Serial 1 Received Value 977.61 @ 2023-06-02 10:05:57.136821
Serial 0 Received Value 767.51 @ 2023-06-02 10:05:57.137092
Serial 1 Sent Value 977.61 @ 2023-06-02 10:05:57.137196
Serial 0 Sent Value 767.51 @ 2023-06-02 10:05:57.137349
Serial 2 Received Value 1167.51 @ 2023-06-02 10:05:57.137667
Serial 2 Sent Value 1167.51 @ 2023-06-02 10:05:57.137798
Serial 1 Received Value 987.71 @ 2023-06-02 10:05:57.140932
Serial 0 Received Value 777.61 @ 2023-06-02 10:05:57.141201
Serial 1 Sent Value 987.71 @ 2023-06-02 10:05:57.141313
Serial 0 Sent Value 777.61 @ 2023-06-02 10:05:57.141432
Serial 2 Received Value 1177.61 @ 2023-06-02 10:05:57.141749
Serial 2 Sent Value 1177.61 @ 2023-06-02 10:05:57.141870
Serial 1 Received Value 997.81 @ 2023-06-02 10:05:57.145029
Serial 0 Received Value 787.71 @ 2023-06-02 10:05:57.145299
Serial 1 Sent Value 997.81 @ 2023-06-02 10:05:57.145419
Serial 0 Sent Value 787.71 @ 2023-06-02 10:05:57.145536
Serial 2 Received Value 1187.71 @ 2023-06-02 10:05:57.145853
Serial 2 Sent Value 1187.71 @ 2023-06-02 10:05:57.145981
Serial 1 Received Value 1007.91 @ 2023-06-02 10:05:57.149123
Serial 0 Received Value 797.81 @ 2023-06-02 10:05:57.149392
Serial 1 Sent Value 1007.91 @ 2023-06-02 10:05:57.149497
Serial 0 Sent Value 797.81 @ 2023-06-02 10:05:57.149622
Serial 2 Received Value 1197.81 @ 2023-06-02 10:05:57.149942
Serial 2 Sent Value 1197.81 @ 2023-06-02 10:05:57.150075
Serial 1 Received Value 1018.01 @ 2023-06-02 10:05:57.153290
Serial 0 Received Value 807.91 @ 2023-06-02 10:05:57.153593
Serial 1 Sent Value 1018.01 @ 2023-06-02 10:05:57.153837
Serial 2 Received Value 1207.91 @ 2023-06-02 10:05:57.154135
Serial 0 Sent Value 807.91 @ 2023-06-02 10:05:57.154244
Serial 2 Sent Value 1207.91 @ 2023-06-02 10:05:57.154370
Serial 1 Received Value 1028.11 @ 2023-06-02 10:05:57.157351
Serial 0 Received Value 818.01 @ 2023-06-02 10:05:57.157620
Serial 1 Sent Value 1028.11 @ 2023-06-02 10:05:57.157802
Serial 2 Received Value 1218.01 @ 2023-06-02 10:05:57.158128
Serial 0 Sent Value 818.01 @ 2023-06-02 10:05:57.158233
Serial 2 Sent Value 1218.01 @ 2023-06-02 10:05:57.158349
Serial 1 Received Value 1038.21 @ 2023-06-02 10:05:57.161437
Serial 0 Received Value 828.11 @ 2023-06-02 10:05:57.161706
Serial 1 Sent Value 1038.21 @ 2023-06-02 10:05:57.161852
Serial 0 Sent Value 828.11 @ 2023-06-02 10:05:57.162015
Serial 2 Received Value 1228.11 @ 2023-06-02 10:05:57.162315
Serial 2 Sent Value 1228.11 @ 2023-06-02 10:05:57.162445
Serial 1 Received Value 1048.31 @ 2023-06-02 10:05:57.165528
Serial 0 Received Value 838.21 @ 2023-06-02 10:05:57.165796
Serial 1 Sent Value 1048.31 @ 2023-06-02 10:05:57.165904
Serial 0 Sent Value 838.21 @ 2023-06-02 10:05:57.166027
Serial 2 Received Value 1238.21 @ 2023-06-02 10:05:57.166344
Serial 2 Sent Value 1238.21 @ 2023-06-02 10:05:57.166470
Serial 1 Received Value 1058.41 @ 2023-06-02 10:05:57.169629
Serial 0 Received Value 848.31 @ 2023-06-02 10:05:57.169896
Serial 1 Sent Value 1058.41 @ 2023-06-02 10:05:57.170135
Serial 2 Received Value 1248.31 @ 2023-06-02 10:05:57.170433
Serial 0 Sent Value 848.31 @ 2023-06-02 10:05:57.170543
Serial 2 Sent Value 1248.31 @ 2023-06-02 10:05:57.170667
Serial 1 Received Value 1068.51 @ 2023-06-02 10:05:57.173713
Serial 0 Received Value 858.41 @ 2023-06-02 10:05:57.173982
Serial 1 Sent Value 1068.51 @ 2023-06-02 10:05:57.174088
Serial 0 Sent Value 858.41 @ 2023-06-02 10:05:57.174206
Serial 2 Received Value 1258.41 @ 2023-06-02 10:05:57.174522
Serial 2 Sent Value 1258.41 @ 2023-06-02 10:05:57.174641
Serial 1 Received Value 1078.61 @ 2023-06-02 10:05:57.177813
Serial 0 Received Value 868.51 @ 2023-06-02 10:05:57.178080
Serial 1 Sent Value 1078.61 @ 2023-06-02 10:05:57.178191
Serial 0 Sent Value 868.51 @ 2023-06-02 10:05:57.178308
Serial 2 Received Value 1268.51 @ 2023-06-02 10:05:57.178623
Serial 2 Sent Value 1268.51 @ 2023-06-02 10:05:57.178803
Serial 1 Received Value 1088.71 @ 2023-06-02 10:05:57.181894
Serial 0 Received Value 878.61 @ 2023-06-02 10:05:57.182163
Serial 1 Sent Value 1088.71 @ 2023-06-02 10:05:57.182269
Serial 0 Sent Value 878.61 @ 2023-06-02 10:05:57.182400
Serial 2 Received Value 1278.61 @ 2023-06-02 10:05:57.182714
Serial 2 Sent Value 1278.61 @ 2023-06-02 10:05:57.182835
Serial 1 Received Value 1098.81 @ 2023-06-02 10:05:57.186069
Serial 0 Received Value 888.71 @ 2023-06-02 10:05:57.186337
Serial 1 Sent Value 1098.81 @ 2023-06-02 10:05:57.186444
Serial 0 Sent Value 888.71 @ 2023-06-02 10:05:57.186596
Serial 2 Received Value 1288.71 @ 2023-06-02 10:05:57.186896
Serial 2 Sent Value 1288.71 @ 2023-06-02 10:05:57.187196
Serial 1 Received Value 1108.91 @ 2023-06-02 10:05:57.190107
Serial 0 Received Value 898.81 @ 2023-06-02 10:05:57.190376
Serial 1 Sent Value 1108.91 @ 2023-06-02 10:05:57.190480
Serial 0 Sent Value 898.81 @ 2023-06-02 10:05:57.190599
Serial 2 Received Value 1298.81 @ 2023-06-02 10:05:57.190918
Serial 2 Sent Value 1298.81 @ 2023-06-02 10:05:57.191043
Serial 1 Received Value 1119.01 @ 2023-06-02 10:05:57.194235
Serial 0 Received Value 908.91 @ 2023-06-02 10:05:57.194512
Serial 1 Sent Value 1119.01 @ 2023-06-02 10:05:57.194628
Serial 0 Sent Value 908.91 @ 2023-06-02 10:05:57.194851
Serial 2 Received Value 1308.91 @ 2023-06-02 10:05:57.195175
Serial 2 Sent Value 1308.91 @ 2023-06-02 10:05:57.195300
Serial 1 Received Value 1129.11 @ 2023-06-02 10:05:57.198396
Serial 0 Received Value 919.01 @ 2023-06-02 10:05:57.198674
Serial 1 Sent Value 1129.11 @ 2023-06-02 10:05:57.198832
Serial 2 Received Value 1319.01 @ 2023-06-02 10:05:57.199149
Serial 0 Sent Value 919.01 @ 2023-06-02 10:05:57.199260
Serial 2 Sent Value 1319.01 @ 2023-06-02 10:05:57.199378
Serial 1 Received Value 1139.21 @ 2023-06-02 10:05:57.202492
Serial 0 Received Value 929.11 @ 2023-06-02 10:05:57.202767
Serial 1 Sent Value 1139.21 @ 2023-06-02 10:05:57.202878
Serial 2 Received Value 1329.11 @ 2023-06-02 10:05:57.203219
Serial 0 Sent Value 929.11 @ 2023-06-02 10:05:57.203352
Serial 2 Sent Value 1329.11 @ 2023-06-02 10:05:57.203476
Serial 1 Received Value 1149.31 @ 2023-06-02 10:05:57.206473
Serial 0 Received Value 939.21 @ 2023-06-02 10:05:57.206741
Serial 1 Sent Value 1149.31 @ 2023-06-02 10:05:57.206844
Serial 0 Sent Value 939.21 @ 2023-06-02 10:05:57.206960
Serial 2 Received Value 1339.21 @ 2023-06-02 10:05:57.207294
Serial 2 Sent Value 1339.21 @ 2023-06-02 10:05:57.207419
Serial 1 Received Value 1159.41 @ 2023-06-02 10:05:57.210580
Serial 0 Received Value 949.31 @ 2023-06-02 10:05:57.210847
Serial 1 Sent Value 1159.41 @ 2023-06-02 10:05:57.210954
Serial 0 Sent Value 949.31 @ 2023-06-02 10:05:57.211074
Serial 2 Received Value 1349.31 @ 2023-06-02 10:05:57.211392
Serial 2 Sent Value 1349.31 @ 2023-06-02 10:05:57.211522
Serial 1 Received Value 1169.51 @ 2023-06-02 10:05:57.214682
Serial 0 Received Value 959.41 @ 2023-06-02 10:05:57.214950
Serial 1 Sent Value 1169.51 @ 2023-06-02 10:05:57.215055
Serial 0 Sent Value 959.41 @ 2023-06-02 10:05:57.215174
Serial 2 Received Value 1359.41 @ 2023-06-02 10:05:57.215493
Serial 2 Sent Value 1359.41 @ 2023-06-02 10:05:57.215642
Serial 1 Received Value 1179.61 @ 2023-06-02 10:05:57.218759
Serial 0 Received Value 969.51 @ 2023-06-02 10:05:57.219042
Serial 1 Sent Value 1179.61 @ 2023-06-02 10:05:57.219149
Serial 0 Sent Value 969.51 @ 2023-06-02 10:05:57.219272
Serial 2 Received Value 1369.51 @ 2023-06-02 10:05:57.219590
Serial 2 Sent Value 1369.51 @ 2023-06-02 10:05:57.219810
Serial 1 Received Value 1189.71 @ 2023-06-02 10:05:57.222864
Serial 0 Received Value 979.61 @ 2023-06-02 10:05:57.223147
Serial 1 Sent Value 1189.71 @ 2023-06-02 10:05:57.223257
Serial 0 Sent Value 979.61 @ 2023-06-02 10:05:57.223374
Serial 2 Received Value 1379.61 @ 2023-06-02 10:05:57.223691
Serial 2 Sent Value 1379.61 @ 2023-06-02 10:05:57.223815
Serial 1 Received Value 1199.81 @ 2023-06-02 10:05:57.226966
Serial 0 Received Value 989.71 @ 2023-06-02 10:05:57.227248
Serial 1 Sent Value 1199.81 @ 2023-06-02 10:05:57.227353
Serial 0 Sent Value 989.71 @ 2023-06-02 10:05:57.227474
Serial 2 Received Value 1389.71 @ 2023-06-02 10:05:57.227790
Serial 2 Sent Value 1389.71 @ 2023-06-02 10:05:57.227930
Serial 1 Received Value 1209.91 @ 2023-06-02 10:05:57.231112
Serial 0 Received Value 999.81 @ 2023-06-02 10:05:57.231380
Serial 1 Sent Value 1209.91 @ 2023-06-02 10:05:57.231490
Serial 0 Sent Value 999.81 @ 2023-06-02 10:05:57.231608
Serial 2 Received Value 1399.81 @ 2023-06-02 10:05:57.231925
Serial 2 Sent Value 1399.81 @ 2023-06-02 10:05:57.232046
Serial 1 Received Value 1220.01 @ 2023-06-02 10:05:57.235177
Serial 0 Received Value 1009.91 @ 2023-06-02 10:05:57.235473
Serial 1 Sent Value 1220.01 @ 2023-06-02 10:05:57.235586
Average delays (in seconds) per port: [0.003805396984924623, 0.0036739150000000016, 0.00401679292929293]
Communication Cycle (in seconds): 0.00419659090909091