Serial 0 Sent Value -999.99 @ 2023-05-31 02:51:30.671256
Serial 1 Sent Value -799.99 @ 2023-05-31 02:51:30.671503
Serial 2 Sent Value -599.99 @ 2023-05-31 02:51:30.671680
Serial 2 Received Value -589.89 @ 2023-05-31 02:51:30.677806
Serial 0 Received Value -989.89 @ 2023-05-31 02:51:30.678153
Serial 1 Received Value -789.89 @ 2023-05-31 02:51:30.678454
Serial 2 Sent Value -589.89 @ 2023-05-31 02:51:30.678647
Serial 0 Sent Value -989.89 @ 2023-05-31 02:51:30.678763
Serial 1 Sent Value -789.89 @ 2023-05-31 02:51:30.678962
Serial 0 Received Value -979.79 @ 2023-05-31 02:51:30.684721
Serial 1 Received Value -779.79 @ 2023-05-31 02:51:30.685170
Serial 2 Received Value -579.79 @ 2023-05-31 02:51:30.685536
Serial 0 Sent Value -979.79 @ 2023-05-31 02:51:30.685758
Serial 1 Sent Value -779.79 @ 2023-05-31 02:51:30.685980
Serial 2 Sent Value -579.79 @ 2023-05-31 02:51:30.686111
Serial 0 Received Value -969.69 @ 2023-05-31 02:51:30.688822
Serial 0 Sent Value -969.69 @ 2023-05-31 02:51:30.689063
Serial 2 Received Value -569.69 @ 2023-05-31 02:51:30.690486
Serial 1 Received Value -769.69 @ 2023-05-31 02:51:30.691058
Serial 2 Sent Value -569.69 @ 2023-05-31 02:51:30.691205
Serial 1 Sent Value -769.69 @ 2023-05-31 02:51:30.691375
Serial 0 Received Value -959.59 @ 2023-05-31 02:51:30.692708
Serial 0 Sent Value -959.59 @ 2023-05-31 02:51:30.692969
Serial 2 Received Value -559.59 @ 2023-05-31 02:51:30.694458
Serial 1 Received Value -759.59 @ 2023-05-31 02:51:30.694786
Serial 2 Sent Value -559.59 @ 2023-05-31 02:51:30.695008
Serial 1 Sent Value -759.59 @ 2023-05-31 02:51:30.695185
Serial 0 Received Value -949.49 @ 2023-05-31 02:51:30.696937
Serial 0 Sent Value -949.49 @ 2023-05-31 02:51:30.697199
Serial 2 Received Value -549.49 @ 2023-05-31 02:51:30.699062
Serial 1 Received Value -749.49 @ 2023-05-31 02:51:30.699452
Serial 2 Sent Value -549.49 @ 2023-05-31 02:51:30.699712
Serial 1 Sent Value -749.49 @ 2023-05-31 02:51:30.700003
Serial 0 Received Value -939.39 @ 2023-05-31 02:51:30.701012
Serial 0 Sent Value -939.39 @ 2023-05-31 02:51:30.701245
Serial 1 Received Value -739.39 @ 2023-05-31 02:51:30.702819
Serial 2 Received Value -539.39 @ 2023-05-31 02:51:30.703142
Serial 1 Sent Value -739.39 @ 2023-05-31 02:51:30.703328
Serial 2 Sent Value -539.39 @ 2023-05-31 02:51:30.703462
Serial 0 Received Value -929.29 @ 2023-05-31 02:51:30.705112
Serial 0 Sent Value -929.29 @ 2023-05-31 02:51:30.705307
Serial 2 Received Value -529.29 @ 2023-05-31 02:51:30.706760
Serial 1 Received Value -729.29 @ 2023-05-31 02:51:30.707080
Serial 2 Sent Value -529.29 @ 2023-05-31 02:51:30.707223
Serial 1 Sent Value -729.29 @ 2023-05-31 02:51:30.707352
Serial 0 Received Value -919.19 @ 2023-05-31 02:51:30.709127
Serial 0 Sent Value -919.19 @ 2023-05-31 02:51:30.709269
Serial 2 Received Value -519.19 @ 2023-05-31 02:51:30.710824
Serial 1 Received Value -719.19 @ 2023-05-31 02:51:30.711130
Serial 2 Sent Value -519.19 @ 2023-05-31 02:51:30.711241
Serial 1 Sent Value -719.19 @ 2023-05-31 02:51:30.711359
Serial 0 Received Value -909.09 @ 2023-05-31 02:51:30.713329
Serial 0 Sent Value -909.09 @ 2023-05-31 02:51:30.713518
Serial 2 Received Value -509.09 @ 2023-05-31 02:51:30.714958
Serial 1 Received Value -709.09 @ 2023-05-31 02:51:30.715267
Serial 2 Sent Value -509.09 @ 2023-05-31 02:51:30.715386
Serial 1 Sent Value -709.09 @ 2023-05-31 02:51:30.715507
Serial 0 Received Value -898.99 @ 2023-05-31 02:51:30.717281
Serial 0 Sent Value -898.99 @ 2023-05-31 02:51:30.717404
Serial 2 Received Value -498.99 @ 2023-05-31 02:51:30.719035
Serial 1 Received Value -698.99 @ 2023-05-31 02:51:30.719337
Serial 2 Sent Value -498.99 @ 2023-05-31 02:51:30.719445
Serial 1 Sent Value -698.99 @ 2023-05-31 02:51:30.719563
Serial 0 Received Value -888.89 @ 2023-05-31 02:51:30.721465
Serial 0 Sent Value -888.89 @ 2023-05-31 02:51:30.721633
Serial 2 Received Value -488.89 @ 2023-05-31 02:51:30.723127
Serial 1 Received Value -688.89 @ 2023-05-31 02:51:30.723432
Serial 2 Sent Value -488.89 @ 2023-05-31 02:51:30.723542
Serial 1 Sent Value -688.89 @ 2023-05-31 02:51:30.723665
Serial 0 Received Value -878.79 @ 2023-05-31 02:51:30.725475
Serial 0 Sent Value -878.79 @ 2023-05-31 02:51:30.725602
Serial 1 Received Value -678.79 @ 2023-05-31 02:51:30.727266
Serial 2 Received Value -478.79 @ 2023-05-31 02:51:30.727561
Serial 1 Sent Value -678.79 @ 2023-05-31 02:51:30.727770
Serial 2 Sent Value -478.79 @ 2023-05-31 02:51:30.727974
Serial 0 Received Value -868.69 @ 2023-05-31 02:51:30.729562
Serial 0 Sent Value -868.69 @ 2023-05-31 02:51:30.729690
Serial 2 Received Value -468.69 @ 2023-05-31 02:51:30.731318
Serial 1 Received Value -668.69 @ 2023-05-31 02:51:30.731639
Serial 2 Sent Value -468.69 @ 2023-05-31 02:51:30.731746
Serial 1 Sent Value -668.69 @ 2023-05-31 02:51:30.731973
Serial 0 Received Value -858.59 @ 2023-05-31 02:51:30.733666
Serial 0 Sent Value -858.59 @ 2023-05-31 02:51:30.733792
Serial 2 Received Value -458.59 @ 2023-05-31 02:51:30.735409
Serial 1 Received Value -658.59 @ 2023-05-31 02:51:30.735730
Serial 2 Sent Value -458.59 @ 2023-05-31 02:51:30.735838
Serial 1 Sent Value -658.59 @ 2023-05-31 02:51:30.735974
Serial 0 Received Value -848.49 @ 2023-05-31 02:51:30.737757
Serial 0 Sent Value -848.49 @ 2023-05-31 02:51:30.737974
Serial 2 Received Value -448.49 @ 2023-05-31 02:51:30.739500
Serial 1 Received Value -648.49 @ 2023-05-31 02:51:30.740007
Serial 2 Sent Value -448.49 @ 2023-05-31 02:51:30.740125
Serial 1 Sent Value -648.49 @ 2023-05-31 02:51:30.740250
Serial 0 Received Value -838.39 @ 2023-05-31 02:51:30.741857
Serial 0 Sent Value -838.39 @ 2023-05-31 02:51:30.741985
Serial 2 Received Value -438.39 @ 2023-05-31 02:51:30.743612
Serial 1 Received Value -638.39 @ 2023-05-31 02:51:30.743915
Serial 2 Sent Value -438.39 @ 2023-05-31 02:51:30.744040
Serial 1 Sent Value -638.39 @ 2023-05-31 02:51:30.744159
Serial 0 Received Value -828.29 @ 2023-05-31 02:51:30.745930
Serial 0 Sent Value -828.29 @ 2023-05-31 02:51:30.746067
Serial 2 Received Value -428.29 @ 2023-05-31 02:51:30.747721
Serial 1 Received Value -628.29 @ 2023-05-31 02:51:30.748024
Serial 2 Sent Value -428.29 @ 2023-05-31 02:51:30.748127
Serial 1 Sent Value -628.29 @ 2023-05-31 02:51:30.748249
Serial 0 Received Value -818.19 @ 2023-05-31 02:51:30.750036
Serial 0 Sent Value -818.19 @ 2023-05-31 02:51:30.750159
Serial 2 Received Value -418.19 @ 2023-05-31 02:51:30.751784
Serial 1 Received Value -618.19 @ 2023-05-31 02:51:30.752088
Serial 2 Sent Value -418.19 @ 2023-05-31 02:51:30.752194
Serial 1 Sent Value -618.19 @ 2023-05-31 02:51:30.752313
Serial 0 Received Value -808.09 @ 2023-05-31 02:51:30.754157
Serial 0 Sent Value -808.09 @ 2023-05-31 02:51:30.754277
Serial 2 Received Value -408.09 @ 2023-05-31 02:51:30.755908
Serial 1 Received Value -608.09 @ 2023-05-31 02:51:30.756212
Serial 2 Sent Value -408.09 @ 2023-05-31 02:51:30.756320
Serial 1 Sent Value -608.09 @ 2023-05-31 02:51:30.756443
Serial 0 Received Value -797.99 @ 2023-05-31 02:51:30.758256
Serial 0 Sent Value -797.99 @ 2023-05-31 02:51:30.758376
Serial 2 Received Value -397.99 @ 2023-05-31 02:51:30.759988
Serial 1 Received Value -597.99 @ 2023-05-31 02:51:30.760291
Serial 2 Sent Value -397.99 @ 2023-05-31 02:51:30.760396
Serial 1 Sent Value -597.99 @ 2023-05-31 02:51:30.760516
Serial 0 Received Value -787.89 @ 2023-05-31 02:51:30.762328
Serial 0 Sent Value -787.89 @ 2023-05-31 02:51:30.762453
Serial 2 Received Value -387.89 @ 2023-05-31 02:51:30.764087
Serial 1 Received Value -587.89 @ 2023-05-31 02:51:30.764391
Serial 2 Sent Value -387.89 @ 2023-05-31 02:51:30.764496
Serial 1 Sent Value -587.89 @ 2023-05-31 02:51:30.764610
Serial 0 Received Value -777.79 @ 2023-05-31 02:51:30.766445
Serial 0 Sent Value -777.79 @ 2023-05-31 02:51:30.766569
Serial 2 Received Value -377.79 @ 2023-05-31 02:51:30.768185
Serial 1 Received Value -577.79 @ 2023-05-31 02:51:30.768489
Serial 2 Sent Value -377.79 @ 2023-05-31 02:51:30.768604
Serial 1 Sent Value -577.79 @ 2023-05-31 02:51:30.768717
Serial 0 Received Value -767.69 @ 2023-05-31 02:51:30.770550
Serial 0 Sent Value -767.69 @ 2023-05-31 02:51:30.770703
Serial 2 Received Value -367.69 @ 2023-05-31 02:51:30.772312
Serial 1 Received Value -567.69 @ 2023-05-31 02:51:30.772620
Serial 2 Sent Value -367.69 @ 2023-05-31 02:51:30.773063
Serial 1 Sent Value -567.69 @ 2023-05-31 02:51:30.773204
Serial 0 Received Value -757.59 @ 2023-05-31 02:51:30.774640
Serial 0 Sent Value -757.59 @ 2023-05-31 02:51:30.774771
Serial 2 Received Value -357.59 @ 2023-05-31 02:51:30.776403
Serial 1 Received Value -557.59 @ 2023-05-31 02:51:30.776715
Serial 2 Sent Value -357.59 @ 2023-05-31 02:51:30.776827
Serial 1 Sent Value -557.59 @ 2023-05-31 02:51:30.776982
Serial 0 Received Value -747.49 @ 2023-05-31 02:51:30.778737
Serial 0 Sent Value -747.49 @ 2023-05-31 02:51:30.778981
Serial 2 Received Value -347.49 @ 2023-05-31 02:51:30.780447
Serial 1 Received Value -547.49 @ 2023-05-31 02:51:30.780751
Serial 2 Sent Value -347.49 @ 2023-05-31 02:51:30.780981
Serial 1 Sent Value -547.49 @ 2023-05-31 02:51:30.781096
Serial 0 Received Value -737.39 @ 2023-05-31 02:51:30.782820
Serial 0 Sent Value -737.39 @ 2023-05-31 02:51:30.782982
Serial 2 Received Value -337.39 @ 2023-05-31 02:51:30.784548
Serial 1 Received Value -537.39 @ 2023-05-31 02:51:30.784850
Serial 2 Sent Value -337.39 @ 2023-05-31 02:51:30.784984
Serial 1 Sent Value -537.39 @ 2023-05-31 02:51:30.785108
Serial 0 Received Value -727.29 @ 2023-05-31 02:51:30.786911
Serial 0 Sent Value -727.29 @ 2023-05-31 02:51:30.787044
Serial 2 Received Value -327.29 @ 2023-05-31 02:51:30.788671
Serial 1 Received Value -527.29 @ 2023-05-31 02:51:30.788973
Serial 2 Sent Value -327.29 @ 2023-05-31 02:51:30.789085
Serial 1 Sent Value -527.29 @ 2023-05-31 02:51:30.789202
Serial 0 Received Value -717.19 @ 2023-05-31 02:51:30.791012
Serial 0 Sent Value -717.19 @ 2023-05-31 02:51:30.791174
Serial 2 Received Value -317.19 @ 2023-05-31 02:51:30.792759
Serial 1 Received Value -517.19 @ 2023-05-31 02:51:30.793062
Serial 2 Sent Value -317.19 @ 2023-05-31 02:51:30.793168
Serial 1 Sent Value -517.19 @ 2023-05-31 02:51:30.793283
Serial 0 Received Value -707.09 @ 2023-05-31 02:51:30.795078
Serial 0 Sent Value -707.09 @ 2023-05-31 02:51:30.795205
Serial 2 Received Value -307.09 @ 2023-05-31 02:51:30.796851
Serial 1 Received Value -507.09 @ 2023-05-31 02:51:30.797154
Serial 2 Sent Value -307.09 @ 2023-05-31 02:51:30.797258
Serial 1 Sent Value -507.09 @ 2023-05-31 02:51:30.797378
Serial 0 Received Value -696.99 @ 2023-05-31 02:51:30.799182
Serial 0 Sent Value -696.99 @ 2023-05-31 02:51:30.799309
Serial 2 Received Value -296.99 @ 2023-05-31 02:51:30.800948
Serial 1 Received Value -496.99 @ 2023-05-31 02:51:30.801252
Serial 2 Sent Value -296.99 @ 2023-05-31 02:51:30.801358
Serial 1 Sent Value -496.99 @ 2023-05-31 02:51:30.801472
Serial 0 Received Value -686.89 @ 2023-05-31 02:51:30.803276
Serial 0 Sent Value -686.89 @ 2023-05-31 02:51:30.803398
Serial 2 Received Value -286.89 @ 2023-05-31 02:51:30.805032
Serial 1 Received Value -486.89 @ 2023-05-31 02:51:30.805338
Serial 2 Sent Value -286.89 @ 2023-05-31 02:51:30.805453
Serial 1 Sent Value -486.89 @ 2023-05-31 02:51:30.805575
Serial 0 Received Value -676.79 @ 2023-05-31 02:51:30.807408
Serial 0 Sent Value -676.79 @ 2023-05-31 02:51:30.807534
Serial 2 Received Value -276.79 @ 2023-05-31 02:51:30.809143
Serial 1 Received Value -476.79 @ 2023-05-31 02:51:30.809447
Serial 2 Sent Value -276.79 @ 2023-05-31 02:51:30.809560
Serial 1 Sent Value -476.79 @ 2023-05-31 02:51:30.809682
Serial 0 Received Value -666.69 @ 2023-05-31 02:51:30.811466
Serial 0 Sent Value -666.69 @ 2023-05-31 02:51:30.811611
Serial 2 Received Value -266.69 @ 2023-05-31 02:51:30.813281
Serial 1 Received Value -466.69 @ 2023-05-31 02:51:30.813584
Serial 2 Sent Value -266.69 @ 2023-05-31 02:51:30.813688
Serial 1 Sent Value -466.69 @ 2023-05-31 02:51:30.813805
Serial 0 Received Value -656.59 @ 2023-05-31 02:51:30.815601
Serial 0 Sent Value -656.59 @ 2023-05-31 02:51:30.815726
Serial 2 Received Value -256.59 @ 2023-05-31 02:51:30.817337
Serial 1 Received Value -456.59 @ 2023-05-31 02:51:30.817640
Serial 2 Sent Value -256.59 @ 2023-05-31 02:51:30.817746
Serial 1 Sent Value -456.59 @ 2023-05-31 02:51:30.817990
Serial 0 Received Value -646.49 @ 2023-05-31 02:51:30.819702
Serial 0 Sent Value -646.49 @ 2023-05-31 02:51:30.819829
Serial 1 Received Value -446.49 @ 2023-05-31 02:51:30.821506
Serial 2 Received Value -246.49 @ 2023-05-31 02:51:30.821814
Serial 1 Sent Value -446.49 @ 2023-05-31 02:51:30.822004
Serial 2 Sent Value -246.49 @ 2023-05-31 02:51:30.822111
Serial 0 Received Value -636.39 @ 2023-05-31 02:51:30.823802
Serial 0 Sent Value -636.39 @ 2023-05-31 02:51:30.824000
Serial 2 Received Value -236.39 @ 2023-05-31 02:51:30.825527
Serial 1 Received Value -436.39 @ 2023-05-31 02:51:30.825837
Serial 2 Sent Value -236.39 @ 2023-05-31 02:51:30.825997
Serial 1 Sent Value -436.39 @ 2023-05-31 02:51:30.826120
Serial 0 Received Value -626.29 @ 2023-05-31 02:51:30.827905
Serial 0 Sent Value -626.29 @ 2023-05-31 02:51:30.828030
Serial 2 Received Value -226.29 @ 2023-05-31 02:51:30.829620
Serial 1 Received Value -426.29 @ 2023-05-31 02:51:30.829922
Serial 2 Sent Value -226.29 @ 2023-05-31 02:51:30.830027
Serial 1 Sent Value -426.29 @ 2023-05-31 02:51:30.830142
Serial 0 Received Value -616.19 @ 2023-05-31 02:51:30.831966
Serial 0 Sent Value -616.19 @ 2023-05-31 02:51:30.832092
Serial 2 Received Value -216.19 @ 2023-05-31 02:51:30.833702
Serial 1 Received Value -416.19 @ 2023-05-31 02:51:30.834003
Serial 2 Sent Value -216.19 @ 2023-05-31 02:51:30.834108
Serial 1 Sent Value -416.19 @ 2023-05-31 02:51:30.834226
Serial 0 Received Value -606.09 @ 2023-05-31 02:51:30.836083
Serial 0 Sent Value -606.09 @ 2023-05-31 02:51:30.836211
Serial 2 Received Value -206.09 @ 2023-05-31 02:51:30.837807
Serial 1 Received Value -406.09 @ 2023-05-31 02:51:30.838109
Serial 2 Sent Value -206.09 @ 2023-05-31 02:51:30.838211
Serial 1 Sent Value -406.09 @ 2023-05-31 02:51:30.838330
Serial 0 Received Value -595.99 @ 2023-05-31 02:51:30.840152
Serial 0 Sent Value -595.99 @ 2023-05-31 02:51:30.840277
Serial 2 Received Value -195.99 @ 2023-05-31 02:51:30.841921
Serial 1 Received Value -395.99 @ 2023-05-31 02:51:30.842226
Serial 2 Sent Value -195.99 @ 2023-05-31 02:51:30.842334
Serial 1 Sent Value -395.99 @ 2023-05-31 02:51:30.842457
Serial 0 Received Value -585.89 @ 2023-05-31 02:51:30.844273
Serial 0 Sent Value -585.89 @ 2023-05-31 02:51:30.844399
Serial 2 Received Value -185.89 @ 2023-05-31 02:51:30.846009
Serial 1 Received Value -385.89 @ 2023-05-31 02:51:30.846312
Serial 2 Sent Value -185.89 @ 2023-05-31 02:51:30.846415
Serial 1 Sent Value -385.89 @ 2023-05-31 02:51:30.846536
Serial 0 Received Value -575.79 @ 2023-05-31 02:51:30.848360
Serial 0 Sent Value -575.79 @ 2023-05-31 02:51:30.848484
Serial 2 Received Value -175.79 @ 2023-05-31 02:51:30.850120
Serial 1 Received Value -375.79 @ 2023-05-31 02:51:30.850422
Serial 2 Sent Value -175.79 @ 2023-05-31 02:51:30.850527
Serial 1 Sent Value -375.79 @ 2023-05-31 02:51:30.850644
Serial 0 Received Value -565.69 @ 2023-05-31 02:51:30.852444
Serial 0 Sent Value -565.69 @ 2023-05-31 02:51:30.852573
Serial 2 Received Value -165.69 @ 2023-05-31 02:51:30.854181
Serial 1 Received Value -365.69 @ 2023-05-31 02:51:30.854482
Serial 2 Sent Value -165.69 @ 2023-05-31 02:51:30.854589
Serial 1 Sent Value -365.69 @ 2023-05-31 02:51:30.854744
Serial 0 Received Value -555.59 @ 2023-05-31 02:51:30.856533
Serial 0 Sent Value -555.59 @ 2023-05-31 02:51:30.856656
Serial 2 Received Value -155.59 @ 2023-05-31 02:51:30.858289
Serial 1 Received Value -355.59 @ 2023-05-31 02:51:30.858591
Serial 2 Sent Value -155.59 @ 2023-05-31 02:51:30.858695
Serial 1 Sent Value -355.59 @ 2023-05-31 02:51:30.858813
Serial 0 Received Value -545.49 @ 2023-05-31 02:51:30.860629
Serial 0 Sent Value -545.49 @ 2023-05-31 02:51:30.860752
Serial 2 Received Value -145.49 @ 2023-05-31 02:51:30.862392
Serial 1 Received Value -345.49 @ 2023-05-31 02:51:30.862695
Serial 2 Sent Value -145.49 @ 2023-05-31 02:51:30.862799
Serial 1 Sent Value -345.49 @ 2023-05-31 02:51:30.862998
Serial 0 Received Value -535.39 @ 2023-05-31 02:51:30.864767
Serial 0 Sent Value -535.39 @ 2023-05-31 02:51:30.864996
Serial 2 Received Value -135.39 @ 2023-05-31 02:51:30.866477
Serial 1 Received Value -335.39 @ 2023-05-31 02:51:30.866779
Serial 2 Sent Value -135.39 @ 2023-05-31 02:51:30.866996
Serial 1 Sent Value -335.39 @ 2023-05-31 02:51:30.867387
Serial 0 Received Value -525.29 @ 2023-05-31 02:51:30.868860
Serial 0 Sent Value -525.29 @ 2023-05-31 02:51:30.868999
Serial 2 Received Value -125.29 @ 2023-05-31 02:51:30.870650
Serial 1 Received Value -325.29 @ 2023-05-31 02:51:30.870965
Serial 2 Sent Value -125.29 @ 2023-05-31 02:51:30.871097
Serial 1 Sent Value -325.29 @ 2023-05-31 02:51:30.871218
Serial 0 Received Value -515.19 @ 2023-05-31 02:51:30.872933
Serial 0 Sent Value -515.19 @ 2023-05-31 02:51:30.873060
Serial 2 Received Value -115.19 @ 2023-05-31 02:51:30.874667
Serial 1 Received Value -315.19 @ 2023-05-31 02:51:30.874970
Serial 2 Sent Value -115.19 @ 2023-05-31 02:51:30.875078
Serial 1 Sent Value -315.19 @ 2023-05-31 02:51:30.875194
Serial 0 Received Value -505.09 @ 2023-05-31 02:51:30.877033
Serial 0 Sent Value -505.09 @ 2023-05-31 02:51:30.877160
Serial 2 Received Value -105.09 @ 2023-05-31 02:51:30.878764
Serial 1 Received Value -305.09 @ 2023-05-31 02:51:30.879068
Serial 2 Sent Value -105.09 @ 2023-05-31 02:51:30.879213
Serial 1 Sent Value -305.09 @ 2023-05-31 02:51:30.879338
Serial 0 Received Value -494.99 @ 2023-05-31 02:51:30.881136
Serial 0 Sent Value -494.99 @ 2023-05-31 02:51:30.881260
Serial 2 Received Value -94.99 @ 2023-05-31 02:51:30.882821
Serial 1 Received Value -294.99 @ 2023-05-31 02:51:30.883125
Serial 2 Sent Value -94.99 @ 2023-05-31 02:51:30.883235
Serial 1 Sent Value -294.99 @ 2023-05-31 02:51:30.883362
Serial 0 Received Value -484.89 @ 2023-05-31 02:51:30.885304
Serial 0 Sent Value -484.89 @ 2023-05-31 02:51:30.885447
Serial 2 Received Value -84.89 @ 2023-05-31 02:51:30.886924
Serial 1 Received Value -284.89 @ 2023-05-31 02:51:30.887226
Serial 2 Sent Value -84.89 @ 2023-05-31 02:51:30.887341
Serial 1 Sent Value -284.89 @ 2023-05-31 02:51:30.887465
Serial 0 Received Value -474.79 @ 2023-05-31 02:51:30.889305
Serial 0 Sent Value -474.79 @ 2023-05-31 02:51:30.889429
Serial 2 Received Value -74.79 @ 2023-05-31 02:51:30.891015
Serial 1 Received Value -274.79 @ 2023-05-31 02:51:30.891318
Serial 2 Sent Value -74.79 @ 2023-05-31 02:51:30.891419
Serial 1 Sent Value -274.79 @ 2023-05-31 02:51:30.891536
Serial 0 Received Value -464.69 @ 2023-05-31 02:51:30.893420
Serial 0 Sent Value -464.69 @ 2023-05-31 02:51:30.893547
Serial 2 Received Value -64.69 @ 2023-05-31 02:51:30.895129
Serial 1 Received Value -264.69 @ 2023-05-31 02:51:30.895433
Serial 2 Sent Value -64.69 @ 2023-05-31 02:51:30.895540
Serial 1 Sent Value -264.69 @ 2023-05-31 02:51:30.895659
Serial 0 Received Value -454.59 @ 2023-05-31 02:51:30.897509
Serial 0 Sent Value -454.59 @ 2023-05-31 02:51:30.897634
Serial 1 Received Value -254.59 @ 2023-05-31 02:51:30.899273
Serial 2 Received Value -54.59 @ 2023-05-31 02:51:30.899537
Serial 1 Sent Value -254.59 @ 2023-05-31 02:51:30.899652
Serial 2 Sent Value -54.59 @ 2023-05-31 02:51:30.899755
Serial 0 Received Value -444.49 @ 2023-05-31 02:51:30.901585
Serial 0 Sent Value -444.49 @ 2023-05-31 02:51:30.901719
Serial 2 Received Value -44.49 @ 2023-05-31 02:51:30.903317
Serial 1 Received Value -244.49 @ 2023-05-31 02:51:30.903635
Serial 2 Sent Value -44.49 @ 2023-05-31 02:51:30.903738
Serial 1 Sent Value -244.49 @ 2023-05-31 02:51:30.903863
Serial 0 Received Value -434.39 @ 2023-05-31 02:51:30.905711
Serial 0 Sent Value -434.39 @ 2023-05-31 02:51:30.905844
Serial 2 Received Value -34.39 @ 2023-05-31 02:51:30.907402
Serial 1 Received Value -234.39 @ 2023-05-31 02:51:30.907718
Serial 2 Sent Value -34.39 @ 2023-05-31 02:51:30.907822
Serial 1 Sent Value -234.39 @ 2023-05-31 02:51:30.908003
Serial 0 Received Value -424.29 @ 2023-05-31 02:51:30.909790
Serial 0 Sent Value -424.29 @ 2023-05-31 02:51:30.910006
Serial 2 Received Value -24.29 @ 2023-05-31 02:51:30.911502
Serial 1 Received Value -224.29 @ 2023-05-31 02:51:30.911820
Serial 2 Sent Value -24.29 @ 2023-05-31 02:51:30.912007
Serial 1 Sent Value -224.29 @ 2023-05-31 02:51:30.912129
Serial 0 Received Value -414.19 @ 2023-05-31 02:51:30.913884
Serial 0 Sent Value -414.19 @ 2023-05-31 02:51:30.914007
Serial 2 Received Value -14.19 @ 2023-05-31 02:51:30.915627
Serial 1 Received Value -214.19 @ 2023-05-31 02:51:30.915929
Serial 2 Sent Value -14.19 @ 2023-05-31 02:51:30.916035
Serial 1 Sent Value -214.19 @ 2023-05-31 02:51:30.916156
Serial 0 Received Value -404.09 @ 2023-05-31 02:51:30.917977
Serial 0 Sent Value -404.09 @ 2023-05-31 02:51:30.918100
Serial 2 Received Value -4.09 @ 2023-05-31 02:51:30.919681
Serial 1 Received Value -204.09 @ 2023-05-31 02:51:30.919984
Serial 2 Sent Value -4.09 @ 2023-05-31 02:51:30.920096
Serial 1 Sent Value -204.09 @ 2023-05-31 02:51:30.920223
Serial 0 Received Value -393.99 @ 2023-05-31 02:51:30.922146
Serial 0 Sent Value -393.99 @ 2023-05-31 02:51:30.922309
Serial 2 Received Value 6.01 @ 2023-05-31 02:51:30.923760
Serial 1 Received Value -193.99 @ 2023-05-31 02:51:30.924066
Serial 2 Sent Value 6.01 @ 2023-05-31 02:51:30.924174
Serial 1 Sent Value -193.99 @ 2023-05-31 02:51:30.924292
Serial 0 Received Value -383.89 @ 2023-05-31 02:51:30.926168
Serial 0 Sent Value -383.89 @ 2023-05-31 02:51:30.926292
Serial 2 Received Value 16.11 @ 2023-05-31 02:51:30.927856
Serial 1 Received Value -183.89 @ 2023-05-31 02:51:30.928159
Serial 2 Sent Value 16.11 @ 2023-05-31 02:51:30.928266
Serial 1 Sent Value -183.89 @ 2023-05-31 02:51:30.928382
Serial 0 Received Value -373.79 @ 2023-05-31 02:51:30.930290
Serial 0 Sent Value -373.79 @ 2023-05-31 02:51:30.930411
Serial 2 Received Value 26.21 @ 2023-05-31 02:51:30.931945
Serial 1 Received Value -173.79 @ 2023-05-31 02:51:30.932247
Serial 2 Sent Value 26.21 @ 2023-05-31 02:51:30.932351
Serial 1 Sent Value -173.79 @ 2023-05-31 02:51:30.932473
Serial 0 Received Value -363.69 @ 2023-05-31 02:51:30.934368
Serial 0 Sent Value -363.69 @ 2023-05-31 02:51:30.934495
Serial 2 Received Value 36.31 @ 2023-05-31 02:51:30.936042
Serial 1 Received Value -163.69 @ 2023-05-31 02:51:30.936345
Serial 2 Sent Value 36.31 @ 2023-05-31 02:51:30.936447
Serial 1 Sent Value -163.69 @ 2023-05-31 02:51:30.936568
Serial 0 Received Value -353.59 @ 2023-05-31 02:51:30.938462
Serial 0 Sent Value -353.59 @ 2023-05-31 02:51:30.938586
Serial 2 Received Value 46.41 @ 2023-05-31 02:51:30.940146
Serial 1 Received Value -153.59 @ 2023-05-31 02:51:30.940449
Serial 2 Sent Value 46.41 @ 2023-05-31 02:51:30.940553
Serial 1 Sent Value -153.59 @ 2023-05-31 02:51:30.940672
Serial 0 Received Value -343.49 @ 2023-05-31 02:51:30.942557
Serial 0 Sent Value -343.49 @ 2023-05-31 02:51:30.942682
Serial 2 Received Value 56.51 @ 2023-05-31 02:51:30.944244
Serial 1 Received Value -143.49 @ 2023-05-31 02:51:30.944549
Serial 2 Sent Value 56.51 @ 2023-05-31 02:51:30.944652
Serial 1 Sent Value -143.49 @ 2023-05-31 02:51:30.944771
Serial 0 Received Value -333.39 @ 2023-05-31 02:51:30.946649
Serial 0 Sent Value -333.39 @ 2023-05-31 02:51:30.946776
Serial 2 Received Value 66.61 @ 2023-05-31 02:51:30.948327
Serial 1 Received Value -133.39 @ 2023-05-31 02:51:30.948629
Serial 2 Sent Value 66.61 @ 2023-05-31 02:51:30.948731
Serial 1 Sent Value -133.39 @ 2023-05-31 02:51:30.948850
Serial 0 Received Value -323.29 @ 2023-05-31 02:51:30.950762
Serial 0 Sent Value -323.29 @ 2023-05-31 02:51:30.951012
Serial 2 Received Value 76.71 @ 2023-05-31 02:51:30.952423
Serial 1 Received Value -123.29 @ 2023-05-31 02:51:30.952725
Serial 2 Sent Value 76.71 @ 2023-05-31 02:51:30.952826
Serial 1 Sent Value -123.29 @ 2023-05-31 02:51:30.953012
Serial 0 Received Value -313.19 @ 2023-05-31 02:51:30.954841
Serial 0 Sent Value -313.19 @ 2023-05-31 02:51:30.955013
Serial 2 Received Value 86.81 @ 2023-05-31 02:51:30.956526
Serial 1 Received Value -113.19 @ 2023-05-31 02:51:30.956829
Serial 2 Sent Value 86.81 @ 2023-05-31 02:51:30.957014
Serial 1 Sent Value -113.19 @ 2023-05-31 02:51:30.957132
Serial 0 Received Value -303.09 @ 2023-05-31 02:51:30.958932
Serial 0 Sent Value -303.09 @ 2023-05-31 02:51:30.959056
Serial 2 Received Value 96.91 @ 2023-05-31 02:51:30.960626
Serial 1 Received Value -103.09 @ 2023-05-31 02:51:30.960928
Serial 2 Sent Value 96.91 @ 2023-05-31 02:51:30.961031
Serial 1 Sent Value -103.09 @ 2023-05-31 02:51:30.961144
Serial 0 Received Value -292.99 @ 2023-05-31 02:51:30.963038
Serial 0 Sent Value -292.99 @ 2023-05-31 02:51:30.963337
Serial 2 Received Value 107.01 @ 2023-05-31 02:51:30.964768
Serial 1 Received Value -92.99 @ 2023-05-31 02:51:30.965046
Serial 2 Sent Value 107.01 @ 2023-05-31 02:51:30.965151
Serial 1 Sent Value -92.99 @ 2023-05-31 02:51:30.965269
Serial 0 Received Value -282.89 @ 2023-05-31 02:51:30.967138
Serial 0 Sent Value -282.89 @ 2023-05-31 02:51:30.967303
Serial 2 Received Value 117.11 @ 2023-05-31 02:51:30.968858
Serial 1 Received Value -82.89 @ 2023-05-31 02:51:30.969136
Serial 2 Sent Value 117.11 @ 2023-05-31 02:51:30.969251
Serial 1 Sent Value -82.89 @ 2023-05-31 02:51:30.969375
Serial 0 Received Value -272.79 @ 2023-05-31 02:51:30.971299
Serial 0 Sent Value -272.79 @ 2023-05-31 02:51:30.971455
Serial 2 Received Value 127.21 @ 2023-05-31 02:51:30.972947
Serial 1 Received Value -72.79 @ 2023-05-31 02:51:30.973222
Serial 2 Sent Value 127.21 @ 2023-05-31 02:51:30.973336
Serial 1 Sent Value -72.79 @ 2023-05-31 02:51:30.973453
Serial 0 Received Value -262.69 @ 2023-05-31 02:51:30.975328
Serial 0 Sent Value -262.69 @ 2023-05-31 02:51:30.975452
Serial 2 Received Value 137.31 @ 2023-05-31 02:51:30.977050
Serial 1 Received Value -62.69 @ 2023-05-31 02:51:30.977323
Serial 2 Sent Value 137.31 @ 2023-05-31 02:51:30.977429
Serial 1 Sent Value -62.69 @ 2023-05-31 02:51:30.977544
Serial 0 Received Value -252.59 @ 2023-05-31 02:51:30.979439
Serial 0 Sent Value -252.59 @ 2023-05-31 02:51:30.979559
Serial 2 Received Value 147.41 @ 2023-05-31 02:51:30.981136
Serial 1 Received Value -52.59 @ 2023-05-31 02:51:30.981411
Serial 2 Sent Value 147.41 @ 2023-05-31 02:51:30.981518
Serial 1 Sent Value -52.59 @ 2023-05-31 02:51:30.981638
Serial 0 Received Value -242.49 @ 2023-05-31 02:51:30.983527
Serial 0 Sent Value -242.49 @ 2023-05-31 02:51:30.983654
Serial 2 Received Value 157.51 @ 2023-05-31 02:51:30.985293
Serial 1 Received Value -42.49 @ 2023-05-31 02:51:30.985568
Serial 2 Sent Value 157.51 @ 2023-05-31 02:51:30.985681
Serial 1 Sent Value -42.49 @ 2023-05-31 02:51:30.985799
Serial 0 Received Value -232.39 @ 2023-05-31 02:51:30.987626
Serial 0 Sent Value -232.39 @ 2023-05-31 02:51:30.987760
Serial 2 Received Value 167.61 @ 2023-05-31 02:51:30.989326
Serial 1 Received Value -32.39 @ 2023-05-31 02:51:30.989600
Serial 2 Sent Value 167.61 @ 2023-05-31 02:51:30.989706
Serial 1 Sent Value -32.39 @ 2023-05-31 02:51:30.989821
Serial 0 Received Value -222.29 @ 2023-05-31 02:51:30.991728
Serial 0 Sent Value -222.29 @ 2023-05-31 02:51:30.991859
Serial 2 Received Value 177.71 @ 2023-05-31 02:51:30.993419
Serial 1 Received Value -22.29 @ 2023-05-31 02:51:30.993695
Serial 2 Sent Value 177.71 @ 2023-05-31 02:51:30.993802
Serial 1 Sent Value -22.29 @ 2023-05-31 02:51:30.994017
Serial 0 Received Value -212.19 @ 2023-05-31 02:51:30.995816
Serial 0 Sent Value -212.19 @ 2023-05-31 02:51:30.996020
Serial 2 Received Value 187.81 @ 2023-05-31 02:51:30.997516
Serial 1 Received Value -12.19 @ 2023-05-31 02:51:30.997790
Serial 2 Sent Value 187.81 @ 2023-05-31 02:51:30.998018
Serial 1 Sent Value -12.19 @ 2023-05-31 02:51:30.998131
Serial 0 Received Value -202.09 @ 2023-05-31 02:51:30.999929
Serial 0 Sent Value -202.09 @ 2023-05-31 02:51:31.000050
Serial 2 Received Value 197.91 @ 2023-05-31 02:51:31.001603
Serial 1 Received Value -2.09 @ 2023-05-31 02:51:31.001847
Serial 2 Sent Value 197.91 @ 2023-05-31 02:51:31.002023
Serial 1 Sent Value -2.09 @ 2023-05-31 02:51:31.002137
Serial 0 Received Value -191.99 @ 2023-05-31 02:51:31.004004
Serial 0 Sent Value -191.99 @ 2023-05-31 02:51:31.004134
Serial 2 Received Value 208.01 @ 2023-05-31 02:51:31.005687
Serial 1 Received Value 8.01 @ 2023-05-31 02:51:31.005902
Serial 2 Sent Value 208.01 @ 2023-05-31 02:51:31.006022
Serial 1 Sent Value 8.01 @ 2023-05-31 02:51:31.006137
Serial 0 Received Value -181.89 @ 2023-05-31 02:51:31.008098
Serial 0 Sent Value -181.89 @ 2023-05-31 02:51:31.008218
Serial 2 Received Value 218.11 @ 2023-05-31 02:51:31.009801
Serial 1 Received Value 18.11 @ 2023-05-31 02:51:31.010046
Serial 2 Sent Value 218.11 @ 2023-05-31 02:51:31.010148
Serial 1 Sent Value 18.11 @ 2023-05-31 02:51:31.010264
Serial 0 Received Value -171.79 @ 2023-05-31 02:51:31.012173
Serial 0 Sent Value -171.79 @ 2023-05-31 02:51:31.012293
Serial 2 Received Value 228.21 @ 2023-05-31 02:51:31.013902
Serial 1 Received Value 28.21 @ 2023-05-31 02:51:31.014147
Serial 2 Sent Value 228.21 @ 2023-05-31 02:51:31.014259
Serial 1 Sent Value 28.21 @ 2023-05-31 02:51:31.014373
Serial 0 Received Value -161.69 @ 2023-05-31 02:51:31.016306
Serial 0 Sent Value -161.69 @ 2023-05-31 02:51:31.016429
Serial 2 Received Value 238.31 @ 2023-05-31 02:51:31.017991
Serial 1 Received Value 38.31 @ 2023-05-31 02:51:31.018237
Serial 2 Sent Value 238.31 @ 2023-05-31 02:51:31.018338
Serial 1 Sent Value 38.31 @ 2023-05-31 02:51:31.018454
Serial 0 Received Value -151.59 @ 2023-05-31 02:51:31.020382
Serial 0 Sent Value -151.59 @ 2023-05-31 02:51:31.020510
Serial 2 Received Value 248.41 @ 2023-05-31 02:51:31.022167
Serial 1 Received Value 48.41 @ 2023-05-31 02:51:31.022426
Serial 2 Sent Value 248.41 @ 2023-05-31 02:51:31.022555
Serial 1 Sent Value 48.41 @ 2023-05-31 02:51:31.022674
Serial 0 Received Value -141.49 @ 2023-05-31 02:51:31.024503
Serial 0 Sent Value -141.49 @ 2023-05-31 02:51:31.024636
Serial 2 Received Value 258.51 @ 2023-05-31 02:51:31.026245
Serial 1 Received Value 58.51 @ 2023-05-31 02:51:31.026490
Serial 2 Sent Value 258.51 @ 2023-05-31 02:51:31.026602
Serial 1 Sent Value 58.51 @ 2023-05-31 02:51:31.026716
Serial 0 Received Value -131.39 @ 2023-05-31 02:51:31.028577
Serial 0 Sent Value -131.39 @ 2023-05-31 02:51:31.028705
Serial 2 Received Value 268.61 @ 2023-05-31 02:51:31.030304
Serial 1 Received Value 68.61 @ 2023-05-31 02:51:31.030552
Serial 2 Sent Value 268.61 @ 2023-05-31 02:51:31.030656
Serial 1 Sent Value 68.61 @ 2023-05-31 02:51:31.030771
Serial 0 Received Value -121.29 @ 2023-05-31 02:51:31.032650
Serial 0 Sent Value -121.29 @ 2023-05-31 02:51:31.032778
Serial 2 Received Value 278.71 @ 2023-05-31 02:51:31.034379
Serial 1 Received Value 78.71 @ 2023-05-31 02:51:31.034624
Serial 2 Sent Value 278.71 @ 2023-05-31 02:51:31.034725
Serial 1 Sent Value 78.71 @ 2023-05-31 02:51:31.034838
Serial 0 Received Value -111.19 @ 2023-05-31 02:51:31.036776
Serial 0 Sent Value -111.19 @ 2023-05-31 02:51:31.037027
Serial 2 Received Value 288.81 @ 2023-05-31 02:51:31.038463
Serial 1 Received Value 88.81 @ 2023-05-31 02:51:31.038708
Serial 2 Sent Value 288.81 @ 2023-05-31 02:51:31.038810
Serial 1 Sent Value 88.81 @ 2023-05-31 02:51:31.039025
Serial 0 Received Value -101.09 @ 2023-05-31 02:51:31.040867
Serial 0 Sent Value -101.09 @ 2023-05-31 02:51:31.041027
Serial 2 Received Value 298.91 @ 2023-05-31 02:51:31.042551
Serial 1 Received Value 98.91 @ 2023-05-31 02:51:31.042796
Serial 2 Sent Value 298.91 @ 2023-05-31 02:51:31.043027
Serial 1 Sent Value 98.91 @ 2023-05-31 02:51:31.043140
Serial 0 Received Value -90.99 @ 2023-05-31 02:51:31.044906
Serial 0 Sent Value -90.99 @ 2023-05-31 02:51:31.045029
Serial 2 Received Value 309.01 @ 2023-05-31 02:51:31.046678
Serial 1 Received Value 109.01 @ 2023-05-31 02:51:31.046951
Serial 2 Sent Value 309.01 @ 2023-05-31 02:51:31.047052
Serial 1 Sent Value 109.01 @ 2023-05-31 02:51:31.047163
Serial 0 Received Value -80.89 @ 2023-05-31 02:51:31.049000
Serial 0 Sent Value -80.89 @ 2023-05-31 02:51:31.049120
Serial 2 Received Value 319.11 @ 2023-05-31 02:51:31.050781
Serial 1 Received Value 119.11 @ 2023-05-31 02:51:31.051055
Serial 2 Sent Value 319.11 @ 2023-05-31 02:51:31.051159
Serial 1 Sent Value 119.11 @ 2023-05-31 02:51:31.051279
Serial 0 Received Value -70.79 @ 2023-05-31 02:51:31.053109
Serial 0 Sent Value -70.79 @ 2023-05-31 02:51:31.053235
Serial 2 Received Value 329.21 @ 2023-05-31 02:51:31.054863
Serial 1 Received Value 129.21 @ 2023-05-31 02:51:31.055138
Serial 2 Sent Value 329.21 @ 2023-05-31 02:51:31.055245
Serial 1 Sent Value 129.21 @ 2023-05-31 02:51:31.055388
Serial 0 Received Value -60.69 @ 2023-05-31 02:51:31.057206
Serial 0 Sent Value -60.69 @ 2023-05-31 02:51:31.057329
Serial 2 Received Value 339.31 @ 2023-05-31 02:51:31.058956
Serial 1 Received Value 139.31 @ 2023-05-31 02:51:31.059234
Serial 2 Sent Value 339.31 @ 2023-05-31 02:51:31.059512
Serial 1 Sent Value 139.31 @ 2023-05-31 02:51:31.059643
Serial 0 Received Value -50.59 @ 2023-05-31 02:51:31.061317
Serial 0 Sent Value -50.59 @ 2023-05-31 02:51:31.061440
Serial 2 Received Value 349.41 @ 2023-05-31 02:51:31.063073
Serial 1 Received Value 149.41 @ 2023-05-31 02:51:31.063348
Serial 2 Sent Value 349.41 @ 2023-05-31 02:51:31.063457
Serial 1 Sent Value 149.41 @ 2023-05-31 02:51:31.063578
Serial 0 Received Value -40.49 @ 2023-05-31 02:51:31.065434
Serial 0 Sent Value -40.49 @ 2023-05-31 02:51:31.065557
Serial 2 Received Value 359.51 @ 2023-05-31 02:51:31.067148
Serial 1 Received Value 159.51 @ 2023-05-31 02:51:31.067420
Serial 2 Sent Value 359.51 @ 2023-05-31 02:51:31.067521
Serial 1 Sent Value 159.51 @ 2023-05-31 02:51:31.067787
Serial 0 Received Value -30.39 @ 2023-05-31 02:51:31.069490
Serial 0 Sent Value -30.39 @ 2023-05-31 02:51:31.069623
Serial 1 Received Value 169.61 @ 2023-05-31 02:51:31.071330
Serial 2 Received Value 369.61 @ 2023-05-31 02:51:31.071617
Serial 1 Sent Value 169.61 @ 2023-05-31 02:51:31.071758
Serial 2 Sent Value 369.61 @ 2023-05-31 02:51:31.071875
Serial 0 Received Value -20.29 @ 2023-05-31 02:51:31.073591
Serial 0 Sent Value -20.29 @ 2023-05-31 02:51:31.073716
Serial 2 Received Value 379.71 @ 2023-05-31 02:51:31.075353
Serial 1 Received Value 179.71 @ 2023-05-31 02:51:31.075658
Serial 2 Sent Value 379.71 @ 2023-05-31 02:51:31.075770
Serial 1 Sent Value 179.71 @ 2023-05-31 02:51:31.075892
Serial 0 Received Value -10.19 @ 2023-05-31 02:51:31.077682
Serial 0 Sent Value -10.19 @ 2023-05-31 02:51:31.077804
Serial 2 Received Value 389.81 @ 2023-05-31 02:51:31.079426
Serial 1 Received Value 189.81 @ 2023-05-31 02:51:31.079718
Serial 2 Sent Value 389.81 @ 2023-05-31 02:51:31.079854
Serial 1 Sent Value 189.81 @ 2023-05-31 02:51:31.080037
Serial 0 Received Value -0.09 @ 2023-05-31 02:51:31.081757
Serial 0 Sent Value -0.09 @ 2023-05-31 02:51:31.081881
Serial 2 Received Value 399.91 @ 2023-05-31 02:51:31.083529
Serial 1 Received Value 199.91 @ 2023-05-31 02:51:31.083819
Serial 2 Sent Value 399.91 @ 2023-05-31 02:51:31.084041
Serial 1 Sent Value 199.91 @ 2023-05-31 02:51:31.084162
Serial 0 Received Value 10.01 @ 2023-05-31 02:51:31.085837
Serial 0 Sent Value 10.01 @ 2023-05-31 02:51:31.086038
Serial 2 Received Value 410.01 @ 2023-05-31 02:51:31.087641
Serial 1 Received Value 210.01 @ 2023-05-31 02:51:31.087919
Serial 2 Sent Value 410.01 @ 2023-05-31 02:51:31.088038
Serial 1 Sent Value 210.01 @ 2023-05-31 02:51:31.088151
Serial 0 Received Value 20.11 @ 2023-05-31 02:51:31.089938
Serial 0 Sent Value 20.11 @ 2023-05-31 02:51:31.090058
Serial 2 Received Value 420.11 @ 2023-05-31 02:51:31.091745
Serial 1 Received Value 220.11 @ 2023-05-31 02:51:31.092020
Serial 2 Sent Value 420.11 @ 2023-05-31 02:51:31.092127
Serial 1 Sent Value 220.11 @ 2023-05-31 02:51:31.092251
Serial 0 Received Value 30.21 @ 2023-05-31 02:51:31.094035
Serial 0 Sent Value 30.21 @ 2023-05-31 02:51:31.094157
Serial 2 Received Value 430.21 @ 2023-05-31 02:51:31.095834
Serial 1 Received Value 230.21 @ 2023-05-31 02:51:31.096110
Serial 2 Sent Value 430.21 @ 2023-05-31 02:51:31.096217
Serial 1 Sent Value 230.21 @ 2023-05-31 02:51:31.096336
Serial 0 Received Value 40.31 @ 2023-05-31 02:51:31.098119
Serial 0 Sent Value 40.31 @ 2023-05-31 02:51:31.098252
Serial 2 Received Value 440.31 @ 2023-05-31 02:51:31.099928
Serial 1 Received Value 240.31 @ 2023-05-31 02:51:31.100201
Serial 2 Sent Value 440.31 @ 2023-05-31 02:51:31.100309
Serial 1 Sent Value 240.31 @ 2023-05-31 02:51:31.100427
Serial 0 Received Value 50.41 @ 2023-05-31 02:51:31.102252
Serial 0 Sent Value 50.41 @ 2023-05-31 02:51:31.102377
Serial 2 Received Value 450.41 @ 2023-05-31 02:51:31.103999
Serial 1 Received Value 250.41 @ 2023-05-31 02:51:31.104274
Serial 2 Sent Value 450.41 @ 2023-05-31 02:51:31.104378
Serial 1 Sent Value 250.41 @ 2023-05-31 02:51:31.104502
Serial 0 Received Value 60.51 @ 2023-05-31 02:51:31.106302
Serial 0 Sent Value 60.51 @ 2023-05-31 02:51:31.106428
Serial 2 Received Value 460.51 @ 2023-05-31 02:51:31.108119
Serial 1 Received Value 260.51 @ 2023-05-31 02:51:31.108391
Serial 2 Sent Value 460.51 @ 2023-05-31 02:51:31.108504
Serial 1 Sent Value 260.51 @ 2023-05-31 02:51:31.108629
Serial 0 Received Value 70.61 @ 2023-05-31 02:51:31.110410
Serial 0 Sent Value 70.61 @ 2023-05-31 02:51:31.110530
Serial 2 Received Value 470.61 @ 2023-05-31 02:51:31.112219
Serial 1 Received Value 270.61 @ 2023-05-31 02:51:31.112494
Serial 2 Sent Value 470.61 @ 2023-05-31 02:51:31.112597
Serial 1 Sent Value 270.61 @ 2023-05-31 02:51:31.112711
Serial 0 Received Value 80.71 @ 2023-05-31 02:51:31.114510
Serial 0 Sent Value 80.71 @ 2023-05-31 02:51:31.114634
Serial 2 Received Value 480.71 @ 2023-05-31 02:51:31.116311
Serial 1 Received Value 280.71 @ 2023-05-31 02:51:31.116585
Serial 2 Sent Value 480.71 @ 2023-05-31 02:51:31.116687
Serial 1 Sent Value 280.71 @ 2023-05-31 02:51:31.116800
Serial 0 Received Value 90.81 @ 2023-05-31 02:51:31.118609
Serial 0 Sent Value 90.81 @ 2023-05-31 02:51:31.118733
Serial 2 Received Value 490.81 @ 2023-05-31 02:51:31.120415
Serial 1 Received Value 290.81 @ 2023-05-31 02:51:31.120690
Serial 2 Sent Value 490.81 @ 2023-05-31 02:51:31.120797
Serial 1 Sent Value 290.81 @ 2023-05-31 02:51:31.121041
Serial 0 Received Value 100.91 @ 2023-05-31 02:51:31.122937
Serial 0 Sent Value 100.91 @ 2023-05-31 02:51:31.123235
Serial 1 Received Value 300.91 @ 2023-05-31 02:51:31.125130
Serial 2 Received Value 500.91 @ 2023-05-31 02:51:31.125450
Serial 1 Sent Value 300.91 @ 2023-05-31 02:51:31.126034
Serial 2 Sent Value 500.91 @ 2023-05-31 02:51:31.126722
Serial 0 Received Value 111.01 @ 2023-05-31 02:51:31.127171
Serial 0 Sent Value 111.01 @ 2023-05-31 02:51:31.127447
Serial 1 Received Value 311.01 @ 2023-05-31 02:51:31.128800
Serial 2 Received Value 511.01 @ 2023-05-31 02:51:31.132509
Serial 0 Received Value 121.11 @ 2023-05-31 02:51:31.132849
Serial 1 Sent Value 311.01 @ 2023-05-31 02:51:31.133063
Serial 2 Sent Value 511.01 @ 2023-05-31 02:51:31.133172
Serial 0 Sent Value 121.11 @ 2023-05-31 02:51:31.133284
Serial 0 Received Value 131.21 @ 2023-05-31 02:51:31.139054
Serial 1 Received Value 321.11 @ 2023-05-31 02:51:31.139331
Serial 2 Received Value 521.11 @ 2023-05-31 02:51:31.139621
Serial 0 Sent Value 131.21 @ 2023-05-31 02:51:31.139747
Serial 1 Sent Value 321.11 @ 2023-05-31 02:51:31.139853
Serial 2 Sent Value 521.11 @ 2023-05-31 02:51:31.140043
Serial 0 Received Value 141.31 @ 2023-05-31 02:51:31.143220
Serial 0 Sent Value 141.31 @ 2023-05-31 02:51:31.143347
Serial 2 Received Value 531.21 @ 2023-05-31 02:51:31.144971
Serial 1 Received Value 331.21 @ 2023-05-31 02:51:31.145246
Serial 2 Sent Value 531.21 @ 2023-05-31 02:51:31.145349
Serial 1 Sent Value 331.21 @ 2023-05-31 02:51:31.145465
Serial 0 Received Value 151.41 @ 2023-05-31 02:51:31.147315
Serial 0 Sent Value 151.41 @ 2023-05-31 02:51:31.147436
Serial 2 Received Value 541.31 @ 2023-05-31 02:51:31.149076
Serial 1 Received Value 341.31 @ 2023-05-31 02:51:31.149352
Serial 2 Sent Value 541.31 @ 2023-05-31 02:51:31.149457
Serial 1 Sent Value 341.31 @ 2023-05-31 02:51:31.149567
Serial 0 Received Value 161.51 @ 2023-05-31 02:51:31.151420
Serial 0 Sent Value 161.51 @ 2023-05-31 02:51:31.151547
Serial 2 Received Value 551.41 @ 2023-05-31 02:51:31.153160
Serial 1 Received Value 351.41 @ 2023-05-31 02:51:31.153452
Serial 2 Sent Value 551.41 @ 2023-05-31 02:51:31.153558
Serial 1 Sent Value 351.41 @ 2023-05-31 02:51:31.153683
Serial 0 Received Value 171.61 @ 2023-05-31 02:51:31.155519
Serial 0 Sent Value 171.61 @ 2023-05-31 02:51:31.155647
Serial 1 Received Value 361.51 @ 2023-05-31 02:51:31.157293
Serial 2 Received Value 561.51 @ 2023-05-31 02:51:31.157559
Serial 1 Sent Value 361.51 @ 2023-05-31 02:51:31.157676
Serial 2 Sent Value 561.51 @ 2023-05-31 02:51:31.157788
Serial 0 Received Value 181.71 @ 2023-05-31 02:51:31.159615
Serial 0 Sent Value 181.71 @ 2023-05-31 02:51:31.159738
Serial 2 Received Value 571.61 @ 2023-05-31 02:51:31.161358
Serial 1 Received Value 371.61 @ 2023-05-31 02:51:31.161632
Serial 2 Sent Value 571.61 @ 2023-05-31 02:51:31.161733
Serial 1 Sent Value 371.61 @ 2023-05-31 02:51:31.161851
Serial 0 Received Value 191.81 @ 2023-05-31 02:51:31.163797
Serial 0 Sent Value 191.81 @ 2023-05-31 02:51:31.164054
Serial 2 Received Value 581.71 @ 2023-05-31 02:51:31.165461
Serial 1 Received Value 381.71 @ 2023-05-31 02:51:31.165737
Serial 2 Sent Value 581.71 @ 2023-05-31 02:51:31.165840
Serial 1 Sent Value 381.71 @ 2023-05-31 02:51:31.166050
Serial 0 Received Value 201.91 @ 2023-05-31 02:51:31.167980
Serial 0 Sent Value 201.91 @ 2023-05-31 02:51:31.168116
Serial 2 Received Value 591.81 @ 2023-05-31 02:51:31.169551
Serial 1 Received Value 391.81 @ 2023-05-31 02:51:31.169826
Serial 2 Sent Value 591.81 @ 2023-05-31 02:51:31.170050
Serial 1 Sent Value 391.81 @ 2023-05-31 02:51:31.170170
Serial 0 Received Value 212.01 @ 2023-05-31 02:51:31.171921
Serial 0 Sent Value 212.01 @ 2023-05-31 02:51:31.172063
Serial 2 Received Value 601.91 @ 2023-05-31 02:51:31.173688
Serial 1 Received Value 401.91 @ 2023-05-31 02:51:31.173969
Serial 2 Sent Value 601.91 @ 2023-05-31 02:51:31.174085
Serial 1 Sent Value 401.91 @ 2023-05-31 02:51:31.174209
Serial 0 Received Value 222.11 @ 2023-05-31 02:51:31.176010
Serial 0 Sent Value 222.11 @ 2023-05-31 02:51:31.176142
Serial 2 Received Value 612.01 @ 2023-05-31 02:51:31.177739
Serial 1 Received Value 412.01 @ 2023-05-31 02:51:31.178013
Serial 2 Sent Value 612.01 @ 2023-05-31 02:51:31.178120
Serial 1 Sent Value 412.01 @ 2023-05-31 02:51:31.178239
Serial 0 Received Value 232.21 @ 2023-05-31 02:51:31.180090
Serial 0 Sent Value 232.21 @ 2023-05-31 02:51:31.180214
Serial 2 Received Value 622.11 @ 2023-05-31 02:51:31.181837
Serial 1 Received Value 422.11 @ 2023-05-31 02:51:31.182111
Serial 2 Sent Value 622.11 @ 2023-05-31 02:51:31.182217
Serial 1 Sent Value 422.11 @ 2023-05-31 02:51:31.182334
Serial 0 Received Value 242.31 @ 2023-05-31 02:51:31.184187
Serial 0 Sent Value 242.31 @ 2023-05-31 02:51:31.184332
Serial 2 Received Value 632.21 @ 2023-05-31 02:51:31.185918
Serial 1 Received Value 432.21 @ 2023-05-31 02:51:31.186193
Serial 2 Sent Value 632.21 @ 2023-05-31 02:51:31.186299
Serial 1 Sent Value 432.21 @ 2023-05-31 02:51:31.186416
Serial 0 Received Value 252.41 @ 2023-05-31 02:51:31.188312
Serial 0 Sent Value 252.41 @ 2023-05-31 02:51:31.188436
Serial 2 Received Value 642.31 @ 2023-05-31 02:51:31.190035
Serial 1 Received Value 442.31 @ 2023-05-31 02:51:31.190309
Serial 2 Sent Value 642.31 @ 2023-05-31 02:51:31.190413
Serial 1 Sent Value 442.31 @ 2023-05-31 02:51:31.190531
Serial 0 Received Value 262.51 @ 2023-05-31 02:51:31.192390
Serial 0 Sent Value 262.51 @ 2023-05-31 02:51:31.192519
Serial 2 Received Value 652.41 @ 2023-05-31 02:51:31.194126
Serial 1 Received Value 452.41 @ 2023-05-31 02:51:31.194398
Serial 2 Sent Value 652.41 @ 2023-05-31 02:51:31.194502
Serial 1 Sent Value 452.41 @ 2023-05-31 02:51:31.194619
Serial 0 Received Value 272.61 @ 2023-05-31 02:51:31.196463
Serial 0 Sent Value 272.61 @ 2023-05-31 02:51:31.196586
Serial 2 Received Value 662.51 @ 2023-05-31 02:51:31.198220
Serial 1 Received Value 462.51 @ 2023-05-31 02:51:31.198494
Serial 2 Sent Value 662.51 @ 2023-05-31 02:51:31.198600
Serial 1 Sent Value 462.51 @ 2023-05-31 02:51:31.198717
Serial 0 Received Value 282.71 @ 2023-05-31 02:51:31.200550
Serial 0 Sent Value 282.71 @ 2023-05-31 02:51:31.200670
Serial 2 Received Value 672.61 @ 2023-05-31 02:51:31.202316
Serial 1 Received Value 472.61 @ 2023-05-31 02:51:31.202589
Serial 2 Sent Value 672.61 @ 2023-05-31 02:51:31.202695
Serial 1 Sent Value 472.61 @ 2023-05-31 02:51:31.202812
Serial 0 Received Value 292.81 @ 2023-05-31 02:51:31.204660
Serial 0 Sent Value 292.81 @ 2023-05-31 02:51:31.204792
Serial 2 Received Value 682.71 @ 2023-05-31 02:51:31.206424
Serial 1 Received Value 482.71 @ 2023-05-31 02:51:31.206698
Serial 2 Sent Value 682.71 @ 2023-05-31 02:51:31.206802
Serial 1 Sent Value 482.71 @ 2023-05-31 02:51:31.206915
Serial 0 Received Value 302.91 @ 2023-05-31 02:51:31.208755
Serial 0 Sent Value 302.91 @ 2023-05-31 02:51:31.208878
Serial 2 Received Value 692.81 @ 2023-05-31 02:51:31.210500
Serial 1 Received Value 492.81 @ 2023-05-31 02:51:31.210773
Serial 2 Sent Value 692.81 @ 2023-05-31 02:51:31.210879
Serial 1 Sent Value 492.81 @ 2023-05-31 02:51:31.211058
Serial 0 Received Value 313.01 @ 2023-05-31 02:51:31.212863
Serial 0 Sent Value 313.01 @ 2023-05-31 02:51:31.213056
Serial 2 Received Value 702.91 @ 2023-05-31 02:51:31.214592
Serial 1 Received Value 502.91 @ 2023-05-31 02:51:31.214866
Serial 2 Sent Value 702.91 @ 2023-05-31 02:51:31.215060
Serial 1 Sent Value 502.91 @ 2023-05-31 02:51:31.215181
Serial 0 Received Value 323.11 @ 2023-05-31 02:51:31.216954
Serial 0 Sent Value 323.11 @ 2023-05-31 02:51:31.217079
Serial 2 Received Value 713.01 @ 2023-05-31 02:51:31.218693
Serial 1 Received Value 513.01 @ 2023-05-31 02:51:31.218968
Serial 2 Sent Value 713.01 @ 2023-05-31 02:51:31.219076
Serial 1 Sent Value 513.01 @ 2023-05-31 02:51:31.219196
Serial 0 Received Value 333.21 @ 2023-05-31 02:51:31.221068
Serial 0 Sent Value 333.21 @ 2023-05-31 02:51:31.221191
Serial 1 Received Value 523.11 @ 2023-05-31 02:51:31.222886
Serial 2 Received Value 723.11 @ 2023-05-31 02:51:31.223171
Serial 1 Sent Value 523.11 @ 2023-05-31 02:51:31.223331
Serial 2 Sent Value 723.11 @ 2023-05-31 02:51:31.223435
Serial 0 Received Value 343.31 @ 2023-05-31 02:51:31.225146
Serial 0 Sent Value 343.31 @ 2023-05-31 02:51:31.225276
Serial 1 Received Value 533.21 @ 2023-05-31 02:51:31.226911
Serial 2 Received Value 733.21 @ 2023-05-31 02:51:31.227180
Serial 1 Sent Value 533.21 @ 2023-05-31 02:51:31.227296
Serial 2 Sent Value 733.21 @ 2023-05-31 02:51:31.227399
Serial 0 Received Value 353.41 @ 2023-05-31 02:51:31.229228
Serial 0 Sent Value 353.41 @ 2023-05-31 02:51:31.229354
Serial 2 Received Value 743.31 @ 2023-05-31 02:51:31.230984
Serial 1 Received Value 543.31 @ 2023-05-31 02:51:31.231257
Serial 2 Sent Value 743.31 @ 2023-05-31 02:51:31.231363
Serial 1 Sent Value 543.31 @ 2023-05-31 02:51:31.231485
Serial 0 Received Value 363.51 @ 2023-05-31 02:51:31.233337
Serial 0 Sent Value 363.51 @ 2023-05-31 02:51:31.233466
Serial 2 Received Value 753.41 @ 2023-05-31 02:51:31.235071
Serial 1 Received Value 553.41 @ 2023-05-31 02:51:31.235344
Serial 2 Sent Value 753.41 @ 2023-05-31 02:51:31.235452
Serial 1 Sent Value 553.41 @ 2023-05-31 02:51:31.235570
Serial 0 Received Value 373.61 @ 2023-05-31 02:51:31.237440
Serial 0 Sent Value 373.61 @ 2023-05-31 02:51:31.237571
Serial 2 Received Value 763.51 @ 2023-05-31 02:51:31.239174
Serial 1 Received Value 563.51 @ 2023-05-31 02:51:31.239448
Serial 2 Sent Value 763.51 @ 2023-05-31 02:51:31.239550
Serial 1 Sent Value 563.51 @ 2023-05-31 02:51:31.239680
Serial 0 Received Value 383.71 @ 2023-05-31 02:51:31.241578
Serial 0 Sent Value 383.71 @ 2023-05-31 02:51:31.241698
Serial 1 Received Value 573.61 @ 2023-05-31 02:51:31.243310
Serial 2 Received Value 773.61 @ 2023-05-31 02:51:31.243575
Serial 1 Sent Value 573.61 @ 2023-05-31 02:51:31.243704
Serial 2 Sent Value 773.61 @ 2023-05-31 02:51:31.243811
Serial 0 Received Value 393.81 @ 2023-05-31 02:51:31.245637
Serial 0 Sent Value 393.81 @ 2023-05-31 02:51:31.245758
Serial 2 Received Value 783.71 @ 2023-05-31 02:51:31.247353
Serial 1 Received Value 583.71 @ 2023-05-31 02:51:31.247641
Serial 2 Sent Value 783.71 @ 2023-05-31 02:51:31.247744
Serial 1 Sent Value 583.71 @ 2023-05-31 02:51:31.247858
Serial 0 Received Value 403.91 @ 2023-05-31 02:51:31.249709
Serial 0 Sent Value 403.91 @ 2023-05-31 02:51:31.249829
Serial 2 Received Value 793.81 @ 2023-05-31 02:51:31.251449
Serial 1 Received Value 593.81 @ 2023-05-31 02:51:31.251812
Serial 2 Sent Value 793.81 @ 2023-05-31 02:51:31.251925
Serial 1 Sent Value 593.81 @ 2023-05-31 02:51:31.252063
Serial 0 Received Value 414.01 @ 2023-05-31 02:51:31.253820
Serial 0 Sent Value 414.01 @ 2023-05-31 02:51:31.254064
Serial 2 Received Value 803.91 @ 2023-05-31 02:51:31.255574
Serial 1 Received Value 603.91 @ 2023-05-31 02:51:31.255863
Serial 2 Sent Value 803.91 @ 2023-05-31 02:51:31.256066
Serial 1 Sent Value 603.91 @ 2023-05-31 02:51:31.256185
Serial 0 Received Value 424.11 @ 2023-05-31 02:51:31.257893
Serial 0 Sent Value 424.11 @ 2023-05-31 02:51:31.258064
Serial 2 Received Value 814.01 @ 2023-05-31 02:51:31.259659
Serial 1 Received Value 614.01 @ 2023-05-31 02:51:31.259932
Serial 2 Sent Value 814.01 @ 2023-05-31 02:51:31.260225
Serial 1 Sent Value 614.01 @ 2023-05-31 02:51:31.260346
Serial 0 Received Value 434.21 @ 2023-05-31 02:51:31.262029
Serial 0 Sent Value 434.21 @ 2023-05-31 02:51:31.262157
Serial 2 Received Value 824.11 @ 2023-05-31 02:51:31.263779
Serial 1 Received Value 624.11 @ 2023-05-31 02:51:31.264054
Serial 2 Sent Value 824.11 @ 2023-05-31 02:51:31.264159
Serial 1 Sent Value 624.11 @ 2023-05-31 02:51:31.264281
Serial 0 Received Value 444.31 @ 2023-05-31 02:51:31.266095
Serial 0 Sent Value 444.31 @ 2023-05-31 02:51:31.266216
Serial 2 Received Value 834.21 @ 2023-05-31 02:51:31.267873
Serial 1 Received Value 634.21 @ 2023-05-31 02:51:31.268276
Serial 2 Sent Value 834.21 @ 2023-05-31 02:51:31.268391
Serial 1 Sent Value 634.21 @ 2023-05-31 02:51:31.268509
Serial 0 Received Value 454.41 @ 2023-05-31 02:51:31.270221
Serial 0 Sent Value 454.41 @ 2023-05-31 02:51:31.270343
Serial 2 Received Value 844.31 @ 2023-05-31 02:51:31.271978
Serial 1 Received Value 644.31 @ 2023-05-31 02:51:31.272252
Serial 2 Sent Value 844.31 @ 2023-05-31 02:51:31.272360
Serial 1 Sent Value 644.31 @ 2023-05-31 02:51:31.272476
Serial 0 Received Value 464.51 @ 2023-05-31 02:51:31.274338
Serial 0 Sent Value 464.51 @ 2023-05-31 02:51:31.274475
Serial 2 Received Value 854.41 @ 2023-05-31 02:51:31.276038
Serial 1 Received Value 654.41 @ 2023-05-31 02:51:31.276312
Serial 2 Sent Value 854.41 @ 2023-05-31 02:51:31.276421
Serial 1 Sent Value 654.41 @ 2023-05-31 02:51:31.276536
Serial 0 Received Value 474.61 @ 2023-05-31 02:51:31.278390
Serial 0 Sent Value 474.61 @ 2023-05-31 02:51:31.278515
Serial 2 Received Value 864.51 @ 2023-05-31 02:51:31.280135
Serial 1 Received Value 664.51 @ 2023-05-31 02:51:31.280412
Serial 2 Sent Value 864.51 @ 2023-05-31 02:51:31.280538
Serial 1 Sent Value 664.51 @ 2023-05-31 02:51:31.280658
Serial 0 Received Value 484.71 @ 2023-05-31 02:51:31.282473
Serial 0 Sent Value 484.71 @ 2023-05-31 02:51:31.282592
Serial 2 Received Value 874.61 @ 2023-05-31 02:51:31.284226
Serial 1 Received Value 674.61 @ 2023-05-31 02:51:31.284505
Serial 2 Sent Value 874.61 @ 2023-05-31 02:51:31.284619
Serial 1 Sent Value 674.61 @ 2023-05-31 02:51:31.284736
Serial 0 Received Value 494.81 @ 2023-05-31 02:51:31.286598
Serial 0 Sent Value 494.81 @ 2023-05-31 02:51:31.286725
Serial 2 Received Value 884.71 @ 2023-05-31 02:51:31.288352
Serial 1 Received Value 684.71 @ 2023-05-31 02:51:31.288627
Serial 2 Sent Value 884.71 @ 2023-05-31 02:51:31.288732
Serial 1 Sent Value 684.71 @ 2023-05-31 02:51:31.288844
Serial 0 Received Value 504.91 @ 2023-05-31 02:51:31.290682
Serial 0 Sent Value 504.91 @ 2023-05-31 02:51:31.290806
Serial 2 Received Value 894.81 @ 2023-05-31 02:51:31.292418
Serial 1 Received Value 694.81 @ 2023-05-31 02:51:31.292690
Serial 2 Sent Value 894.81 @ 2023-05-31 02:51:31.292793
Serial 1 Sent Value 694.81 @ 2023-05-31 02:51:31.292913
Serial 0 Received Value 515.01 @ 2023-05-31 02:51:31.294766
Serial 0 Sent Value 515.01 @ 2023-05-31 02:51:31.294887
Serial 2 Received Value 904.91 @ 2023-05-31 02:51:31.296526
Serial 1 Received Value 704.91 @ 2023-05-31 02:51:31.296802
Serial 2 Sent Value 904.91 @ 2023-05-31 02:51:31.296913
Serial 1 Sent Value 704.91 @ 2023-05-31 02:51:31.297072
Serial 0 Received Value 525.11 @ 2023-05-31 02:51:31.298857
Serial 0 Sent Value 525.11 @ 2023-05-31 02:51:31.299073
Serial 2 Received Value 915.01 @ 2023-05-31 02:51:31.300625
Serial 1 Received Value 715.01 @ 2023-05-31 02:51:31.300899
Serial 2 Sent Value 915.01 @ 2023-05-31 02:51:31.301072
Serial 1 Sent Value 715.01 @ 2023-05-31 02:51:31.301186
Serial 0 Received Value 535.21 @ 2023-05-31 02:51:31.302952
Serial 0 Sent Value 535.21 @ 2023-05-31 02:51:31.303073
Serial 2 Received Value 925.11 @ 2023-05-31 02:51:31.304710
Serial 1 Received Value 725.11 @ 2023-05-31 02:51:31.304982
Serial 2 Sent Value 925.11 @ 2023-05-31 02:51:31.305083
Serial 1 Sent Value 725.11 @ 2023-05-31 02:51:31.305196
Serial 0 Received Value 545.31 @ 2023-05-31 02:51:31.307048
Serial 0 Sent Value 545.31 @ 2023-05-31 02:51:31.307172
Serial 2 Received Value 935.21 @ 2023-05-31 02:51:31.308816
Serial 1 Received Value 735.21 @ 2023-05-31 02:51:31.309090
Serial 2 Sent Value 935.21 @ 2023-05-31 02:51:31.309194
Serial 1 Sent Value 735.21 @ 2023-05-31 02:51:31.309309
Serial 0 Received Value 555.41 @ 2023-05-31 02:51:31.311168
Serial 0 Sent Value 555.41 @ 2023-05-31 02:51:31.311289
Serial 2 Received Value 945.31 @ 2023-05-31 02:51:31.312902
Serial 1 Received Value 745.31 @ 2023-05-31 02:51:31.313178
Serial 2 Sent Value 945.31 @ 2023-05-31 02:51:31.313290
Serial 1 Sent Value 745.31 @ 2023-05-31 02:51:31.313401
Serial 0 Received Value 565.51 @ 2023-05-31 02:51:31.315255
Serial 0 Sent Value 565.51 @ 2023-05-31 02:51:31.315381
Serial 2 Received Value 955.41 @ 2023-05-31 02:51:31.316996
Serial 1 Received Value 755.41 @ 2023-05-31 02:51:31.317271
Serial 2 Sent Value 955.41 @ 2023-05-31 02:51:31.317374
Serial 1 Sent Value 755.41 @ 2023-05-31 02:51:31.317491
Serial 0 Received Value 575.61 @ 2023-05-31 02:51:31.319366
Serial 0 Sent Value 575.61 @ 2023-05-31 02:51:31.319488
Serial 2 Received Value 965.51 @ 2023-05-31 02:51:31.321102
Serial 1 Received Value 765.51 @ 2023-05-31 02:51:31.321375
Serial 2 Sent Value 965.51 @ 2023-05-31 02:51:31.321479
Serial 1 Sent Value 765.51 @ 2023-05-31 02:51:31.321592
Serial 0 Received Value 585.71 @ 2023-05-31 02:51:31.323523
Serial 0 Sent Value 585.71 @ 2023-05-31 02:51:31.323719
Serial 2 Received Value 975.61 @ 2023-05-31 02:51:31.325200
Serial 1 Received Value 775.61 @ 2023-05-31 02:51:31.325474
Serial 2 Sent Value 975.61 @ 2023-05-31 02:51:31.325584
Serial 1 Sent Value 775.61 @ 2023-05-31 02:51:31.325703
Serial 0 Received Value 595.81 @ 2023-05-31 02:51:31.327566
Serial 0 Sent Value 595.81 @ 2023-05-31 02:51:31.327705
Serial 2 Received Value 985.71 @ 2023-05-31 02:51:31.329326
Serial 1 Received Value 785.71 @ 2023-05-31 02:51:31.329610
Serial 2 Sent Value 985.71 @ 2023-05-31 02:51:31.329721
Serial 1 Sent Value 785.71 @ 2023-05-31 02:51:31.329834
Serial 0 Received Value 605.91 @ 2023-05-31 02:51:31.331640
Serial 0 Sent Value 605.91 @ 2023-05-31 02:51:31.331765
Serial 2 Received Value 995.81 @ 2023-05-31 02:51:31.333386
Serial 1 Received Value 795.81 @ 2023-05-31 02:51:31.333659
Serial 2 Sent Value 995.81 @ 2023-05-31 02:51:31.333765
Serial 1 Sent Value 795.81 @ 2023-05-31 02:51:31.333883
Serial 0 Received Value 616.01 @ 2023-05-31 02:51:31.335756
Serial 0 Sent Value 616.01 @ 2023-05-31 02:51:31.335878
Serial 2 Received Value 1005.91 @ 2023-05-31 02:51:31.337494
Serial 1 Received Value 805.91 @ 2023-05-31 02:51:31.337765
Serial 2 Sent Value 1005.91 @ 2023-05-31 02:51:31.337867
Serial 1 Sent Value 805.91 @ 2023-05-31 02:51:31.338085
Serial 0 Received Value 626.11 @ 2023-05-31 02:51:31.339822
Serial 0 Sent Value 626.11 @ 2023-05-31 02:51:31.339947
Serial 2 Received Value 1016.01 @ 2023-05-31 02:51:31.341632
Serial 1 Received Value 816.01 @ 2023-05-31 02:51:31.341903
Serial 2 Sent Value 1016.01 @ 2023-05-31 02:51:31.342080
Serial 1 Sent Value 816.01 @ 2023-05-31 02:51:31.342193
Serial 0 Received Value 636.21 @ 2023-05-31 02:51:31.343929
Serial 0 Sent Value 636.21 @ 2023-05-31 02:51:31.344111
Serial 2 Received Value 1026.11 @ 2023-05-31 02:51:31.345716
Serial 1 Received Value 826.11 @ 2023-05-31 02:51:31.345989
Serial 2 Sent Value 1026.11 @ 2023-05-31 02:51:31.346096
Serial 1 Sent Value 826.11 @ 2023-05-31 02:51:31.346205
Serial 0 Received Value 646.31 @ 2023-05-31 02:51:31.348511
Serial 0 Sent Value 646.31 @ 2023-05-31 02:51:31.348763
Serial 2 Received Value 1036.21 @ 2023-05-31 02:51:31.350237
Serial 1 Received Value 836.21 @ 2023-05-31 02:51:31.350565
Serial 2 Sent Value 1036.21 @ 2023-05-31 02:51:31.350728
Serial 1 Sent Value 836.21 @ 2023-05-31 02:51:31.350894
Serial 0 Received Value 656.41 @ 2023-05-31 02:51:31.352143
Serial 0 Sent Value 656.41 @ 2023-05-31 02:51:31.352272
Serial 2 Received Value 1046.31 @ 2023-05-31 02:51:31.353910
Serial 1 Received Value 846.31 @ 2023-05-31 02:51:31.354185
Serial 2 Sent Value 1046.31 @ 2023-05-31 02:51:31.354300
Serial 1 Sent Value 846.31 @ 2023-05-31 02:51:31.354421
Serial 0 Received Value 666.51 @ 2023-05-31 02:51:31.356207
Serial 0 Sent Value 666.51 @ 2023-05-31 02:51:31.356335
Serial 1 Received Value 856.41 @ 2023-05-31 02:51:31.358338
Serial 2 Received Value 1056.41 @ 2023-05-31 02:51:31.358669
Serial 1 Sent Value 856.41 @ 2023-05-31 02:51:31.358891
Serial 2 Sent Value 1056.41 @ 2023-05-31 02:51:31.359088
Serial 0 Received Value 676.61 @ 2023-05-31 02:51:31.360359
Serial 0 Sent Value 676.61 @ 2023-05-31 02:51:31.360488
Serial 2 Received Value 1066.51 @ 2023-05-31 02:51:31.362118
Serial 1 Received Value 866.51 @ 2023-05-31 02:51:31.362394
Serial 2 Sent Value 1066.51 @ 2023-05-31 02:51:31.362500
Serial 1 Sent Value 866.51 @ 2023-05-31 02:51:31.362622
Serial 0 Received Value 686.71 @ 2023-05-31 02:51:31.364396
Serial 0 Sent Value 686.71 @ 2023-05-31 02:51:31.364521
Serial 2 Received Value 1076.61 @ 2023-05-31 02:51:31.366172
Serial 1 Received Value 876.61 @ 2023-05-31 02:51:31.366450
Serial 2 Sent Value 1076.61 @ 2023-05-31 02:51:31.366557
Serial 1 Sent Value 876.61 @ 2023-05-31 02:51:31.366674
Serial 0 Received Value 696.81 @ 2023-05-31 02:51:31.368640
Serial 0 Sent Value 696.81 @ 2023-05-31 02:51:31.368773
Serial 2 Received Value 1086.71 @ 2023-05-31 02:51:31.370289
Serial 1 Received Value 886.71 @ 2023-05-31 02:51:31.370564
Serial 2 Sent Value 1086.71 @ 2023-05-31 02:51:31.370675
Serial 1 Sent Value 886.71 @ 2023-05-31 02:51:31.370787
Serial 0 Received Value 706.91 @ 2023-05-31 02:51:31.372603
Serial 0 Sent Value 706.91 @ 2023-05-31 02:51:31.372735
Serial 1 Received Value 896.81 @ 2023-05-31 02:51:31.374383
Serial 2 Received Value 1096.81 @ 2023-05-31 02:51:31.374684
Serial 1 Sent Value 896.81 @ 2023-05-31 02:51:31.374809
Serial 2 Sent Value 1096.81 @ 2023-05-31 02:51:31.374914
Serial 0 Received Value 717.01 @ 2023-05-31 02:51:31.376708
Serial 0 Sent Value 717.01 @ 2023-05-31 02:51:31.376834
Serial 2 Received Value 1106.91 @ 2023-05-31 02:51:31.378474
Serial 1 Received Value 906.91 @ 2023-05-31 02:51:31.378749
Serial 2 Sent Value 1106.91 @ 2023-05-31 02:51:31.378859
Serial 1 Sent Value 906.91 @ 2023-05-31 02:51:31.379087
Serial 0 Received Value 727.11 @ 2023-05-31 02:51:31.380788
Serial 0 Sent Value 727.11 @ 2023-05-31 02:51:31.380907
Serial 2 Received Value 1117.01 @ 2023-05-31 02:51:31.382589
Serial 1 Received Value 917.01 @ 2023-05-31 02:51:31.382863
Serial 2 Sent Value 1117.01 @ 2023-05-31 02:51:31.383090
Serial 1 Sent Value 917.01 @ 2023-05-31 02:51:31.383246
Serial 0 Received Value 737.21 @ 2023-05-31 02:51:31.384966
Serial 0 Sent Value 737.21 @ 2023-05-31 02:51:31.385142
Serial 2 Received Value 1127.11 @ 2023-05-31 02:51:31.386679
Serial 1 Received Value 927.11 @ 2023-05-31 02:51:31.386956
Serial 2 Sent Value 1127.11 @ 2023-05-31 02:51:31.387093
Serial 1 Sent Value 927.11 @ 2023-05-31 02:51:31.387209
Serial 0 Received Value 747.31 @ 2023-05-31 02:51:31.388992
Serial 0 Sent Value 747.31 @ 2023-05-31 02:51:31.389118
Serial 2 Received Value 1137.21 @ 2023-05-31 02:51:31.390761
Serial 1 Received Value 937.21 @ 2023-05-31 02:51:31.391037
Serial 2 Sent Value 1137.21 @ 2023-05-31 02:51:31.391151
Serial 1 Sent Value 937.21 @ 2023-05-31 02:51:31.391266
Serial 0 Received Value 757.41 @ 2023-05-31 02:51:31.393086
Serial 0 Sent Value 757.41 @ 2023-05-31 02:51:31.393211
Serial 2 Received Value 1147.31 @ 2023-05-31 02:51:31.394866
Serial 1 Received Value 947.31 @ 2023-05-31 02:51:31.395144
Serial 2 Sent Value 1147.31 @ 2023-05-31 02:51:31.395252
Serial 1 Sent Value 947.31 @ 2023-05-31 02:51:31.395369
Serial 0 Received Value 767.51 @ 2023-05-31 02:51:31.397163
Serial 0 Sent Value 767.51 @ 2023-05-31 02:51:31.397282
Serial 2 Received Value 1157.41 @ 2023-05-31 02:51:31.398956
Serial 1 Received Value 957.41 @ 2023-05-31 02:51:31.399230
Serial 2 Sent Value 1157.41 @ 2023-05-31 02:51:31.399334
Serial 1 Sent Value 957.41 @ 2023-05-31 02:51:31.399448
Serial 0 Received Value 777.61 @ 2023-05-31 02:51:31.401263
Serial 0 Sent Value 777.61 @ 2023-05-31 02:51:31.401388
Serial 2 Received Value 1167.51 @ 2023-05-31 02:51:31.403074
Serial 1 Received Value 967.51 @ 2023-05-31 02:51:31.403348
Serial 2 Sent Value 1167.51 @ 2023-05-31 02:51:31.403451
Serial 1 Sent Value 967.51 @ 2023-05-31 02:51:31.403565
Serial 0 Received Value 787.71 @ 2023-05-31 02:51:31.405358
Serial 0 Sent Value 787.71 @ 2023-05-31 02:51:31.405483
Serial 2 Received Value 1177.61 @ 2023-05-31 02:51:31.407159
Serial 1 Received Value 977.61 @ 2023-05-31 02:51:31.407433
Serial 2 Sent Value 1177.61 @ 2023-05-31 02:51:31.407536
Serial 1 Sent Value 977.61 @ 2023-05-31 02:51:31.407659
Serial 0 Received Value 797.81 @ 2023-05-31 02:51:31.409478
Serial 0 Sent Value 797.81 @ 2023-05-31 02:51:31.409601
Serial 2 Received Value 1187.71 @ 2023-05-31 02:51:31.411631
Serial 1 Received Value 987.71 @ 2023-05-31 02:51:31.411937
Serial 2 Sent Value 1187.71 @ 2023-05-31 02:51:31.412119
Serial 1 Sent Value 987.71 @ 2023-05-31 02:51:31.412238
Serial 0 Received Value 807.91 @ 2023-05-31 02:51:31.413588
Serial 0 Sent Value 807.91 @ 2023-05-31 02:51:31.413714
Serial 2 Received Value 1197.81 @ 2023-05-31 02:51:31.415382
Serial 1 Received Value 997.81 @ 2023-05-31 02:51:31.415679
Serial 2 Sent Value 1197.81 @ 2023-05-31 02:51:31.415782
Serial 1 Sent Value 997.81 @ 2023-05-31 02:51:31.415900
Serial 0 Received Value 818.01 @ 2023-05-31 02:51:31.417656
Serial 0 Sent Value 818.01 @ 2023-05-31 02:51:31.417779
Serial 2 Received Value 1207.91 @ 2023-05-31 02:51:31.419431
Serial 1 Received Value 1007.91 @ 2023-05-31 02:51:31.419748
Serial 2 Sent Value 1207.91 @ 2023-05-31 02:51:31.419851
Serial 1 Sent Value 1007.91 @ 2023-05-31 02:51:31.420094
Serial 0 Received Value 828.11 @ 2023-05-31 02:51:31.421734
Serial 0 Sent Value 828.11 @ 2023-05-31 02:51:31.421853
Serial 1 Received Value 1018.01 @ 2023-05-31 02:51:31.423696
Serial 2 Received Value 1218.01 @ 2023-05-31 02:51:31.424104
Serial 1 Sent Value 1018.01 @ 2023-05-31 02:51:31.424347
Serial 2 Sent Value 1218.01 @ 2023-05-31 02:51:31.424483
Serial 0 Received Value 838.21 @ 2023-05-31 02:51:31.426519
Serial 0 Sent Value 838.21 @ 2023-05-31 02:51:31.426767
Serial 1 Received Value 1028.11 @ 2023-05-31 02:51:31.428246
Serial 2 Received Value 1228.11 @ 2023-05-31 02:51:31.428639
Serial 1 Sent Value 1028.11 @ 2023-05-31 02:51:31.428907
Serial 2 Sent Value 1228.11 @ 2023-05-31 02:51:31.429130
Serial 0 Received Value 848.31 @ 2023-05-31 02:51:31.430108
Serial 0 Sent Value 848.31 @ 2023-05-31 02:51:31.430386
Serial 1 Received Value 1038.21 @ 2023-05-31 02:51:31.431928
Serial 2 Received Value 1238.21 @ 2023-05-31 02:51:31.432251
Serial 1 Sent Value 1038.21 @ 2023-05-31 02:51:31.432410
Serial 2 Sent Value 1238.21 @ 2023-05-31 02:51:31.432519
Serial 0 Received Value 858.41 @ 2023-05-31 02:51:31.434054
Serial 0 Sent Value 858.41 @ 2023-05-31 02:51:31.434189
Serial 2 Received Value 1248.31 @ 2023-05-31 02:51:31.435871
Serial 1 Received Value 1048.31 @ 2023-05-31 02:51:31.436182
Serial 2 Sent Value 1248.31 @ 2023-05-31 02:51:31.436304
Serial 1 Sent Value 1048.31 @ 2023-05-31 02:51:31.436421
Serial 0 Received Value 868.51 @ 2023-05-31 02:51:31.438131
Serial 0 Sent Value 868.51 @ 2023-05-31 02:51:31.438258
Serial 2 Received Value 1258.41 @ 2023-05-31 02:51:31.439923
Serial 1 Received Value 1058.41 @ 2023-05-31 02:51:31.440226
Serial 2 Sent Value 1258.41 @ 2023-05-31 02:51:31.440336
Serial 1 Sent Value 1058.41 @ 2023-05-31 02:51:31.440458
Serial 0 Received Value 878.61 @ 2023-05-31 02:51:31.442342
Serial 0 Sent Value 878.61 @ 2023-05-31 02:51:31.442507
Serial 2 Received Value 1268.51 @ 2023-05-31 02:51:31.444034
Serial 1 Received Value 1068.51 @ 2023-05-31 02:51:31.444341
Serial 2 Sent Value 1268.51 @ 2023-05-31 02:51:31.444453
Serial 1 Sent Value 1068.51 @ 2023-05-31 02:51:31.444583
Serial 0 Received Value 888.71 @ 2023-05-31 02:51:31.446339
Serial 0 Sent Value 888.71 @ 2023-05-31 02:51:31.446461
Serial 2 Received Value 1278.61 @ 2023-05-31 02:51:31.448100
Serial 1 Received Value 1078.61 @ 2023-05-31 02:51:31.448421
Serial 2 Sent Value 1278.61 @ 2023-05-31 02:51:31.448533
Serial 1 Sent Value 1078.61 @ 2023-05-31 02:51:31.448653
Serial 0 Received Value 898.81 @ 2023-05-31 02:51:31.450436
Serial 0 Sent Value 898.81 @ 2023-05-31 02:51:31.450565
Serial 2 Received Value 1288.71 @ 2023-05-31 02:51:31.452208
Serial 1 Received Value 1088.71 @ 2023-05-31 02:51:31.452511
Serial 2 Sent Value 1288.71 @ 2023-05-31 02:51:31.452613
Serial 1 Sent Value 1088.71 @ 2023-05-31 02:51:31.452899
Serial 0 Received Value 908.91 @ 2023-05-31 02:51:31.454525
Serial 0 Sent Value 908.91 @ 2023-05-31 02:51:31.454652
Serial 2 Received Value 1298.81 @ 2023-05-31 02:51:31.456328
Serial 1 Received Value 1098.81 @ 2023-05-31 02:51:31.456632
Serial 2 Sent Value 1298.81 @ 2023-05-31 02:51:31.456740
Serial 1 Sent Value 1098.81 @ 2023-05-31 02:51:31.456855
Serial 0 Received Value 919.01 @ 2023-05-31 02:51:31.458604
Serial 0 Sent Value 919.01 @ 2023-05-31 02:51:31.458727
Serial 2 Received Value 1308.91 @ 2023-05-31 02:51:31.460397
Serial 1 Received Value 1108.91 @ 2023-05-31 02:51:31.460702
Serial 2 Sent Value 1308.91 @ 2023-05-31 02:51:31.460807
Serial 1 Sent Value 1108.91 @ 2023-05-31 02:51:31.460922
Serial 0 Received Value 929.11 @ 2023-05-31 02:51:31.462700
Serial 0 Sent Value 929.11 @ 2023-05-31 02:51:31.462823
Serial 2 Received Value 1319.01 @ 2023-05-31 02:51:31.464482
Serial 1 Received Value 1119.01 @ 2023-05-31 02:51:31.464788
Serial 2 Sent Value 1319.01 @ 2023-05-31 02:51:31.464895
Serial 1 Sent Value 1119.01 @ 2023-05-31 02:51:31.465101
Serial 0 Received Value 939.21 @ 2023-05-31 02:51:31.466803
Serial 0 Sent Value 939.21 @ 2023-05-31 02:51:31.466927
Serial 2 Received Value 1329.11 @ 2023-05-31 02:51:31.468723
Serial 1 Received Value 1129.11 @ 2023-05-31 02:51:31.469034
Serial 2 Sent Value 1329.11 @ 2023-05-31 02:51:31.469150
Serial 1 Sent Value 1129.11 @ 2023-05-31 02:51:31.469268
Serial 0 Received Value 949.31 @ 2023-05-31 02:51:31.470896
Serial 0 Sent Value 949.31 @ 2023-05-31 02:51:31.471103
Serial 2 Received Value 1339.21 @ 2023-05-31 02:51:31.472702
Serial 1 Received Value 1139.21 @ 2023-05-31 02:51:31.473007
Serial 2 Sent Value 1339.21 @ 2023-05-31 02:51:31.473118
Serial 1 Sent Value 1139.21 @ 2023-05-31 02:51:31.473232
Serial 0 Received Value 959.41 @ 2023-05-31 02:51:31.475009
Serial 0 Sent Value 959.41 @ 2023-05-31 02:51:31.475141
Serial 2 Received Value 1349.31 @ 2023-05-31 02:51:31.476791
Serial 1 Received Value 1149.31 @ 2023-05-31 02:51:31.477096
Serial 2 Sent Value 1349.31 @ 2023-05-31 02:51:31.477210
Serial 1 Sent Value 1149.31 @ 2023-05-31 02:51:31.477328
Serial 0 Received Value 969.51 @ 2023-05-31 02:51:31.479098
Serial 0 Sent Value 969.51 @ 2023-05-31 02:51:31.479223
Serial 2 Received Value 1359.41 @ 2023-05-31 02:51:31.480896
Serial 1 Received Value 1159.41 @ 2023-05-31 02:51:31.481199
Serial 2 Sent Value 1359.41 @ 2023-05-31 02:51:31.481302
Serial 1 Sent Value 1159.41 @ 2023-05-31 02:51:31.481422
Serial 0 Received Value 979.61 @ 2023-05-31 02:51:31.483212
Serial 0 Sent Value 979.61 @ 2023-05-31 02:51:31.483340
Serial 2 Received Value 1369.51 @ 2023-05-31 02:51:31.484990
Serial 1 Received Value 1169.51 @ 2023-05-31 02:51:31.485300
Serial 2 Sent Value 1369.51 @ 2023-05-31 02:51:31.485420
Serial 1 Sent Value 1169.51 @ 2023-05-31 02:51:31.485537
Serial 0 Received Value 989.71 @ 2023-05-31 02:51:31.487351
Serial 0 Sent Value 989.71 @ 2023-05-31 02:51:31.487477
Serial 2 Received Value 1379.61 @ 2023-05-31 02:51:31.489079
Serial 1 Received Value 1179.61 @ 2023-05-31 02:51:31.489383
Serial 2 Sent Value 1379.61 @ 2023-05-31 02:51:31.489490
Serial 1 Sent Value 1179.61 @ 2023-05-31 02:51:31.489605
Serial 0 Received Value 999.81 @ 2023-05-31 02:51:31.491374
Serial 0 Sent Value 999.81 @ 2023-05-31 02:51:31.491495
Serial 2 Received Value 1389.71 @ 2023-05-31 02:51:31.493165
Serial 1 Received Value 1189.71 @ 2023-05-31 02:51:31.493469
Serial 2 Sent Value 1389.71 @ 2023-05-31 02:51:31.493579
Serial 1 Sent Value 1189.71 @ 2023-05-31 02:51:31.493697
Serial 0 Received Value 1009.91 @ 2023-05-31 02:51:31.495519
Average delays (in seconds) per port: [0.003986030150753767, 0.0038723553299492377, 0.0037549593908629453]
Communication Cycle (in seconds): 0.0041424494949494975