Wrote to 1: -99.99 @ 2023-06-02 10:32:44.416468
Read from 1: -98.99 @ 2023-06-02 10:32:44.417635
Wrote to 2: -99.99 @ 2023-06-02 10:32:44.418622
Read from 2: -98.99 @ 2023-06-02 10:32:44.419478
Wrote to 3: -99.99 @ 2023-06-02 10:32:44.420192
Read from 3: -98.99 @ 2023-06-02 10:32:44.421026
Wrote to 1: -98.99 @ 2023-06-02 10:32:44.431864
Read from 1: -97.99 @ 2023-06-02 10:32:44.432528
Wrote to 2: -98.99 @ 2023-06-02 10:32:44.433078
Read from 2: -97.99 @ 2023-06-02 10:32:44.433678
Wrote to 3: -98.99 @ 2023-06-02 10:32:44.434212
Read from 3: -97.99 @ 2023-06-02 10:32:44.434808
Wrote to 1: -97.99 @ 2023-06-02 10:32:44.445646
Read from 1: -96.99 @ 2023-06-02 10:32:44.446374
Wrote to 2: -97.99 @ 2023-06-02 10:32:44.446987
Read from 2: -96.99 @ 2023-06-02 10:32:44.447719
Wrote to 3: -97.99 @ 2023-06-02 10:32:44.448326
Read from 3: -96.99 @ 2023-06-02 10:32:44.449015
Wrote to 1: -96.99 @ 2023-06-02 10:32:44.459843
Read from 1: -95.99 @ 2023-06-02 10:32:44.460498
Wrote to 2: -96.99 @ 2023-06-02 10:32:44.461044
Read from 2: -95.99 @ 2023-06-02 10:32:44.461679
Wrote to 3: -96.99 @ 2023-06-02 10:32:44.462230
Read from 3: -95.99 @ 2023-06-02 10:32:44.462826
Wrote to 1: -95.99 @ 2023-06-02 10:32:44.473544
Read from 1: -94.99 @ 2023-06-02 10:32:44.474180
Wrote to 2: -95.99 @ 2023-06-02 10:32:44.474717
Read from 2: -94.99 @ 2023-06-02 10:32:44.475311
Wrote to 3: -95.99 @ 2023-06-02 10:32:44.475845
Read from 3: -94.99 @ 2023-06-02 10:32:44.476441
Wrote to 1: -94.99 @ 2023-06-02 10:32:44.487071
Read from 1: -93.99 @ 2023-06-02 10:32:44.487677
Wrote to 2: -94.99 @ 2023-06-02 10:32:44.488211
Read from 2: -93.99 @ 2023-06-02 10:32:44.488809
Wrote to 3: -94.99 @ 2023-06-02 10:32:44.489341
Read from 3: -93.99 @ 2023-06-02 10:32:44.489937
Wrote to 1: -93.99 @ 2023-06-02 10:32:44.500592
Read from 1: -92.99 @ 2023-06-02 10:32:44.501198
Wrote to 2: -93.99 @ 2023-06-02 10:32:44.501733
Read from 2: -92.99 @ 2023-06-02 10:32:44.502329
Wrote to 3: -93.99 @ 2023-06-02 10:32:44.502861
Read from 3: -92.99 @ 2023-06-02 10:32:44.503459
Wrote to 1: -92.99 @ 2023-06-02 10:32:44.514067
Read from 1: -91.99 @ 2023-06-02 10:32:44.514661
Wrote to 2: -92.99 @ 2023-06-02 10:32:44.515199
Read from 2: -91.99 @ 2023-06-02 10:32:44.515819
Wrote to 3: -92.99 @ 2023-06-02 10:32:44.516364
Read from 3: -91.99 @ 2023-06-02 10:32:44.516960
Wrote to 1: -91.99 @ 2023-06-02 10:32:44.527580
Read from 1: -90.99 @ 2023-06-02 10:32:44.528176
Wrote to 2: -91.99 @ 2023-06-02 10:32:44.528708
Read from 2: -90.99 @ 2023-06-02 10:32:44.529304
Wrote to 3: -91.99 @ 2023-06-02 10:32:44.529836
Read from 3: -90.99 @ 2023-06-02 10:32:44.530431
Wrote to 1: -90.99 @ 2023-06-02 10:32:44.541042
Read from 1: -89.99 @ 2023-06-02 10:32:44.541642
Wrote to 2: -90.99 @ 2023-06-02 10:32:44.542175
Read from 2: -89.99 @ 2023-06-02 10:32:44.542770
Wrote to 3: -90.99 @ 2023-06-02 10:32:44.543303
Read from 3: -89.99 @ 2023-06-02 10:32:44.543897
Wrote to 1: -89.99 @ 2023-06-02 10:32:44.554512
Read from 1: -88.99 @ 2023-06-02 10:32:44.555112
Wrote to 2: -89.99 @ 2023-06-02 10:32:44.555644
Read from 2: -88.99 @ 2023-06-02 10:32:44.556238
Wrote to 3: -89.99 @ 2023-06-02 10:32:44.556774
Read from 3: -88.99 @ 2023-06-02 10:32:44.557371
Wrote to 1: -88.99 @ 2023-06-02 10:32:44.568047
Read from 1: -87.99 @ 2023-06-02 10:32:44.568670
Wrote to 2: -88.99 @ 2023-06-02 10:32:44.569205
Read from 2: -87.99 @ 2023-06-02 10:32:44.569802
Wrote to 3: -88.99 @ 2023-06-02 10:32:44.570336
Read from 3: -87.99 @ 2023-06-02 10:32:44.570931
Wrote to 1: -87.99 @ 2023-06-02 10:32:44.581571
Read from 1: -86.99 @ 2023-06-02 10:32:44.582169
Wrote to 2: -87.99 @ 2023-06-02 10:32:44.582702
Read from 2: -86.99 @ 2023-06-02 10:32:44.583299
Wrote to 3: -87.99 @ 2023-06-02 10:32:44.583830
Read from 3: -86.99 @ 2023-06-02 10:32:44.584429
Wrote to 1: -86.99 @ 2023-06-02 10:32:44.595038
Read from 1: -85.99 @ 2023-06-02 10:32:44.595633
Wrote to 2: -86.99 @ 2023-06-02 10:32:44.596164
Read from 2: -85.99 @ 2023-06-02 10:32:44.596754
Wrote to 3: -86.99 @ 2023-06-02 10:32:44.597286
Read from 3: -85.99 @ 2023-06-02 10:32:44.597900
Wrote to 1: -85.99 @ 2023-06-02 10:32:44.608523
Read from 1: -84.99 @ 2023-06-02 10:32:44.609120
Wrote to 2: -85.99 @ 2023-06-02 10:32:44.609654
Read from 2: -84.99 @ 2023-06-02 10:32:44.610249
Wrote to 3: -85.99 @ 2023-06-02 10:32:44.610781
Read from 3: -84.99 @ 2023-06-02 10:32:44.611378
Wrote to 1: -84.99 @ 2023-06-02 10:32:44.622012
Read from 1: -83.99 @ 2023-06-02 10:32:44.622621
Wrote to 2: -84.99 @ 2023-06-02 10:32:44.623155
Read from 2: -83.99 @ 2023-06-02 10:32:44.623752
Wrote to 3: -84.99 @ 2023-06-02 10:32:44.624284
Read from 3: -83.99 @ 2023-06-02 10:32:44.624878
Wrote to 1: -83.99 @ 2023-06-02 10:32:44.635489
Read from 1: -82.99 @ 2023-06-02 10:32:44.636085
Wrote to 2: -83.99 @ 2023-06-02 10:32:44.636617
Read from 2: -82.99 @ 2023-06-02 10:32:44.637212
Wrote to 3: -83.99 @ 2023-06-02 10:32:44.637744
Read from 3: -82.99 @ 2023-06-02 10:32:44.638339
Wrote to 1: -82.99 @ 2023-06-02 10:32:44.648946
Read from 1: -81.99 @ 2023-06-02 10:32:44.649542
Wrote to 2: -82.99 @ 2023-06-02 10:32:44.650075
Read from 2: -81.99 @ 2023-06-02 10:32:44.650669
Wrote to 3: -82.99 @ 2023-06-02 10:32:44.651203
Read from 3: -81.99 @ 2023-06-02 10:32:44.651797
Wrote to 1: -81.99 @ 2023-06-02 10:32:44.662434
Read from 1: -80.99 @ 2023-06-02 10:32:44.663092
Wrote to 2: -81.99 @ 2023-06-02 10:32:44.663627
Read from 2: -80.99 @ 2023-06-02 10:32:44.664222
Wrote to 3: -81.99 @ 2023-06-02 10:32:44.664753
Read from 3: -80.99 @ 2023-06-02 10:32:44.665347
Wrote to 1: -80.99 @ 2023-06-02 10:32:44.676026
Read from 1: -79.99 @ 2023-06-02 10:32:44.676649
Wrote to 2: -80.99 @ 2023-06-02 10:32:44.677184
Read from 2: -79.99 @ 2023-06-02 10:32:44.677780
Wrote to 3: -80.99 @ 2023-06-02 10:32:44.678314
Read from 3: -79.99 @ 2023-06-02 10:32:44.678910
Wrote to 1: -79.99 @ 2023-06-02 10:32:44.689520
Read from 1: -78.99 @ 2023-06-02 10:32:44.690116
Wrote to 2: -79.99 @ 2023-06-02 10:32:44.690647
Read from 2: -78.99 @ 2023-06-02 10:32:44.691244
Wrote to 3: -79.99 @ 2023-06-02 10:32:44.691779
Read from 3: -78.99 @ 2023-06-02 10:32:44.692374
Wrote to 1: -78.99 @ 2023-06-02 10:32:44.703718
Read from 1: -77.99 @ 2023-06-02 10:32:44.704859
Wrote to 2: -78.99 @ 2023-06-02 10:32:44.705819
Read from 2: -77.99 @ 2023-06-02 10:32:44.706667
Wrote to 3: -78.99 @ 2023-06-02 10:32:44.707357
Read from 3: -77.99 @ 2023-06-02 10:32:44.708153
Wrote to 1: -77.99 @ 2023-06-02 10:32:44.719059
Read from 1: -76.99 @ 2023-06-02 10:32:44.719696
Wrote to 2: -77.99 @ 2023-06-02 10:32:44.720233
Read from 2: -76.99 @ 2023-06-02 10:32:44.720829
Wrote to 3: -77.99 @ 2023-06-02 10:32:44.721362
Read from 3: -76.99 @ 2023-06-02 10:32:44.721958
Wrote to 1: -76.99 @ 2023-06-02 10:32:44.732586
Read from 1: -75.99 @ 2023-06-02 10:32:44.733187
Wrote to 2: -76.99 @ 2023-06-02 10:32:44.733721
Read from 2: -75.99 @ 2023-06-02 10:32:44.734317
Wrote to 3: -76.99 @ 2023-06-02 10:32:44.734851
Read from 3: -75.99 @ 2023-06-02 10:32:44.735447
Wrote to 1: -75.99 @ 2023-06-02 10:32:44.746081
Read from 1: -74.99 @ 2023-06-02 10:32:44.746682
Wrote to 2: -75.99 @ 2023-06-02 10:32:44.747218
Read from 2: -74.99 @ 2023-06-02 10:32:44.747807
Wrote to 3: -75.99 @ 2023-06-02 10:32:44.748340
Read from 3: -74.99 @ 2023-06-02 10:32:44.748944
Wrote to 1: -74.99 @ 2023-06-02 10:32:44.759568
Read from 1: -73.99 @ 2023-06-02 10:32:44.760164
Wrote to 2: -74.99 @ 2023-06-02 10:32:44.760696
Read from 2: -73.99 @ 2023-06-02 10:32:44.761292
Wrote to 3: -74.99 @ 2023-06-02 10:32:44.761824
Read from 3: -73.99 @ 2023-06-02 10:32:44.762424
Wrote to 1: -73.99 @ 2023-06-02 10:32:44.773110
Read from 1: -72.99 @ 2023-06-02 10:32:44.773738
Wrote to 2: -73.99 @ 2023-06-02 10:32:44.774273
Read from 2: -72.99 @ 2023-06-02 10:32:44.774869
Wrote to 3: -73.99 @ 2023-06-02 10:32:44.775404
Read from 3: -72.99 @ 2023-06-02 10:32:44.775999
Wrote to 1: -72.99 @ 2023-06-02 10:32:44.786609
Read from 1: -71.99 @ 2023-06-02 10:32:44.787206
Wrote to 2: -72.99 @ 2023-06-02 10:32:44.787738
Read from 2: -71.99 @ 2023-06-02 10:32:44.788332
Wrote to 3: -72.99 @ 2023-06-02 10:32:44.788864
Read from 3: -71.99 @ 2023-06-02 10:32:44.789459
Wrote to 1: -71.99 @ 2023-06-02 10:32:44.800102
Read from 1: -70.99 @ 2023-06-02 10:32:44.801078
Wrote to 2: -71.99 @ 2023-06-02 10:32:44.801620
Read from 2: -70.99 @ 2023-06-02 10:32:44.802219
Wrote to 3: -71.99 @ 2023-06-02 10:32:44.802753
Read from 3: -70.99 @ 2023-06-02 10:32:44.803352
Wrote to 1: -70.99 @ 2023-06-02 10:32:44.813971
Read from 1: -69.99 @ 2023-06-02 10:32:44.814567
Wrote to 2: -70.99 @ 2023-06-02 10:32:44.815101
Read from 2: -69.99 @ 2023-06-02 10:32:44.815696
Wrote to 3: -70.99 @ 2023-06-02 10:32:44.816231
Read from 3: -69.99 @ 2023-06-02 10:32:44.816843
Wrote to 1: -69.99 @ 2023-06-02 10:32:44.827471
Read from 1: -68.99 @ 2023-06-02 10:32:44.828069
Wrote to 2: -69.99 @ 2023-06-02 10:32:44.828602
Read from 2: -68.99 @ 2023-06-02 10:32:44.829193
Wrote to 3: -69.99 @ 2023-06-02 10:32:44.829725
Read from 3: -68.99 @ 2023-06-02 10:32:44.830319
Wrote to 1: -68.99 @ 2023-06-02 10:32:44.840939
Read from 1: -67.99 @ 2023-06-02 10:32:44.841534
Wrote to 2: -68.99 @ 2023-06-02 10:32:44.842066
Read from 2: -67.99 @ 2023-06-02 10:32:44.842660
Wrote to 3: -68.99 @ 2023-06-02 10:32:44.843194
Read from 3: -67.99 @ 2023-06-02 10:32:44.843786
Wrote to 1: -67.99 @ 2023-06-02 10:32:44.854394
Read from 1: -66.99 @ 2023-06-02 10:32:44.854990
Wrote to 2: -67.99 @ 2023-06-02 10:32:44.855546
Read from 2: -66.99 @ 2023-06-02 10:32:44.856141
Wrote to 3: -67.99 @ 2023-06-02 10:32:44.856674
Read from 3: -66.99 @ 2023-06-02 10:32:44.857268
Wrote to 1: -66.99 @ 2023-06-02 10:32:44.867961
Read from 1: -65.99 @ 2023-06-02 10:32:44.868589
Wrote to 2: -66.99 @ 2023-06-02 10:32:44.869123
Read from 2: -65.99 @ 2023-06-02 10:32:44.869718
Wrote to 3: -66.99 @ 2023-06-02 10:32:44.870252
Read from 3: -65.99 @ 2023-06-02 10:32:44.870846
Wrote to 1: -65.99 @ 2023-06-02 10:32:44.881459
Read from 1: -64.99 @ 2023-06-02 10:32:44.882054
Wrote to 2: -65.99 @ 2023-06-02 10:32:44.882586
Read from 2: -64.99 @ 2023-06-02 10:32:44.883201
Wrote to 3: -65.99 @ 2023-06-02 10:32:44.883744
Read from 3: -64.99 @ 2023-06-02 10:32:44.884340
Wrote to 1: -64.99 @ 2023-06-02 10:32:44.894954
Read from 1: -63.99 @ 2023-06-02 10:32:44.895551
Wrote to 2: -64.99 @ 2023-06-02 10:32:44.896083
Read from 2: -63.99 @ 2023-06-02 10:32:44.896678
Wrote to 3: -64.99 @ 2023-06-02 10:32:44.897209
Read from 3: -63.99 @ 2023-06-02 10:32:44.897881
Wrote to 1: -63.99 @ 2023-06-02 10:32:44.908512
Read from 1: -62.99 @ 2023-06-02 10:32:44.909108
Wrote to 2: -63.99 @ 2023-06-02 10:32:44.909642
Read from 2: -62.99 @ 2023-06-02 10:32:44.910233
Wrote to 3: -63.99 @ 2023-06-02 10:32:44.910765
Read from 3: -62.99 @ 2023-06-02 10:32:44.911356
Wrote to 1: -62.99 @ 2023-06-02 10:32:44.922016
Read from 1: -61.99 @ 2023-06-02 10:32:44.922626
Wrote to 2: -62.99 @ 2023-06-02 10:32:44.923160
Read from 2: -61.99 @ 2023-06-02 10:32:44.923750
Wrote to 3: -62.99 @ 2023-06-02 10:32:44.924281
Read from 3: -61.99 @ 2023-06-02 10:32:44.924869
Wrote to 1: -61.99 @ 2023-06-02 10:32:44.935482
Read from 1: -60.99 @ 2023-06-02 10:32:44.936072
Wrote to 2: -61.99 @ 2023-06-02 10:32:44.936604
Read from 2: -60.99 @ 2023-06-02 10:32:44.937194
Wrote to 3: -61.99 @ 2023-06-02 10:32:44.937726
Read from 3: -60.99 @ 2023-06-02 10:32:44.938315
Wrote to 1: -60.99 @ 2023-06-02 10:32:44.948926
Read from 1: -59.99 @ 2023-06-02 10:32:44.949516
Wrote to 2: -60.99 @ 2023-06-02 10:32:44.950049
Read from 2: -59.99 @ 2023-06-02 10:32:44.950639
Wrote to 3: -60.99 @ 2023-06-02 10:32:44.951173
Read from 3: -59.99 @ 2023-06-02 10:32:44.951761
Wrote to 1: -59.99 @ 2023-06-02 10:32:44.962370
Read from 1: -58.99 @ 2023-06-02 10:32:44.962962
Wrote to 2: -59.99 @ 2023-06-02 10:32:44.963495
Read from 2: -58.99 @ 2023-06-02 10:32:44.964084
Wrote to 3: -59.99 @ 2023-06-02 10:32:44.964616
Read from 3: -58.99 @ 2023-06-02 10:32:44.965206
Wrote to 1: -58.99 @ 2023-06-02 10:32:44.975879
Read from 1: -57.99 @ 2023-06-02 10:32:44.976494
Wrote to 2: -58.99 @ 2023-06-02 10:32:44.977028
Read from 2: -57.99 @ 2023-06-02 10:32:44.977617
Wrote to 3: -58.99 @ 2023-06-02 10:32:44.978150
Read from 3: -57.99 @ 2023-06-02 10:32:44.978740
Wrote to 1: -57.99 @ 2023-06-02 10:32:44.989351
Read from 1: -56.99 @ 2023-06-02 10:32:44.989942
Wrote to 2: -57.99 @ 2023-06-02 10:32:44.990473
Read from 2: -56.99 @ 2023-06-02 10:32:44.991064
Wrote to 3: -57.99 @ 2023-06-02 10:32:44.991595
Read from 3: -56.99 @ 2023-06-02 10:32:44.992185
Wrote to 1: -56.99 @ 2023-06-02 10:32:45.003549
Read from 1: -55.99 @ 2023-06-02 10:32:45.004612
Wrote to 2: -56.99 @ 2023-06-02 10:32:45.005553
Read from 2: -55.99 @ 2023-06-02 10:32:45.006389
Wrote to 3: -56.99 @ 2023-06-02 10:32:45.007152
Read from 3: -55.99 @ 2023-06-02 10:32:45.007984
Wrote to 1: -55.99 @ 2023-06-02 10:32:45.018754
Read from 1: -54.99 @ 2023-06-02 10:32:45.019391
Wrote to 2: -55.99 @ 2023-06-02 10:32:45.019927
Read from 2: -54.99 @ 2023-06-02 10:32:45.020525
Wrote to 3: -55.99 @ 2023-06-02 10:32:45.021059
Read from 3: -54.99 @ 2023-06-02 10:32:45.021650
Wrote to 1: -54.99 @ 2023-06-02 10:32:45.032277
Read from 1: -53.99 @ 2023-06-02 10:32:45.032878
Wrote to 2: -54.99 @ 2023-06-02 10:32:45.033413
Read from 2: -53.99 @ 2023-06-02 10:32:45.034004
Wrote to 3: -54.99 @ 2023-06-02 10:32:45.034536
Read from 3: -53.99 @ 2023-06-02 10:32:45.035128
Wrote to 1: -53.99 @ 2023-06-02 10:32:45.045738
Read from 1: -52.99 @ 2023-06-02 10:32:45.046330
Wrote to 2: -53.99 @ 2023-06-02 10:32:45.046870
Read from 2: -52.99 @ 2023-06-02 10:32:45.047462
Wrote to 3: -53.99 @ 2023-06-02 10:32:45.048003
Read from 3: -52.99 @ 2023-06-02 10:32:45.048593
Wrote to 1: -52.99 @ 2023-06-02 10:32:45.059203
Read from 1: -51.99 @ 2023-06-02 10:32:45.059798
Wrote to 2: -52.99 @ 2023-06-02 10:32:45.060331
Read from 2: -51.99 @ 2023-06-02 10:32:45.060921
Wrote to 3: -52.99 @ 2023-06-02 10:32:45.061453
Read from 3: -51.99 @ 2023-06-02 10:32:45.062043
Wrote to 1: -51.99 @ 2023-06-02 10:32:45.072731
Read from 1: -50.99 @ 2023-06-02 10:32:45.073348
Wrote to 2: -51.99 @ 2023-06-02 10:32:45.073881
Read from 2: -50.99 @ 2023-06-02 10:32:45.074470
Wrote to 3: -51.99 @ 2023-06-02 10:32:45.075008
Read from 3: -50.99 @ 2023-06-02 10:32:45.075623
Wrote to 1: -50.99 @ 2023-06-02 10:32:45.086234
Read from 1: -49.99 @ 2023-06-02 10:32:45.086829
Wrote to 2: -50.99 @ 2023-06-02 10:32:45.087362
Read from 2: -49.99 @ 2023-06-02 10:32:45.087952
Wrote to 3: -50.99 @ 2023-06-02 10:32:45.088488
Read from 3: -49.99 @ 2023-06-02 10:32:45.089078
Wrote to 1: -49.99 @ 2023-06-02 10:32:45.099712
Read from 1: -48.99 @ 2023-06-02 10:32:45.100314
Wrote to 2: -49.99 @ 2023-06-02 10:32:45.100848
Read from 2: -48.99 @ 2023-06-02 10:32:45.101438
Wrote to 3: -49.99 @ 2023-06-02 10:32:45.101971
Read from 3: -48.99 @ 2023-06-02 10:32:45.102565
Wrote to 1: -48.99 @ 2023-06-02 10:32:45.113175
Read from 1: -47.99 @ 2023-06-02 10:32:45.113772
Wrote to 2: -48.99 @ 2023-06-02 10:32:45.114304
Read from 2: -47.99 @ 2023-06-02 10:32:45.114894
Wrote to 3: -48.99 @ 2023-06-02 10:32:45.115428
Read from 3: -47.99 @ 2023-06-02 10:32:45.116017
Wrote to 1: -47.99 @ 2023-06-02 10:32:45.126676
Read from 1: -46.99 @ 2023-06-02 10:32:45.127280
Wrote to 2: -47.99 @ 2023-06-02 10:32:45.127813
Read from 2: -46.99 @ 2023-06-02 10:32:45.128409
Wrote to 3: -47.99 @ 2023-06-02 10:32:45.128942
Read from 3: -46.99 @ 2023-06-02 10:32:45.129532
Wrote to 1: -46.99 @ 2023-06-02 10:32:45.140148
Read from 1: -45.99 @ 2023-06-02 10:32:45.140739
Wrote to 2: -46.99 @ 2023-06-02 10:32:45.141272
Read from 2: -45.99 @ 2023-06-02 10:32:45.141861
Wrote to 3: -46.99 @ 2023-06-02 10:32:45.142393
Read from 3: -45.99 @ 2023-06-02 10:32:45.142988
Wrote to 1: -45.99 @ 2023-06-02 10:32:45.153596
Read from 1: -44.99 @ 2023-06-02 10:32:45.154186
Wrote to 2: -45.99 @ 2023-06-02 10:32:45.154718
Read from 2: -44.99 @ 2023-06-02 10:32:45.155315
Wrote to 3: -45.99 @ 2023-06-02 10:32:45.155846
Read from 3: -44.99 @ 2023-06-02 10:32:45.156436
Wrote to 1: -44.99 @ 2023-06-02 10:32:45.167046
Read from 1: -43.99 @ 2023-06-02 10:32:45.167639
Wrote to 2: -44.99 @ 2023-06-02 10:32:45.168173
Read from 2: -43.99 @ 2023-06-02 10:32:45.168796
Wrote to 3: -44.99 @ 2023-06-02 10:32:45.169352
Read from 3: -43.99 @ 2023-06-02 10:32:45.169944
Wrote to 1: -43.99 @ 2023-06-02 10:32:45.180568
Read from 1: -42.99 @ 2023-06-02 10:32:45.181159
Wrote to 2: -43.99 @ 2023-06-02 10:32:45.181996
Read from 2: -42.99 @ 2023-06-02 10:32:45.182598
Wrote to 3: -43.99 @ 2023-06-02 10:32:45.183176
Read from 3: -42.99 @ 2023-06-02 10:32:45.183765
Wrote to 1: -42.99 @ 2023-06-02 10:32:45.194383
Read from 1: -41.99 @ 2023-06-02 10:32:45.194976
Wrote to 2: -42.99 @ 2023-06-02 10:32:45.195510
Read from 2: -41.99 @ 2023-06-02 10:32:45.196101
Wrote to 3: -42.99 @ 2023-06-02 10:32:45.196632
Read from 3: -41.99 @ 2023-06-02 10:32:45.197222
Wrote to 1: -41.99 @ 2023-06-02 10:32:45.207853
Read from 1: -40.99 @ 2023-06-02 10:32:45.208452
Wrote to 2: -41.99 @ 2023-06-02 10:32:45.208986
Read from 2: -40.99 @ 2023-06-02 10:32:45.209581
Wrote to 3: -41.99 @ 2023-06-02 10:32:45.210113
Read from 3: -40.99 @ 2023-06-02 10:32:45.210702
Wrote to 1: -40.99 @ 2023-06-02 10:32:45.221345
Read from 1: -39.99 @ 2023-06-02 10:32:45.221949
Wrote to 2: -40.99 @ 2023-06-02 10:32:45.222482
Read from 2: -39.99 @ 2023-06-02 10:32:45.223075
Wrote to 3: -40.99 @ 2023-06-02 10:32:45.223606
Read from 3: -39.99 @ 2023-06-02 10:32:45.224196
Wrote to 1: -39.99 @ 2023-06-02 10:32:45.234804
Read from 1: -38.99 @ 2023-06-02 10:32:45.235396
Wrote to 2: -39.99 @ 2023-06-02 10:32:45.235927
Read from 2: -38.99 @ 2023-06-02 10:32:45.236517
Wrote to 3: -39.99 @ 2023-06-02 10:32:45.237050
Read from 3: -38.99 @ 2023-06-02 10:32:45.237639
Wrote to 1: -38.99 @ 2023-06-02 10:32:45.248247
Read from 1: -37.99 @ 2023-06-02 10:32:45.248838
Wrote to 2: -38.99 @ 2023-06-02 10:32:45.249369
Read from 2: -37.99 @ 2023-06-02 10:32:45.249958
Wrote to 3: -38.99 @ 2023-06-02 10:32:45.250490
Read from 3: -37.99 @ 2023-06-02 10:32:45.251082
Wrote to 1: -37.99 @ 2023-06-02 10:32:45.261688
Read from 1: -36.99 @ 2023-06-02 10:32:45.262279
Wrote to 2: -37.99 @ 2023-06-02 10:32:45.262810
Read from 2: -36.99 @ 2023-06-02 10:32:45.263401
Wrote to 3: -37.99 @ 2023-06-02 10:32:45.263931
Read from 3: -36.99 @ 2023-06-02 10:32:45.264525
Wrote to 1: -36.99 @ 2023-06-02 10:32:45.275198
Read from 1: -35.99 @ 2023-06-02 10:32:45.275809
Wrote to 2: -36.99 @ 2023-06-02 10:32:45.276342
Read from 2: -35.99 @ 2023-06-02 10:32:45.276932
Wrote to 3: -36.99 @ 2023-06-02 10:32:45.277463
Read from 3: -35.99 @ 2023-06-02 10:32:45.278053
Wrote to 1: -35.99 @ 2023-06-02 10:32:45.288688
Read from 1: -34.99 @ 2023-06-02 10:32:45.289287
Wrote to 2: -35.99 @ 2023-06-02 10:32:45.289821
Read from 2: -34.99 @ 2023-06-02 10:32:45.290412
Wrote to 3: -35.99 @ 2023-06-02 10:32:45.290949
Read from 3: -34.99 @ 2023-06-02 10:32:45.291543
Wrote to 1: -34.99 @ 2023-06-02 10:32:45.302174
Read from 1: -33.99 @ 2023-06-02 10:32:45.302774
Wrote to 2: -34.99 @ 2023-06-02 10:32:45.303309
Read from 2: -33.99 @ 2023-06-02 10:32:45.303897
Wrote to 3: -34.99 @ 2023-06-02 10:32:45.304430
Read from 3: -33.99 @ 2023-06-02 10:32:45.305019
Wrote to 1: -33.99 @ 2023-06-02 10:32:45.315627
Read from 1: -32.99 @ 2023-06-02 10:32:45.316217
Wrote to 2: -33.99 @ 2023-06-02 10:32:45.316748
Read from 2: -32.99 @ 2023-06-02 10:32:45.317341
Wrote to 3: -33.99 @ 2023-06-02 10:32:45.317875
Read from 3: -32.99 @ 2023-06-02 10:32:45.318464
Wrote to 1: -32.99 @ 2023-06-02 10:32:45.329093
Read from 1: -31.99 @ 2023-06-02 10:32:45.329700
Wrote to 2: -32.99 @ 2023-06-02 10:32:45.330232
Read from 2: -31.99 @ 2023-06-02 10:32:45.330827
Wrote to 3: -32.99 @ 2023-06-02 10:32:45.331360
Read from 3: -31.99 @ 2023-06-02 10:32:45.331953
Wrote to 1: -31.99 @ 2023-06-02 10:32:45.342560
Read from 1: -30.99 @ 2023-06-02 10:32:45.343151
Wrote to 2: -31.99 @ 2023-06-02 10:32:45.343682
Read from 2: -30.99 @ 2023-06-02 10:32:45.344271
Wrote to 3: -31.99 @ 2023-06-02 10:32:45.344802
Read from 3: -30.99 @ 2023-06-02 10:32:45.345391
Wrote to 1: -30.99 @ 2023-06-02 10:32:45.355999
Read from 1: -29.99 @ 2023-06-02 10:32:45.356591
Wrote to 2: -30.99 @ 2023-06-02 10:32:45.357123
Read from 2: -29.99 @ 2023-06-02 10:32:45.357712
Wrote to 3: -30.99 @ 2023-06-02 10:32:45.358243
Read from 3: -29.99 @ 2023-06-02 10:32:45.358832
Wrote to 1: -29.99 @ 2023-06-02 10:32:45.369455
Read from 1: -28.99 @ 2023-06-02 10:32:45.370086
Wrote to 2: -29.99 @ 2023-06-02 10:32:45.370623
Read from 2: -28.99 @ 2023-06-02 10:32:45.371215
Wrote to 3: -29.99 @ 2023-06-02 10:32:45.371749
Read from 3: -28.99 @ 2023-06-02 10:32:45.372338
Wrote to 1: -28.99 @ 2023-06-02 10:32:45.382954
Read from 1: -27.99 @ 2023-06-02 10:32:45.383550
Wrote to 2: -28.99 @ 2023-06-02 10:32:45.384081
Read from 2: -27.99 @ 2023-06-02 10:32:45.384670
Wrote to 3: -28.99 @ 2023-06-02 10:32:45.385201
Read from 3: -27.99 @ 2023-06-02 10:32:45.385794
Wrote to 1: -27.99 @ 2023-06-02 10:32:45.396401
Read from 1: -26.99 @ 2023-06-02 10:32:45.396989
Wrote to 2: -27.99 @ 2023-06-02 10:32:45.397521
Read from 2: -26.99 @ 2023-06-02 10:32:45.398196
Wrote to 3: -27.99 @ 2023-06-02 10:32:45.398744
Read from 3: -26.99 @ 2023-06-02 10:32:45.399339
Wrote to 1: -26.99 @ 2023-06-02 10:32:45.409948
Read from 1: -25.99 @ 2023-06-02 10:32:45.410539
Wrote to 2: -26.99 @ 2023-06-02 10:32:45.411072
Read from 2: -25.99 @ 2023-06-02 10:32:45.411661
Wrote to 3: -26.99 @ 2023-06-02 10:32:45.412193
Read from 3: -25.99 @ 2023-06-02 10:32:45.412781
Wrote to 1: -25.99 @ 2023-06-02 10:32:45.423411
Read from 1: -24.99 @ 2023-06-02 10:32:45.424010
Wrote to 2: -25.99 @ 2023-06-02 10:32:45.424542
Read from 2: -24.99 @ 2023-06-02 10:32:45.425136
Wrote to 3: -25.99 @ 2023-06-02 10:32:45.425668
Read from 3: -24.99 @ 2023-06-02 10:32:45.426257
Wrote to 1: -24.99 @ 2023-06-02 10:32:45.436864
Read from 1: -23.99 @ 2023-06-02 10:32:45.437454
Wrote to 2: -24.99 @ 2023-06-02 10:32:45.437986
Read from 2: -23.99 @ 2023-06-02 10:32:45.438574
Wrote to 3: -24.99 @ 2023-06-02 10:32:45.439107
Read from 3: -23.99 @ 2023-06-02 10:32:45.439695
Wrote to 1: -23.99 @ 2023-06-02 10:32:45.450309
Read from 1: -22.99 @ 2023-06-02 10:32:45.450903
Wrote to 2: -23.99 @ 2023-06-02 10:32:45.451438
Read from 2: -22.99 @ 2023-06-02 10:32:45.452028
Wrote to 3: -23.99 @ 2023-06-02 10:32:45.452560
Read from 3: -22.99 @ 2023-06-02 10:32:45.453150
Wrote to 1: -22.99 @ 2023-06-02 10:32:45.463757
Read from 1: -21.99 @ 2023-06-02 10:32:45.464346
Wrote to 2: -22.99 @ 2023-06-02 10:32:45.464878
Read from 2: -21.99 @ 2023-06-02 10:32:45.465467
Wrote to 3: -22.99 @ 2023-06-02 10:32:45.465999
Read from 3: -21.99 @ 2023-06-02 10:32:45.466588
Wrote to 1: -21.99 @ 2023-06-02 10:32:45.477255
Read from 1: -20.99 @ 2023-06-02 10:32:45.477868
Wrote to 2: -21.99 @ 2023-06-02 10:32:45.478400
Read from 2: -20.99 @ 2023-06-02 10:32:45.478989
Wrote to 3: -21.99 @ 2023-06-02 10:32:45.479551
Read from 3: -20.99 @ 2023-06-02 10:32:45.480147
Wrote to 1: -20.99 @ 2023-06-02 10:32:45.490779
Read from 1: -19.99 @ 2023-06-02 10:32:45.491379
Wrote to 2: -20.99 @ 2023-06-02 10:32:45.491912
Read from 2: -19.99 @ 2023-06-02 10:32:45.492501
Wrote to 3: -20.99 @ 2023-06-02 10:32:45.493033
Read from 3: -19.99 @ 2023-06-02 10:32:45.493623
Wrote to 1: -19.99 @ 2023-06-02 10:32:45.504251
Read from 1: -18.99 @ 2023-06-02 10:32:45.504850
Wrote to 2: -19.99 @ 2023-06-02 10:32:45.505382
Read from 2: -18.99 @ 2023-06-02 10:32:45.505972
Wrote to 3: -19.99 @ 2023-06-02 10:32:45.506503
Read from 3: -18.99 @ 2023-06-02 10:32:45.507093
Wrote to 1: -18.99 @ 2023-06-02 10:32:45.517702
Read from 1: -17.99 @ 2023-06-02 10:32:45.518305
Wrote to 2: -18.99 @ 2023-06-02 10:32:45.518838
Read from 2: -17.99 @ 2023-06-02 10:32:45.519428
Wrote to 3: -18.99 @ 2023-06-02 10:32:45.519964
Read from 3: -17.99 @ 2023-06-02 10:32:45.520563
Wrote to 1: -17.99 @ 2023-06-02 10:32:45.531177
Read from 1: -16.99 @ 2023-06-02 10:32:45.531766
Wrote to 2: -17.99 @ 2023-06-02 10:32:45.532306
Read from 2: -16.99 @ 2023-06-02 10:32:45.532895
Wrote to 3: -17.99 @ 2023-06-02 10:32:45.533426
Read from 3: -16.99 @ 2023-06-02 10:32:45.534014
Wrote to 1: -16.99 @ 2023-06-02 10:32:45.544621
Read from 1: -15.99 @ 2023-06-02 10:32:45.545211
Wrote to 2: -16.99 @ 2023-06-02 10:32:45.545742
Read from 2: -15.99 @ 2023-06-02 10:32:45.546335
Wrote to 3: -16.99 @ 2023-06-02 10:32:45.546867
Read from 3: -15.99 @ 2023-06-02 10:32:45.547457
Wrote to 1: -15.99 @ 2023-06-02 10:32:45.558062
Read from 1: -14.99 @ 2023-06-02 10:32:45.558651
Wrote to 2: -15.99 @ 2023-06-02 10:32:45.559184
Read from 2: -14.99 @ 2023-06-02 10:32:45.560125
Wrote to 3: -15.99 @ 2023-06-02 10:32:45.560666
Read from 3: -14.99 @ 2023-06-02 10:32:45.561258
Wrote to 1: -14.99 @ 2023-06-02 10:32:45.571932
Read from 1: -13.99 @ 2023-06-02 10:32:45.572545
Wrote to 2: -14.99 @ 2023-06-02 10:32:45.573083
Read from 2: -13.99 @ 2023-06-02 10:32:45.573674
Wrote to 3: -14.99 @ 2023-06-02 10:32:45.574205
Read from 3: -13.99 @ 2023-06-02 10:32:45.574795
Wrote to 1: -13.99 @ 2023-06-02 10:32:45.585456
Read from 1: -12.99 @ 2023-06-02 10:32:45.586078
Wrote to 2: -13.99 @ 2023-06-02 10:32:45.586660
Read from 2: -12.99 @ 2023-06-02 10:32:45.587261
Wrote to 3: -13.99 @ 2023-06-02 10:32:45.587796
Read from 3: -12.99 @ 2023-06-02 10:32:45.588386
Wrote to 1: -12.99 @ 2023-06-02 10:32:45.599197
Read from 1: -11.99 @ 2023-06-02 10:32:45.599800
Wrote to 2: -12.99 @ 2023-06-02 10:32:45.600336
Read from 2: -11.99 @ 2023-06-02 10:32:45.600926
Wrote to 3: -12.99 @ 2023-06-02 10:32:45.601463
Read from 3: -11.99 @ 2023-06-02 10:32:45.602504
Wrote to 1: -11.99 @ 2023-06-02 10:32:45.613413
Read from 1: -10.99 @ 2023-06-02 10:32:45.614141
Wrote to 2: -11.99 @ 2023-06-02 10:32:45.614714
Read from 2: -10.99 @ 2023-06-02 10:32:45.615316
Wrote to 3: -11.99 @ 2023-06-02 10:32:45.615852
Read from 3: -10.99 @ 2023-06-02 10:32:45.616446
Wrote to 1: -10.99 @ 2023-06-02 10:32:45.627103
Read from 1: -9.99 @ 2023-06-02 10:32:45.627711
Wrote to 2: -10.99 @ 2023-06-02 10:32:45.628247
Read from 2: -9.99 @ 2023-06-02 10:32:45.628839
Wrote to 3: -10.99 @ 2023-06-02 10:32:45.629375
Read from 3: -9.99 @ 2023-06-02 10:32:45.629966
Wrote to 1: -9.99 @ 2023-06-02 10:32:45.640581
Read from 1: -8.99 @ 2023-06-02 10:32:45.641174
Wrote to 2: -9.99 @ 2023-06-02 10:32:45.641709
Read from 2: -8.99 @ 2023-06-02 10:32:45.642300
Wrote to 3: -9.99 @ 2023-06-02 10:32:45.642834
Read from 3: -8.99 @ 2023-06-02 10:32:45.643428
Wrote to 1: -8.99 @ 2023-06-02 10:32:45.654049
Read from 1: -7.99 @ 2023-06-02 10:32:45.654640
Wrote to 2: -8.99 @ 2023-06-02 10:32:45.655175
Read from 2: -7.99 @ 2023-06-02 10:32:45.655765
Wrote to 3: -8.99 @ 2023-06-02 10:32:45.656300
Read from 3: -7.99 @ 2023-06-02 10:32:45.656896
Wrote to 1: -7.99 @ 2023-06-02 10:32:45.667539
Read from 1: -6.99 @ 2023-06-02 10:32:45.668140
Wrote to 2: -7.99 @ 2023-06-02 10:32:45.668678
Read from 2: -6.99 @ 2023-06-02 10:32:45.669271
Wrote to 3: -7.99 @ 2023-06-02 10:32:45.669807
Read from 3: -6.99 @ 2023-06-02 10:32:45.670437
Wrote to 1: -6.99 @ 2023-06-02 10:32:45.681114
Read from 1: -5.99 @ 2023-06-02 10:32:45.681714
Wrote to 2: -6.99 @ 2023-06-02 10:32:45.682290
Read from 2: -5.99 @ 2023-06-02 10:32:45.682881
Wrote to 3: -6.99 @ 2023-06-02 10:32:45.683415
Read from 3: -5.99 @ 2023-06-02 10:32:45.684005
Wrote to 1: -5.99 @ 2023-06-02 10:32:45.694619
Read from 1: -4.99 @ 2023-06-02 10:32:45.695213
Wrote to 2: -5.99 @ 2023-06-02 10:32:45.695745
Read from 2: -4.99 @ 2023-06-02 10:32:45.696336
Wrote to 3: -5.99 @ 2023-06-02 10:32:45.696869
Read from 3: -4.99 @ 2023-06-02 10:32:45.697459
Wrote to 1: -4.99 @ 2023-06-02 10:32:45.708083
Read from 1: -3.99 @ 2023-06-02 10:32:45.708679
Wrote to 2: -4.99 @ 2023-06-02 10:32:45.709214
Read from 2: -3.99 @ 2023-06-02 10:32:45.709805
Wrote to 3: -4.99 @ 2023-06-02 10:32:45.710338
Read from 3: -3.99 @ 2023-06-02 10:32:45.710928
Wrote to 1: -3.99 @ 2023-06-02 10:32:45.721560
Read from 1: -2.99 @ 2023-06-02 10:32:45.722161
Wrote to 2: -3.99 @ 2023-06-02 10:32:45.722695
Read from 2: -2.99 @ 2023-06-02 10:32:45.723287
Wrote to 3: -3.99 @ 2023-06-02 10:32:45.723818
Read from 3: -2.99 @ 2023-06-02 10:32:45.724408
Wrote to 1: -2.99 @ 2023-06-02 10:32:45.735039
Read from 1: -1.99 @ 2023-06-02 10:32:45.735632
Wrote to 2: -2.99 @ 2023-06-02 10:32:45.736170
Read from 2: -1.99 @ 2023-06-02 10:32:45.736760
Wrote to 3: -2.99 @ 2023-06-02 10:32:45.737294
Read from 3: -1.99 @ 2023-06-02 10:32:45.737884
Wrote to 1: -1.99 @ 2023-06-02 10:32:45.748493
Read from 1: -0.99 @ 2023-06-02 10:32:45.749085
Wrote to 2: -1.99 @ 2023-06-02 10:32:45.749619
Read from 2: -0.99 @ 2023-06-02 10:32:45.750210
Wrote to 3: -1.99 @ 2023-06-02 10:32:45.750743
Read from 3: -0.99 @ 2023-06-02 10:32:45.751334
Wrote to 1: -0.99 @ 2023-06-02 10:32:45.761942
Read from 1: 0.01 @ 2023-06-02 10:32:45.762540
Wrote to 2: -0.99 @ 2023-06-02 10:32:45.763074
Read from 2: 0.01 @ 2023-06-02 10:32:45.763669
Wrote to 3: -0.99 @ 2023-06-02 10:32:45.764202
Read from 3: 0.01 @ 2023-06-02 10:32:45.764797
Average delays (in seconds) per port: [0.0006255900000000001, 0.0006069900000000003, 0.0006053400000000002] @ 2023-06-02 10:32:45.775197
Communication Cycle (in seconds): 0.013593454545454542
