Wrote to 1: -99.99 @ 2023-05-31 02:40:08.539123
Read from 1: -98.99 @ 2023-05-31 02:40:08.539884
Wrote to 2: -99.99 @ 2023-05-31 02:40:08.540521
Read from 2: -98.99 @ 2023-05-31 02:40:08.541266
Wrote to 3: -99.99 @ 2023-05-31 02:40:08.542193
Read from 3: -98.99 @ 2023-05-31 02:40:08.543287
Wrote to 1: -98.99 @ 2023-05-31 02:40:08.554195
Read from 1: -97.99 @ 2023-05-31 02:40:08.554858
Wrote to 2: -98.99 @ 2023-05-31 02:40:08.555399
Read from 2: -97.99 @ 2023-05-31 02:40:08.556005
Wrote to 3: -98.99 @ 2023-05-31 02:40:08.556545
Read from 3: -97.99 @ 2023-05-31 02:40:08.557147
Wrote to 1: -97.99 @ 2023-05-31 02:40:08.567975
Read from 1: -96.99 @ 2023-05-31 02:40:08.568701
Wrote to 2: -97.99 @ 2023-05-31 02:40:08.569350
Read from 2: -96.99 @ 2023-05-31 02:40:08.570063
Wrote to 3: -97.99 @ 2023-05-31 02:40:08.570749
Read from 3: -96.99 @ 2023-05-31 02:40:08.571489
Wrote to 1: -96.99 @ 2023-05-31 02:40:08.582341
Read from 1: -95.99 @ 2023-05-31 02:40:08.583003
Wrote to 2: -96.99 @ 2023-05-31 02:40:08.583546
Read from 2: -95.99 @ 2023-05-31 02:40:08.584149
Wrote to 3: -96.99 @ 2023-05-31 02:40:08.584687
Read from 3: -95.99 @ 2023-05-31 02:40:08.585299
Wrote to 1: -95.99 @ 2023-05-31 02:40:08.596021
Read from 1: -94.99 @ 2023-05-31 02:40:08.596654
Wrote to 2: -95.99 @ 2023-05-31 02:40:08.597194
Read from 2: -94.99 @ 2023-05-31 02:40:08.597793
Wrote to 3: -95.99 @ 2023-05-31 02:40:08.598328
Read from 3: -94.99 @ 2023-05-31 02:40:08.598925
Wrote to 1: -94.99 @ 2023-05-31 02:40:08.609545
Read from 1: -93.99 @ 2023-05-31 02:40:08.610145
Wrote to 2: -94.99 @ 2023-05-31 02:40:08.610681
Read from 2: -93.99 @ 2023-05-31 02:40:08.611277
Wrote to 3: -94.99 @ 2023-05-31 02:40:08.611816
Read from 3: -93.99 @ 2023-05-31 02:40:08.612413
Wrote to 1: -93.99 @ 2023-05-31 02:40:08.623027
Read from 1: -92.99 @ 2023-05-31 02:40:08.623625
Wrote to 2: -93.99 @ 2023-05-31 02:40:08.624161
Read from 2: -92.99 @ 2023-05-31 02:40:08.624756
Wrote to 3: -93.99 @ 2023-05-31 02:40:08.625291
Read from 3: -92.99 @ 2023-05-31 02:40:08.625887
Wrote to 1: -92.99 @ 2023-05-31 02:40:08.636518
Read from 1: -91.99 @ 2023-05-31 02:40:08.637117
Wrote to 2: -92.99 @ 2023-05-31 02:40:08.637651
Read from 2: -91.99 @ 2023-05-31 02:40:08.638252
Wrote to 3: -92.99 @ 2023-05-31 02:40:08.638798
Read from 3: -91.99 @ 2023-05-31 02:40:08.639402
Wrote to 1: -91.99 @ 2023-05-31 02:40:08.650045
Read from 1: -90.99 @ 2023-05-31 02:40:08.650651
Wrote to 2: -91.99 @ 2023-05-31 02:40:08.651186
Read from 2: -90.99 @ 2023-05-31 02:40:08.651784
Wrote to 3: -91.99 @ 2023-05-31 02:40:08.652319
Read from 3: -90.99 @ 2023-05-31 02:40:08.652917
Wrote to 1: -90.99 @ 2023-05-31 02:40:08.663530
Read from 1: -89.99 @ 2023-05-31 02:40:08.664129
Wrote to 2: -90.99 @ 2023-05-31 02:40:08.664663
Read from 2: -89.99 @ 2023-05-31 02:40:08.665259
Wrote to 3: -90.99 @ 2023-05-31 02:40:08.665793
Read from 3: -89.99 @ 2023-05-31 02:40:08.666383
Wrote to 1: -89.99 @ 2023-05-31 02:40:08.676995
Read from 1: -88.99 @ 2023-05-31 02:40:08.677592
Wrote to 2: -89.99 @ 2023-05-31 02:40:08.678126
Read from 2: -88.99 @ 2023-05-31 02:40:08.678722
Wrote to 3: -89.99 @ 2023-05-31 02:40:08.679256
Read from 3: -88.99 @ 2023-05-31 02:40:08.679851
Wrote to 1: -88.99 @ 2023-05-31 02:40:08.690565
Read from 1: -87.99 @ 2023-05-31 02:40:08.691202
Wrote to 2: -88.99 @ 2023-05-31 02:40:08.691744
Read from 2: -87.99 @ 2023-05-31 02:40:08.692344
Wrote to 3: -88.99 @ 2023-05-31 02:40:08.692880
Read from 3: -87.99 @ 2023-05-31 02:40:08.693476
Wrote to 1: -87.99 @ 2023-05-31 02:40:08.704122
Read from 1: -86.99 @ 2023-05-31 02:40:08.704722
Wrote to 2: -87.99 @ 2023-05-31 02:40:08.705257
Read from 2: -86.99 @ 2023-05-31 02:40:08.705853
Wrote to 3: -87.99 @ 2023-05-31 02:40:08.706387
Read from 3: -86.99 @ 2023-05-31 02:40:08.706988
Wrote to 1: -86.99 @ 2023-05-31 02:40:08.717619
Read from 1: -85.99 @ 2023-05-31 02:40:08.718216
Wrote to 2: -86.99 @ 2023-05-31 02:40:08.718750
Read from 2: -85.99 @ 2023-05-31 02:40:08.719346
Wrote to 3: -86.99 @ 2023-05-31 02:40:08.719891
Read from 3: -85.99 @ 2023-05-31 02:40:08.720487
Wrote to 1: -85.99 @ 2023-05-31 02:40:08.731100
Read from 1: -84.99 @ 2023-05-31 02:40:08.731699
Wrote to 2: -85.99 @ 2023-05-31 02:40:08.732233
Read from 2: -84.99 @ 2023-05-31 02:40:08.732829
Wrote to 3: -85.99 @ 2023-05-31 02:40:08.733363
Read from 3: -84.99 @ 2023-05-31 02:40:08.733958
Wrote to 1: -84.99 @ 2023-05-31 02:40:08.744603
Read from 1: -83.99 @ 2023-05-31 02:40:08.745213
Wrote to 2: -84.99 @ 2023-05-31 02:40:08.745749
Read from 2: -83.99 @ 2023-05-31 02:40:08.746349
Wrote to 3: -84.99 @ 2023-05-31 02:40:08.746884
Read from 3: -83.99 @ 2023-05-31 02:40:08.747479
Wrote to 1: -83.99 @ 2023-05-31 02:40:08.758113
Read from 1: -82.99 @ 2023-05-31 02:40:08.758710
Wrote to 2: -83.99 @ 2023-05-31 02:40:08.759245
Read from 2: -82.99 @ 2023-05-31 02:40:08.759842
Wrote to 3: -83.99 @ 2023-05-31 02:40:08.760376
Read from 3: -82.99 @ 2023-05-31 02:40:08.760971
Wrote to 1: -82.99 @ 2023-05-31 02:40:08.771580
Read from 1: -81.99 @ 2023-05-31 02:40:08.772195
Wrote to 2: -82.99 @ 2023-05-31 02:40:08.772729
Read from 2: -81.99 @ 2023-05-31 02:40:08.773325
Wrote to 3: -82.99 @ 2023-05-31 02:40:08.773860
Read from 3: -81.99 @ 2023-05-31 02:40:08.774450
Wrote to 1: -81.99 @ 2023-05-31 02:40:08.785079
Read from 1: -80.99 @ 2023-05-31 02:40:08.785685
Wrote to 2: -81.99 @ 2023-05-31 02:40:08.786230
Read from 2: -80.99 @ 2023-05-31 02:40:08.786825
Wrote to 3: -81.99 @ 2023-05-31 02:40:08.787358
Read from 3: -80.99 @ 2023-05-31 02:40:08.787957
Wrote to 1: -80.99 @ 2023-05-31 02:40:08.798658
Read from 1: -79.99 @ 2023-05-31 02:40:08.799284
Wrote to 2: -80.99 @ 2023-05-31 02:40:08.799822
Read from 2: -79.99 @ 2023-05-31 02:40:08.800423
Wrote to 3: -80.99 @ 2023-05-31 02:40:08.800958
Read from 3: -79.99 @ 2023-05-31 02:40:08.801554
Wrote to 1: -79.99 @ 2023-05-31 02:40:08.812384
Read from 1: -78.99 @ 2023-05-31 02:40:08.813605
Wrote to 2: -79.99 @ 2023-05-31 02:40:08.814747
Read from 2: -78.99 @ 2023-05-31 02:40:08.815895
Wrote to 3: -79.99 @ 2023-05-31 02:40:08.816856
Read from 3: -78.99 @ 2023-05-31 02:40:08.817680
Wrote to 1: -78.99 @ 2023-05-31 02:40:08.828492
Read from 1: -77.99 @ 2023-05-31 02:40:08.829143
Wrote to 2: -78.99 @ 2023-05-31 02:40:08.829683
Read from 2: -77.99 @ 2023-05-31 02:40:08.830286
Wrote to 3: -78.99 @ 2023-05-31 02:40:08.830823
Read from 3: -77.99 @ 2023-05-31 02:40:08.831420
Wrote to 1: -77.99 @ 2023-05-31 02:40:08.842107
Read from 1: -76.99 @ 2023-05-31 02:40:08.842734
Wrote to 2: -77.99 @ 2023-05-31 02:40:08.843272
Read from 2: -76.99 @ 2023-05-31 02:40:08.843871
Wrote to 3: -77.99 @ 2023-05-31 02:40:08.844406
Read from 3: -76.99 @ 2023-05-31 02:40:08.844997
Wrote to 1: -76.99 @ 2023-05-31 02:40:08.855615
Read from 1: -75.99 @ 2023-05-31 02:40:08.856212
Wrote to 2: -76.99 @ 2023-05-31 02:40:08.856746
Read from 2: -75.99 @ 2023-05-31 02:40:08.857342
Wrote to 3: -76.99 @ 2023-05-31 02:40:08.857876
Read from 3: -75.99 @ 2023-05-31 02:40:08.858471
Wrote to 1: -75.99 @ 2023-05-31 02:40:08.869084
Read from 1: -74.99 @ 2023-05-31 02:40:08.869682
Wrote to 2: -75.99 @ 2023-05-31 02:40:08.870217
Read from 2: -74.99 @ 2023-05-31 02:40:08.870813
Wrote to 3: -75.99 @ 2023-05-31 02:40:08.871347
Read from 3: -74.99 @ 2023-05-31 02:40:08.871947
Wrote to 1: -74.99 @ 2023-05-31 02:40:08.882572
Read from 1: -73.99 @ 2023-05-31 02:40:08.883169
Wrote to 2: -74.99 @ 2023-05-31 02:40:08.883703
Read from 2: -73.99 @ 2023-05-31 02:40:08.884300
Wrote to 3: -74.99 @ 2023-05-31 02:40:08.884849
Read from 3: -73.99 @ 2023-05-31 02:40:08.885470
Wrote to 1: -73.99 @ 2023-05-31 02:40:08.896198
Read from 1: -72.99 @ 2023-05-31 02:40:08.896828
Wrote to 2: -73.99 @ 2023-05-31 02:40:08.897365
Read from 2: -72.99 @ 2023-05-31 02:40:08.897964
Wrote to 3: -73.99 @ 2023-05-31 02:40:08.898499
Read from 3: -72.99 @ 2023-05-31 02:40:08.899095
Wrote to 1: -72.99 @ 2023-05-31 02:40:08.909709
Read from 1: -71.99 @ 2023-05-31 02:40:08.910307
Wrote to 2: -72.99 @ 2023-05-31 02:40:08.910841
Read from 2: -71.99 @ 2023-05-31 02:40:08.911438
Wrote to 3: -72.99 @ 2023-05-31 02:40:08.911973
Read from 3: -71.99 @ 2023-05-31 02:40:08.912568
Wrote to 1: -71.99 @ 2023-05-31 02:40:08.923180
Read from 1: -70.99 @ 2023-05-31 02:40:08.924018
Wrote to 2: -71.99 @ 2023-05-31 02:40:08.924568
Read from 2: -70.99 @ 2023-05-31 02:40:08.925168
Wrote to 3: -71.99 @ 2023-05-31 02:40:08.925704
Read from 3: -70.99 @ 2023-05-31 02:40:08.926300
Wrote to 1: -70.99 @ 2023-05-31 02:40:08.936922
Read from 1: -69.99 @ 2023-05-31 02:40:08.937519
Wrote to 2: -70.99 @ 2023-05-31 02:40:08.938054
Read from 2: -69.99 @ 2023-05-31 02:40:08.938650
Wrote to 3: -70.99 @ 2023-05-31 02:40:08.939186
Read from 3: -69.99 @ 2023-05-31 02:40:08.939809
Wrote to 1: -69.99 @ 2023-05-31 02:40:08.950445
Read from 1: -68.99 @ 2023-05-31 02:40:08.951044
Wrote to 2: -69.99 @ 2023-05-31 02:40:08.951579
Read from 2: -68.99 @ 2023-05-31 02:40:08.952191
Wrote to 3: -69.99 @ 2023-05-31 02:40:08.952725
Read from 3: -68.99 @ 2023-05-31 02:40:08.953316
Wrote to 1: -68.99 @ 2023-05-31 02:40:08.963928
Read from 1: -67.99 @ 2023-05-31 02:40:08.964525
Wrote to 2: -68.99 @ 2023-05-31 02:40:08.965059
Read from 2: -67.99 @ 2023-05-31 02:40:08.965655
Wrote to 3: -68.99 @ 2023-05-31 02:40:08.966190
Read from 3: -67.99 @ 2023-05-31 02:40:08.966785
Wrote to 1: -67.99 @ 2023-05-31 02:40:08.977405
Read from 1: -66.99 @ 2023-05-31 02:40:08.978003
Wrote to 2: -67.99 @ 2023-05-31 02:40:08.978539
Read from 2: -66.99 @ 2023-05-31 02:40:08.979136
Wrote to 3: -67.99 @ 2023-05-31 02:40:08.979671
Read from 3: -66.99 @ 2023-05-31 02:40:08.980262
Wrote to 1: -66.99 @ 2023-05-31 02:40:08.990971
Read from 1: -65.99 @ 2023-05-31 02:40:08.991637
Wrote to 2: -66.99 @ 2023-05-31 02:40:08.992197
Read from 2: -65.99 @ 2023-05-31 02:40:08.992793
Wrote to 3: -66.99 @ 2023-05-31 02:40:08.993330
Read from 3: -65.99 @ 2023-05-31 02:40:08.993927
Wrote to 1: -65.99 @ 2023-05-31 02:40:09.004542
Read from 1: -64.99 @ 2023-05-31 02:40:09.005139
Wrote to 2: -65.99 @ 2023-05-31 02:40:09.005674
Read from 2: -64.99 @ 2023-05-31 02:40:09.006271
Wrote to 3: -65.99 @ 2023-05-31 02:40:09.006806
Read from 3: -64.99 @ 2023-05-31 02:40:09.007407
Wrote to 1: -64.99 @ 2023-05-31 02:40:09.018018
Read from 1: -63.99 @ 2023-05-31 02:40:09.018617
Wrote to 2: -64.99 @ 2023-05-31 02:40:09.019151
Read from 2: -63.99 @ 2023-05-31 02:40:09.019748
Wrote to 3: -64.99 @ 2023-05-31 02:40:09.020282
Read from 3: -63.99 @ 2023-05-31 02:40:09.020877
Wrote to 1: -63.99 @ 2023-05-31 02:40:09.031487
Read from 1: -62.99 @ 2023-05-31 02:40:09.032080
Wrote to 2: -63.99 @ 2023-05-31 02:40:09.032613
Read from 2: -62.99 @ 2023-05-31 02:40:09.033204
Wrote to 3: -63.99 @ 2023-05-31 02:40:09.033738
Read from 3: -62.99 @ 2023-05-31 02:40:09.034329
Wrote to 1: -62.99 @ 2023-05-31 02:40:09.045003
Read from 1: -61.99 @ 2023-05-31 02:40:09.045618
Wrote to 2: -62.99 @ 2023-05-31 02:40:09.046154
Read from 2: -61.99 @ 2023-05-31 02:40:09.046747
Wrote to 3: -62.99 @ 2023-05-31 02:40:09.047282
Read from 3: -61.99 @ 2023-05-31 02:40:09.047874
Wrote to 1: -61.99 @ 2023-05-31 02:40:09.058488
Read from 1: -60.99 @ 2023-05-31 02:40:09.059081
Wrote to 2: -61.99 @ 2023-05-31 02:40:09.059617
Read from 2: -60.99 @ 2023-05-31 02:40:09.060207
Wrote to 3: -61.99 @ 2023-05-31 02:40:09.060740
Read from 3: -60.99 @ 2023-05-31 02:40:09.061331
Wrote to 1: -60.99 @ 2023-05-31 02:40:09.071941
Read from 1: -59.99 @ 2023-05-31 02:40:09.072531
Wrote to 2: -60.99 @ 2023-05-31 02:40:09.073065
Read from 2: -59.99 @ 2023-05-31 02:40:09.073661
Wrote to 3: -60.99 @ 2023-05-31 02:40:09.074195
Read from 3: -59.99 @ 2023-05-31 02:40:09.074786
Wrote to 1: -59.99 @ 2023-05-31 02:40:09.085425
Read from 1: -58.99 @ 2023-05-31 02:40:09.086027
Wrote to 2: -59.99 @ 2023-05-31 02:40:09.086563
Read from 2: -58.99 @ 2023-05-31 02:40:09.087156
Wrote to 3: -59.99 @ 2023-05-31 02:40:09.087694
Read from 3: -58.99 @ 2023-05-31 02:40:09.088284
Wrote to 1: -58.99 @ 2023-05-31 02:40:09.098979
Read from 1: -57.99 @ 2023-05-31 02:40:09.099640
Wrote to 2: -58.99 @ 2023-05-31 02:40:09.100180
Read from 2: -57.99 @ 2023-05-31 02:40:09.100773
Wrote to 3: -58.99 @ 2023-05-31 02:40:09.101309
Read from 3: -57.99 @ 2023-05-31 02:40:09.101900
Wrote to 1: -57.99 @ 2023-05-31 02:40:09.112635
Read from 1: -56.99 @ 2023-05-31 02:40:09.113890
Wrote to 2: -57.99 @ 2023-05-31 02:40:09.114763
Read from 2: -56.99 @ 2023-05-31 02:40:09.115899
Wrote to 3: -57.99 @ 2023-05-31 02:40:09.116869
Read from 3: -56.99 @ 2023-05-31 02:40:09.117699
Wrote to 1: -56.99 @ 2023-05-31 02:40:09.128513
Read from 1: -55.99 @ 2023-05-31 02:40:09.129206
Wrote to 2: -56.99 @ 2023-05-31 02:40:09.129747
Read from 2: -55.99 @ 2023-05-31 02:40:09.130341
Wrote to 3: -56.99 @ 2023-05-31 02:40:09.130878
Read from 3: -55.99 @ 2023-05-31 02:40:09.131470
Wrote to 1: -55.99 @ 2023-05-31 02:40:09.142144
Read from 1: -54.99 @ 2023-05-31 02:40:09.142758
Wrote to 2: -55.99 @ 2023-05-31 02:40:09.143296
Read from 2: -54.99 @ 2023-05-31 02:40:09.143909
Wrote to 3: -55.99 @ 2023-05-31 02:40:09.144444
Read from 3: -54.99 @ 2023-05-31 02:40:09.145036
Wrote to 1: -54.99 @ 2023-05-31 02:40:09.155652
Read from 1: -53.99 @ 2023-05-31 02:40:09.156244
Wrote to 2: -54.99 @ 2023-05-31 02:40:09.156779
Read from 2: -53.99 @ 2023-05-31 02:40:09.157370
Wrote to 3: -54.99 @ 2023-05-31 02:40:09.157904
Read from 3: -53.99 @ 2023-05-31 02:40:09.158494
Wrote to 1: -53.99 @ 2023-05-31 02:40:09.169104
Read from 1: -52.99 @ 2023-05-31 02:40:09.169695
Wrote to 2: -53.99 @ 2023-05-31 02:40:09.170238
Read from 2: -52.99 @ 2023-05-31 02:40:09.170828
Wrote to 3: -53.99 @ 2023-05-31 02:40:09.171363
Read from 3: -52.99 @ 2023-05-31 02:40:09.171954
Wrote to 1: -52.99 @ 2023-05-31 02:40:09.182564
Read from 1: -51.99 @ 2023-05-31 02:40:09.183155
Wrote to 2: -52.99 @ 2023-05-31 02:40:09.183689
Read from 2: -51.99 @ 2023-05-31 02:40:09.184280
Wrote to 3: -52.99 @ 2023-05-31 02:40:09.184824
Read from 3: -51.99 @ 2023-05-31 02:40:09.185431
Wrote to 1: -51.99 @ 2023-05-31 02:40:09.196158
Read from 1: -50.99 @ 2023-05-31 02:40:09.196785
Wrote to 2: -51.99 @ 2023-05-31 02:40:09.197323
Read from 2: -50.99 @ 2023-05-31 02:40:09.197916
Wrote to 3: -51.99 @ 2023-05-31 02:40:09.198451
Read from 3: -50.99 @ 2023-05-31 02:40:09.199042
Wrote to 1: -50.99 @ 2023-05-31 02:40:09.209657
Read from 1: -49.99 @ 2023-05-31 02:40:09.210248
Wrote to 2: -50.99 @ 2023-05-31 02:40:09.210783
Read from 2: -49.99 @ 2023-05-31 02:40:09.211374
Wrote to 3: -50.99 @ 2023-05-31 02:40:09.211913
Read from 3: -49.99 @ 2023-05-31 02:40:09.212504
Wrote to 1: -49.99 @ 2023-05-31 02:40:09.223113
Read from 1: -48.99 @ 2023-05-31 02:40:09.223704
Wrote to 2: -49.99 @ 2023-05-31 02:40:09.224237
Read from 2: -48.99 @ 2023-05-31 02:40:09.224829
Wrote to 3: -49.99 @ 2023-05-31 02:40:09.225362
Read from 3: -48.99 @ 2023-05-31 02:40:09.225953
Wrote to 1: -48.99 @ 2023-05-31 02:40:09.236562
Read from 1: -47.99 @ 2023-05-31 02:40:09.237158
Wrote to 2: -48.99 @ 2023-05-31 02:40:09.237693
Read from 2: -47.99 @ 2023-05-31 02:40:09.238288
Wrote to 3: -48.99 @ 2023-05-31 02:40:09.238821
Read from 3: -47.99 @ 2023-05-31 02:40:09.239413
Wrote to 1: -47.99 @ 2023-05-31 02:40:09.250059
Read from 1: -46.99 @ 2023-05-31 02:40:09.250666
Wrote to 2: -47.99 @ 2023-05-31 02:40:09.251204
Read from 2: -46.99 @ 2023-05-31 02:40:09.251821
Wrote to 3: -47.99 @ 2023-05-31 02:40:09.252356
Read from 3: -46.99 @ 2023-05-31 02:40:09.252949
Wrote to 1: -46.99 @ 2023-05-31 02:40:09.263568
Read from 1: -45.99 @ 2023-05-31 02:40:09.264186
Wrote to 2: -46.99 @ 2023-05-31 02:40:09.264722
Read from 2: -45.99 @ 2023-05-31 02:40:09.265312
Wrote to 3: -46.99 @ 2023-05-31 02:40:09.265847
Read from 3: -45.99 @ 2023-05-31 02:40:09.266437
Wrote to 1: -45.99 @ 2023-05-31 02:40:09.277049
Read from 1: -44.99 @ 2023-05-31 02:40:09.277642
Wrote to 2: -45.99 @ 2023-05-31 02:40:09.278176
Read from 2: -44.99 @ 2023-05-31 02:40:09.278766
Wrote to 3: -45.99 @ 2023-05-31 02:40:09.279301
Read from 3: -44.99 @ 2023-05-31 02:40:09.279893
Wrote to 1: -44.99 @ 2023-05-31 02:40:09.290531
Read from 1: -43.99 @ 2023-05-31 02:40:09.291185
Wrote to 2: -44.99 @ 2023-05-31 02:40:09.291757
Read from 2: -43.99 @ 2023-05-31 02:40:09.292351
Wrote to 3: -44.99 @ 2023-05-31 02:40:09.292888
Read from 3: -43.99 @ 2023-05-31 02:40:09.293485
Wrote to 1: -43.99 @ 2023-05-31 02:40:09.304126
Read from 1: -42.99 @ 2023-05-31 02:40:09.304718
Wrote to 2: -43.99 @ 2023-05-31 02:40:09.305436
Read from 2: -42.99 @ 2023-05-31 02:40:09.306036
Wrote to 3: -43.99 @ 2023-05-31 02:40:09.306574
Read from 3: -42.99 @ 2023-05-31 02:40:09.307166
Wrote to 1: -42.99 @ 2023-05-31 02:40:09.317786
Read from 1: -41.99 @ 2023-05-31 02:40:09.318377
Wrote to 2: -42.99 @ 2023-05-31 02:40:09.318912
Read from 2: -41.99 @ 2023-05-31 02:40:09.319508
Wrote to 3: -42.99 @ 2023-05-31 02:40:09.320048
Read from 3: -41.99 @ 2023-05-31 02:40:09.320639
Wrote to 1: -41.99 @ 2023-05-31 02:40:09.331248
Read from 1: -40.99 @ 2023-05-31 02:40:09.331847
Wrote to 2: -41.99 @ 2023-05-31 02:40:09.332381
Read from 2: -40.99 @ 2023-05-31 02:40:09.332972
Wrote to 3: -41.99 @ 2023-05-31 02:40:09.333506
Read from 3: -40.99 @ 2023-05-31 02:40:09.334101
Wrote to 1: -40.99 @ 2023-05-31 02:40:09.344754
Read from 1: -39.99 @ 2023-05-31 02:40:09.345362
Wrote to 2: -40.99 @ 2023-05-31 02:40:09.345900
Read from 2: -39.99 @ 2023-05-31 02:40:09.346497
Wrote to 3: -40.99 @ 2023-05-31 02:40:09.347030
Read from 3: -39.99 @ 2023-05-31 02:40:09.347622
Wrote to 1: -39.99 @ 2023-05-31 02:40:09.358234
Read from 1: -38.99 @ 2023-05-31 02:40:09.358826
Wrote to 2: -39.99 @ 2023-05-31 02:40:09.359361
Read from 2: -38.99 @ 2023-05-31 02:40:09.359953
Wrote to 3: -39.99 @ 2023-05-31 02:40:09.360486
Read from 3: -38.99 @ 2023-05-31 02:40:09.361077
Wrote to 1: -38.99 @ 2023-05-31 02:40:09.371688
Read from 1: -37.99 @ 2023-05-31 02:40:09.372284
Wrote to 2: -38.99 @ 2023-05-31 02:40:09.372818
Read from 2: -37.99 @ 2023-05-31 02:40:09.373408
Wrote to 3: -38.99 @ 2023-05-31 02:40:09.373942
Read from 3: -37.99 @ 2023-05-31 02:40:09.374532
Wrote to 1: -37.99 @ 2023-05-31 02:40:09.385151
Read from 1: -36.99 @ 2023-05-31 02:40:09.385763
Wrote to 2: -37.99 @ 2023-05-31 02:40:09.386303
Read from 2: -36.99 @ 2023-05-31 02:40:09.386895
Wrote to 3: -37.99 @ 2023-05-31 02:40:09.387430
Read from 3: -36.99 @ 2023-05-31 02:40:09.388023
Wrote to 1: -36.99 @ 2023-05-31 02:40:09.398712
Read from 1: -35.99 @ 2023-05-31 02:40:09.399333
Wrote to 2: -36.99 @ 2023-05-31 02:40:09.399870
Read from 2: -35.99 @ 2023-05-31 02:40:09.400462
Wrote to 3: -36.99 @ 2023-05-31 02:40:09.400995
Read from 3: -35.99 @ 2023-05-31 02:40:09.401586
Wrote to 1: -35.99 @ 2023-05-31 02:40:09.412206
Read from 1: -34.99 @ 2023-05-31 02:40:09.412803
Wrote to 2: -35.99 @ 2023-05-31 02:40:09.413339
Read from 2: -34.99 @ 2023-05-31 02:40:09.413931
Wrote to 3: -35.99 @ 2023-05-31 02:40:09.414465
Read from 3: -34.99 @ 2023-05-31 02:40:09.415061
Wrote to 1: -34.99 @ 2023-05-31 02:40:09.425676
Read from 1: -33.99 @ 2023-05-31 02:40:09.426270
Wrote to 2: -34.99 @ 2023-05-31 02:40:09.426804
Read from 2: -33.99 @ 2023-05-31 02:40:09.427394
Wrote to 3: -34.99 @ 2023-05-31 02:40:09.427929
Read from 3: -33.99 @ 2023-05-31 02:40:09.428519
Wrote to 1: -33.99 @ 2023-05-31 02:40:09.439126
Read from 1: -32.99 @ 2023-05-31 02:40:09.439718
Wrote to 2: -33.99 @ 2023-05-31 02:40:09.440253
Read from 2: -32.99 @ 2023-05-31 02:40:09.440846
Wrote to 3: -33.99 @ 2023-05-31 02:40:09.441397
Read from 3: -32.99 @ 2023-05-31 02:40:09.442011
Wrote to 1: -32.99 @ 2023-05-31 02:40:09.452683
Read from 1: -31.99 @ 2023-05-31 02:40:09.453286
Wrote to 2: -32.99 @ 2023-05-31 02:40:09.453822
Read from 2: -31.99 @ 2023-05-31 02:40:09.454417
Wrote to 3: -32.99 @ 2023-05-31 02:40:09.454951
Read from 3: -31.99 @ 2023-05-31 02:40:09.455546
Wrote to 1: -31.99 @ 2023-05-31 02:40:09.466156
Read from 1: -30.99 @ 2023-05-31 02:40:09.466747
Wrote to 2: -31.99 @ 2023-05-31 02:40:09.467281
Read from 2: -30.99 @ 2023-05-31 02:40:09.467872
Wrote to 3: -31.99 @ 2023-05-31 02:40:09.468404
Read from 3: -30.99 @ 2023-05-31 02:40:09.468994
Wrote to 1: -30.99 @ 2023-05-31 02:40:09.479603
Read from 1: -29.99 @ 2023-05-31 02:40:09.480197
Wrote to 2: -30.99 @ 2023-05-31 02:40:09.480731
Read from 2: -29.99 @ 2023-05-31 02:40:09.481320
Wrote to 3: -30.99 @ 2023-05-31 02:40:09.481854
Read from 3: -29.99 @ 2023-05-31 02:40:09.482443
Wrote to 1: -29.99 @ 2023-05-31 02:40:09.493160
Read from 1: -28.99 @ 2023-05-31 02:40:09.493787
Wrote to 2: -29.99 @ 2023-05-31 02:40:09.494324
Read from 2: -28.99 @ 2023-05-31 02:40:09.494915
Wrote to 3: -29.99 @ 2023-05-31 02:40:09.495449
Read from 3: -28.99 @ 2023-05-31 02:40:09.496044
Wrote to 1: -28.99 @ 2023-05-31 02:40:09.506658
Read from 1: -27.99 @ 2023-05-31 02:40:09.507250
Wrote to 2: -28.99 @ 2023-05-31 02:40:09.507785
Read from 2: -27.99 @ 2023-05-31 02:40:09.508375
Wrote to 3: -28.99 @ 2023-05-31 02:40:09.508908
Read from 3: -27.99 @ 2023-05-31 02:40:09.509510
Wrote to 1: -27.99 @ 2023-05-31 02:40:09.520145
Read from 1: -26.99 @ 2023-05-31 02:40:09.520737
Wrote to 2: -27.99 @ 2023-05-31 02:40:09.521271
Read from 2: -26.99 @ 2023-05-31 02:40:09.521862
Wrote to 3: -27.99 @ 2023-05-31 02:40:09.522396
Read from 3: -26.99 @ 2023-05-31 02:40:09.522986
Wrote to 1: -26.99 @ 2023-05-31 02:40:09.533594
Read from 1: -25.99 @ 2023-05-31 02:40:09.534186
Wrote to 2: -26.99 @ 2023-05-31 02:40:09.534729
Read from 2: -25.99 @ 2023-05-31 02:40:09.535324
Wrote to 3: -26.99 @ 2023-05-31 02:40:09.535863
Read from 3: -25.99 @ 2023-05-31 02:40:09.536453
Wrote to 1: -25.99 @ 2023-05-31 02:40:09.547098
Read from 1: -24.99 @ 2023-05-31 02:40:09.547702
Wrote to 2: -25.99 @ 2023-05-31 02:40:09.548236
Read from 2: -24.99 @ 2023-05-31 02:40:09.548831
Wrote to 3: -25.99 @ 2023-05-31 02:40:09.549365
Read from 3: -24.99 @ 2023-05-31 02:40:09.549955
Wrote to 1: -24.99 @ 2023-05-31 02:40:09.560565
Read from 1: -23.99 @ 2023-05-31 02:40:09.561156
Wrote to 2: -24.99 @ 2023-05-31 02:40:09.561689
Read from 2: -23.99 @ 2023-05-31 02:40:09.562280
Wrote to 3: -24.99 @ 2023-05-31 02:40:09.562813
Read from 3: -23.99 @ 2023-05-31 02:40:09.563403
Wrote to 1: -23.99 @ 2023-05-31 02:40:09.574071
Read from 1: -22.99 @ 2023-05-31 02:40:09.574685
Wrote to 2: -23.99 @ 2023-05-31 02:40:09.575223
Read from 2: -22.99 @ 2023-05-31 02:40:09.575817
Wrote to 3: -23.99 @ 2023-05-31 02:40:09.576353
Read from 3: -22.99 @ 2023-05-31 02:40:09.576945
Wrote to 1: -22.99 @ 2023-05-31 02:40:09.587603
Read from 1: -21.99 @ 2023-05-31 02:40:09.588208
Wrote to 2: -22.99 @ 2023-05-31 02:40:09.588744
Read from 2: -21.99 @ 2023-05-31 02:40:09.589335
Wrote to 3: -22.99 @ 2023-05-31 02:40:09.589870
Read from 3: -21.99 @ 2023-05-31 02:40:09.590518
Wrote to 1: -21.99 @ 2023-05-31 02:40:09.601216
Read from 1: -20.99 @ 2023-05-31 02:40:09.601839
Wrote to 2: -21.99 @ 2023-05-31 02:40:09.602375
Read from 2: -20.99 @ 2023-05-31 02:40:09.602966
Wrote to 3: -21.99 @ 2023-05-31 02:40:09.603500
Read from 3: -20.99 @ 2023-05-31 02:40:09.604093
Wrote to 1: -20.99 @ 2023-05-31 02:40:09.614704
Read from 1: -19.99 @ 2023-05-31 02:40:09.615296
Wrote to 2: -20.99 @ 2023-05-31 02:40:09.615830
Read from 2: -19.99 @ 2023-05-31 02:40:09.616420
Wrote to 3: -20.99 @ 2023-05-31 02:40:09.616954
Read from 3: -19.99 @ 2023-05-31 02:40:09.617544
Wrote to 1: -19.99 @ 2023-05-31 02:40:09.628154
Read from 1: -18.99 @ 2023-05-31 02:40:09.628747
Wrote to 2: -19.99 @ 2023-05-31 02:40:09.629281
Read from 2: -18.99 @ 2023-05-31 02:40:09.629871
Wrote to 3: -19.99 @ 2023-05-31 02:40:09.630405
Read from 3: -18.99 @ 2023-05-31 02:40:09.630994
Wrote to 1: -18.99 @ 2023-05-31 02:40:09.641607
Read from 1: -17.99 @ 2023-05-31 02:40:09.642223
Wrote to 2: -18.99 @ 2023-05-31 02:40:09.642774
Read from 2: -17.99 @ 2023-05-31 02:40:09.643367
Wrote to 3: -18.99 @ 2023-05-31 02:40:09.643904
Read from 3: -17.99 @ 2023-05-31 02:40:09.644493
Wrote to 1: -17.99 @ 2023-05-31 02:40:09.655109
Read from 1: -16.99 @ 2023-05-31 02:40:09.655701
Wrote to 2: -17.99 @ 2023-05-31 02:40:09.656235
Read from 2: -16.99 @ 2023-05-31 02:40:09.656825
Wrote to 3: -17.99 @ 2023-05-31 02:40:09.657358
Read from 3: -16.99 @ 2023-05-31 02:40:09.657949
Wrote to 1: -16.99 @ 2023-05-31 02:40:09.668562
Read from 1: -15.99 @ 2023-05-31 02:40:09.669154
Wrote to 2: -16.99 @ 2023-05-31 02:40:09.669689
Read from 2: -15.99 @ 2023-05-31 02:40:09.670279
Wrote to 3: -16.99 @ 2023-05-31 02:40:09.670812
Read from 3: -15.99 @ 2023-05-31 02:40:09.671402
Wrote to 1: -15.99 @ 2023-05-31 02:40:09.682011
Read from 1: -14.99 @ 2023-05-31 02:40:09.682602
Wrote to 2: -15.99 @ 2023-05-31 02:40:09.683136
Read from 2: -14.99 @ 2023-05-31 02:40:09.683913
Wrote to 3: -15.99 @ 2023-05-31 02:40:09.684453
Read from 3: -14.99 @ 2023-05-31 02:40:09.685064
Wrote to 1: -14.99 @ 2023-05-31 02:40:09.695765
Read from 1: -13.99 @ 2023-05-31 02:40:09.696382
Wrote to 2: -14.99 @ 2023-05-31 02:40:09.696919
Read from 2: -13.99 @ 2023-05-31 02:40:09.697510
Wrote to 3: -14.99 @ 2023-05-31 02:40:09.698044
Read from 3: -13.99 @ 2023-05-31 02:40:09.698635
Wrote to 1: -13.99 @ 2023-05-31 02:40:09.709248
Read from 1: -12.99 @ 2023-05-31 02:40:09.709839
Wrote to 2: -13.99 @ 2023-05-31 02:40:09.710373
Read from 2: -12.99 @ 2023-05-31 02:40:09.710963
Wrote to 3: -13.99 @ 2023-05-31 02:40:09.711497
Read from 3: -12.99 @ 2023-05-31 02:40:09.712121
Wrote to 1: -12.99 @ 2023-05-31 02:40:09.722922
Read from 1: -11.99 @ 2023-05-31 02:40:09.723617
Wrote to 2: -12.99 @ 2023-05-31 02:40:09.724179
Read from 2: -11.99 @ 2023-05-31 02:40:09.724775
Wrote to 3: -12.99 @ 2023-05-31 02:40:09.725311
Read from 3: -11.99 @ 2023-05-31 02:40:09.725902
Wrote to 1: -11.99 @ 2023-05-31 02:40:09.736521
Read from 1: -10.99 @ 2023-05-31 02:40:09.737112
Wrote to 2: -11.99 @ 2023-05-31 02:40:09.737647
Read from 2: -10.99 @ 2023-05-31 02:40:09.738237
Wrote to 3: -11.99 @ 2023-05-31 02:40:09.738772
Read from 3: -10.99 @ 2023-05-31 02:40:09.739361
Wrote to 1: -10.99 @ 2023-05-31 02:40:09.750027
Read from 1: -9.99 @ 2023-05-31 02:40:09.750673
Wrote to 2: -10.99 @ 2023-05-31 02:40:09.751210
Read from 2: -9.99 @ 2023-05-31 02:40:09.751804
Wrote to 3: -10.99 @ 2023-05-31 02:40:09.752340
Read from 3: -9.99 @ 2023-05-31 02:40:09.752930
Wrote to 1: -9.99 @ 2023-05-31 02:40:09.763543
Read from 1: -8.99 @ 2023-05-31 02:40:09.764136
Wrote to 2: -9.99 @ 2023-05-31 02:40:09.764675
Read from 2: -8.99 @ 2023-05-31 02:40:09.765283
Wrote to 3: -9.99 @ 2023-05-31 02:40:09.765849
Read from 3: -8.99 @ 2023-05-31 02:40:09.766438
Wrote to 1: -8.99 @ 2023-05-31 02:40:09.777053
Read from 1: -7.99 @ 2023-05-31 02:40:09.777646
Wrote to 2: -8.99 @ 2023-05-31 02:40:09.778179
Read from 2: -7.99 @ 2023-05-31 02:40:09.778769
Wrote to 3: -8.99 @ 2023-05-31 02:40:09.779303
Read from 3: -7.99 @ 2023-05-31 02:40:09.779894
Wrote to 1: -7.99 @ 2023-05-31 02:40:09.790545
Read from 1: -6.99 @ 2023-05-31 02:40:09.791156
Wrote to 2: -7.99 @ 2023-05-31 02:40:09.791698
Read from 2: -6.99 @ 2023-05-31 02:40:09.792290
Wrote to 3: -7.99 @ 2023-05-31 02:40:09.792833
Read from 3: -6.99 @ 2023-05-31 02:40:09.793473
Wrote to 1: -6.99 @ 2023-05-31 02:40:09.804158
Read from 1: -5.99 @ 2023-05-31 02:40:09.804755
Wrote to 2: -6.99 @ 2023-05-31 02:40:09.805290
Read from 2: -5.99 @ 2023-05-31 02:40:09.805881
Wrote to 3: -6.99 @ 2023-05-31 02:40:09.806415
Read from 3: -5.99 @ 2023-05-31 02:40:09.807006
Wrote to 1: -5.99 @ 2023-05-31 02:40:09.817615
Read from 1: -4.99 @ 2023-05-31 02:40:09.818207
Wrote to 2: -5.99 @ 2023-05-31 02:40:09.818740
Read from 2: -4.99 @ 2023-05-31 02:40:09.819330
Wrote to 3: -5.99 @ 2023-05-31 02:40:09.819864
Read from 3: -4.99 @ 2023-05-31 02:40:09.820453
Wrote to 1: -4.99 @ 2023-05-31 02:40:09.831060
Read from 1: -3.99 @ 2023-05-31 02:40:09.831651
Wrote to 2: -4.99 @ 2023-05-31 02:40:09.832186
Read from 2: -3.99 @ 2023-05-31 02:40:09.832776
Wrote to 3: -4.99 @ 2023-05-31 02:40:09.833309
Read from 3: -3.99 @ 2023-05-31 02:40:09.833899
Wrote to 1: -3.99 @ 2023-05-31 02:40:09.844556
Read from 1: -2.99 @ 2023-05-31 02:40:09.845164
Wrote to 2: -3.99 @ 2023-05-31 02:40:09.845699
Read from 2: -2.99 @ 2023-05-31 02:40:09.846289
Wrote to 3: -3.99 @ 2023-05-31 02:40:09.846823
Read from 3: -2.99 @ 2023-05-31 02:40:09.847413
Wrote to 1: -2.99 @ 2023-05-31 02:40:09.858025
Read from 1: -1.99 @ 2023-05-31 02:40:09.858615
Wrote to 2: -2.99 @ 2023-05-31 02:40:09.859152
Read from 2: -1.99 @ 2023-05-31 02:40:09.859744
Wrote to 3: -2.99 @ 2023-05-31 02:40:09.860276
Read from 3: -1.99 @ 2023-05-31 02:40:09.860866
Wrote to 1: -1.99 @ 2023-05-31 02:40:09.871503
Read from 1: -0.99 @ 2023-05-31 02:40:09.872111
Wrote to 2: -1.99 @ 2023-05-31 02:40:09.872643
Read from 2: -0.99 @ 2023-05-31 02:40:09.873235
Wrote to 3: -1.99 @ 2023-05-31 02:40:09.873769
Read from 3: -0.99 @ 2023-05-31 02:40:09.874359
Wrote to 1: -0.99 @ 2023-05-31 02:40:09.884980
Read from 1: 0.01 @ 2023-05-31 02:40:09.885597
Wrote to 2: -0.99 @ 2023-05-31 02:40:09.886136
Read from 2: 0.01 @ 2023-05-31 02:40:09.886734
Wrote to 3: -0.99 @ 2023-05-31 02:40:09.887268
Read from 3: 0.01 @ 2023-05-31 02:40:09.887866
Average delays (in seconds) per port: [0.0006271600000000005, 0.0006101600000000004, 0.0006070600000000003] @ 2023-05-31 02:40:09.898247
Communication Cycle (in seconds): 0.01359654545454545
