Wrote to 1: -99.99 @ 2023-06-02 10:32:25.347964
Read from 1: -98.99 @ 2023-06-02 10:32:25.348712
Wrote to 2: -99.99 @ 2023-06-02 10:32:25.349350
Read from 2: -98.99 @ 2023-06-02 10:32:25.350071
Wrote to 1: -98.99 @ 2023-06-02 10:32:25.360910
Read from 1: -97.99 @ 2023-06-02 10:32:25.361628
Wrote to 2: -98.99 @ 2023-06-02 10:32:25.362236
Read from 2: -97.99 @ 2023-06-02 10:32:25.362927
Wrote to 1: -97.99 @ 2023-06-02 10:32:25.375834
Read from 1: -96.99 @ 2023-06-02 10:32:25.376500
Wrote to 2: -97.99 @ 2023-06-02 10:32:25.377057
Read from 2: -96.99 @ 2023-06-02 10:32:25.377708
Wrote to 1: -96.99 @ 2023-06-02 10:32:25.388366
Read from 1: -95.99 @ 2023-06-02 10:32:25.388969
Wrote to 2: -96.99 @ 2023-06-02 10:32:25.389507
Read from 2: -95.99 @ 2023-06-02 10:32:25.390105
Wrote to 1: -95.99 @ 2023-06-02 10:32:25.400843
Read from 1: -94.99 @ 2023-06-02 10:32:25.401485
Wrote to 2: -95.99 @ 2023-06-02 10:32:25.402024
Read from 2: -94.99 @ 2023-06-02 10:32:25.402619
Wrote to 1: -94.99 @ 2023-06-02 10:32:25.413245
Read from 1: -93.99 @ 2023-06-02 10:32:25.413849
Wrote to 2: -94.99 @ 2023-06-02 10:32:25.414384
Read from 2: -93.99 @ 2023-06-02 10:32:25.414976
Wrote to 1: -93.99 @ 2023-06-02 10:32:25.425589
Read from 1: -92.99 @ 2023-06-02 10:32:25.426187
Wrote to 2: -93.99 @ 2023-06-02 10:32:25.426722
Read from 2: -92.99 @ 2023-06-02 10:32:25.427315
Wrote to 1: -92.99 @ 2023-06-02 10:32:25.437925
Read from 1: -91.99 @ 2023-06-02 10:32:25.438522
Wrote to 2: -92.99 @ 2023-06-02 10:32:25.439057
Read from 2: -91.99 @ 2023-06-02 10:32:25.439654
Wrote to 1: -91.99 @ 2023-06-02 10:32:25.450308
Read from 1: -90.99 @ 2023-06-02 10:32:25.450921
Wrote to 2: -91.99 @ 2023-06-02 10:32:25.451460
Read from 2: -90.99 @ 2023-06-02 10:32:25.452055
Wrote to 1: -90.99 @ 2023-06-02 10:32:25.462670
Read from 1: -89.99 @ 2023-06-02 10:32:25.463268
Wrote to 2: -90.99 @ 2023-06-02 10:32:25.463803
Read from 2: -89.99 @ 2023-06-02 10:32:25.464400
Wrote to 1: -89.99 @ 2023-06-02 10:32:25.475010
Read from 1: -88.99 @ 2023-06-02 10:32:25.475623
Wrote to 2: -89.99 @ 2023-06-02 10:32:25.476159
Read from 2: -88.99 @ 2023-06-02 10:32:25.476755
Wrote to 1: -88.99 @ 2023-06-02 10:32:25.487366
Read from 1: -87.99 @ 2023-06-02 10:32:25.487963
Wrote to 2: -88.99 @ 2023-06-02 10:32:25.488498
Read from 2: -87.99 @ 2023-06-02 10:32:25.489093
Wrote to 1: -87.99 @ 2023-06-02 10:32:25.499804
Read from 1: -86.99 @ 2023-06-02 10:32:25.500438
Wrote to 2: -87.99 @ 2023-06-02 10:32:25.500975
Read from 2: -86.99 @ 2023-06-02 10:32:25.501573
Wrote to 1: -86.99 @ 2023-06-02 10:32:25.512239
Read from 1: -85.99 @ 2023-06-02 10:32:25.512839
Wrote to 2: -86.99 @ 2023-06-02 10:32:25.513374
Read from 2: -85.99 @ 2023-06-02 10:32:25.513970
Wrote to 1: -85.99 @ 2023-06-02 10:32:25.524579
Read from 1: -84.99 @ 2023-06-02 10:32:25.525176
Wrote to 2: -85.99 @ 2023-06-02 10:32:25.525710
Read from 2: -84.99 @ 2023-06-02 10:32:25.526305
Wrote to 1: -84.99 @ 2023-06-02 10:32:25.536914
Read from 1: -83.99 @ 2023-06-02 10:32:25.537510
Wrote to 2: -84.99 @ 2023-06-02 10:32:25.538044
Read from 2: -83.99 @ 2023-06-02 10:32:25.538639
Wrote to 1: -83.99 @ 2023-06-02 10:32:25.549286
Read from 1: -82.99 @ 2023-06-02 10:32:25.549898
Wrote to 2: -83.99 @ 2023-06-02 10:32:25.550434
Read from 2: -82.99 @ 2023-06-02 10:32:25.551053
Wrote to 1: -82.99 @ 2023-06-02 10:32:25.561667
Read from 1: -81.99 @ 2023-06-02 10:32:25.562263
Wrote to 2: -82.99 @ 2023-06-02 10:32:25.562798
Read from 2: -81.99 @ 2023-06-02 10:32:25.563395
Wrote to 1: -81.99 @ 2023-06-02 10:32:25.574024
Read from 1: -80.99 @ 2023-06-02 10:32:25.574621
Wrote to 2: -81.99 @ 2023-06-02 10:32:25.575156
Read from 2: -80.99 @ 2023-06-02 10:32:25.575751
Wrote to 1: -80.99 @ 2023-06-02 10:32:25.586360
Read from 1: -79.99 @ 2023-06-02 10:32:25.586962
Wrote to 2: -80.99 @ 2023-06-02 10:32:25.587497
Read from 2: -79.99 @ 2023-06-02 10:32:25.588092
Wrote to 1: -79.99 @ 2023-06-02 10:32:25.598790
Read from 1: -78.99 @ 2023-06-02 10:32:25.599429
Wrote to 2: -79.99 @ 2023-06-02 10:32:25.599968
Read from 2: -78.99 @ 2023-06-02 10:32:25.600558
Wrote to 1: -78.99 @ 2023-06-02 10:32:25.611182
Read from 1: -77.99 @ 2023-06-02 10:32:25.611782
Wrote to 2: -78.99 @ 2023-06-02 10:32:25.612317
Read from 2: -77.99 @ 2023-06-02 10:32:25.612908
Wrote to 1: -77.99 @ 2023-06-02 10:32:25.623584
Read from 1: -76.99 @ 2023-06-02 10:32:25.624248
Wrote to 2: -77.99 @ 2023-06-02 10:32:25.624784
Read from 2: -76.99 @ 2023-06-02 10:32:25.625380
Wrote to 1: -76.99 @ 2023-06-02 10:32:25.635993
Read from 1: -75.99 @ 2023-06-02 10:32:25.636596
Wrote to 2: -76.99 @ 2023-06-02 10:32:25.637131
Read from 2: -75.99 @ 2023-06-02 10:32:25.637721
Wrote to 1: -75.99 @ 2023-06-02 10:32:25.648357
Read from 1: -74.99 @ 2023-06-02 10:32:25.648987
Wrote to 2: -75.99 @ 2023-06-02 10:32:25.649528
Read from 2: -74.99 @ 2023-06-02 10:32:25.650126
Wrote to 1: -74.99 @ 2023-06-02 10:32:25.660750
Read from 1: -73.99 @ 2023-06-02 10:32:25.661349
Wrote to 2: -74.99 @ 2023-06-02 10:32:25.661883
Read from 2: -73.99 @ 2023-06-02 10:32:25.662479
Wrote to 1: -73.99 @ 2023-06-02 10:32:25.673090
Read from 1: -72.99 @ 2023-06-02 10:32:25.673686
Wrote to 2: -73.99 @ 2023-06-02 10:32:25.674221
Read from 2: -72.99 @ 2023-06-02 10:32:25.674816
Wrote to 1: -72.99 @ 2023-06-02 10:32:25.685444
Read from 1: -71.99 @ 2023-06-02 10:32:25.686046
Wrote to 2: -72.99 @ 2023-06-02 10:32:25.686580
Read from 2: -71.99 @ 2023-06-02 10:32:25.687176
Wrote to 1: -71.99 @ 2023-06-02 10:32:25.697786
Read from 1: -70.99 @ 2023-06-02 10:32:25.698488
Wrote to 2: -71.99 @ 2023-06-02 10:32:25.699068
Read from 2: -70.99 @ 2023-06-02 10:32:25.699680
Wrote to 1: -70.99 @ 2023-06-02 10:32:25.710307
Read from 1: -69.99 @ 2023-06-02 10:32:25.710905
Wrote to 2: -70.99 @ 2023-06-02 10:32:25.711441
Read from 2: -69.99 @ 2023-06-02 10:32:25.712037
Wrote to 1: -69.99 @ 2023-06-02 10:32:25.722658
Read from 1: -68.99 @ 2023-06-02 10:32:25.723257
Wrote to 2: -69.99 @ 2023-06-02 10:32:25.723791
Read from 2: -68.99 @ 2023-06-02 10:32:25.724386
Wrote to 1: -68.99 @ 2023-06-02 10:32:25.734996
Read from 1: -67.99 @ 2023-06-02 10:32:25.735651
Wrote to 2: -68.99 @ 2023-06-02 10:32:25.736187
Read from 2: -67.99 @ 2023-06-02 10:32:25.736790
Wrote to 1: -67.99 @ 2023-06-02 10:32:25.747403
Read from 1: -66.99 @ 2023-06-02 10:32:25.748006
Wrote to 2: -67.99 @ 2023-06-02 10:32:25.748556
Read from 2: -66.99 @ 2023-06-02 10:32:25.749169
Wrote to 1: -66.99 @ 2023-06-02 10:32:25.759794
Read from 1: -65.99 @ 2023-06-02 10:32:25.760391
Wrote to 2: -66.99 @ 2023-06-02 10:32:25.760935
Read from 2: -65.99 @ 2023-06-02 10:32:25.761530
Wrote to 1: -65.99 @ 2023-06-02 10:32:25.772138
Read from 1: -64.99 @ 2023-06-02 10:32:25.772734
Wrote to 2: -65.99 @ 2023-06-02 10:32:25.773268
Read from 2: -64.99 @ 2023-06-02 10:32:25.773863
Wrote to 1: -64.99 @ 2023-06-02 10:32:25.784472
Read from 1: -63.99 @ 2023-06-02 10:32:25.785069
Wrote to 2: -64.99 @ 2023-06-02 10:32:25.785602
Read from 2: -63.99 @ 2023-06-02 10:32:25.786198
Wrote to 1: -63.99 @ 2023-06-02 10:32:25.796822
Read from 1: -62.99 @ 2023-06-02 10:32:25.797413
Wrote to 2: -63.99 @ 2023-06-02 10:32:25.797953
Read from 2: -62.99 @ 2023-06-02 10:32:25.798852
Wrote to 1: -62.99 @ 2023-06-02 10:32:25.809524
Read from 1: -61.99 @ 2023-06-02 10:32:25.810124
Wrote to 2: -62.99 @ 2023-06-02 10:32:25.810674
Read from 2: -61.99 @ 2023-06-02 10:32:25.811265
Wrote to 1: -61.99 @ 2023-06-02 10:32:25.821875
Read from 1: -60.99 @ 2023-06-02 10:32:25.822467
Wrote to 2: -61.99 @ 2023-06-02 10:32:25.823002
Read from 2: -60.99 @ 2023-06-02 10:32:25.823615
Wrote to 1: -60.99 @ 2023-06-02 10:32:25.834225
Read from 1: -59.99 @ 2023-06-02 10:32:25.834816
Wrote to 2: -60.99 @ 2023-06-02 10:32:25.835352
Read from 2: -59.99 @ 2023-06-02 10:32:25.835942
Wrote to 1: -59.99 @ 2023-06-02 10:32:25.846555
Read from 1: -58.99 @ 2023-06-02 10:32:25.847149
Wrote to 2: -59.99 @ 2023-06-02 10:32:25.847701
Read from 2: -58.99 @ 2023-06-02 10:32:25.848308
Wrote to 1: -58.99 @ 2023-06-02 10:32:25.858979
Read from 1: -57.99 @ 2023-06-02 10:32:25.859589
Wrote to 2: -58.99 @ 2023-06-02 10:32:25.860126
Read from 2: -57.99 @ 2023-06-02 10:32:25.860717
Wrote to 1: -57.99 @ 2023-06-02 10:32:25.871327
Read from 1: -56.99 @ 2023-06-02 10:32:25.872140
Wrote to 2: -57.99 @ 2023-06-02 10:32:25.872684
Read from 2: -56.99 @ 2023-06-02 10:32:25.873277
Wrote to 1: -56.99 @ 2023-06-02 10:32:25.883897
Read from 1: -55.99 @ 2023-06-02 10:32:25.884489
Wrote to 2: -56.99 @ 2023-06-02 10:32:25.885024
Read from 2: -55.99 @ 2023-06-02 10:32:25.885614
Wrote to 1: -55.99 @ 2023-06-02 10:32:25.896223
Read from 1: -54.99 @ 2023-06-02 10:32:25.896813
Wrote to 2: -55.99 @ 2023-06-02 10:32:25.897347
Read from 2: -54.99 @ 2023-06-02 10:32:25.897937
Wrote to 1: -54.99 @ 2023-06-02 10:32:25.908923
Read from 1: -53.99 @ 2023-06-02 10:32:25.909931
Wrote to 2: -54.99 @ 2023-06-02 10:32:25.910640
Read from 2: -53.99 @ 2023-06-02 10:32:25.911457
Wrote to 1: -53.99 @ 2023-06-02 10:32:25.922255
Read from 1: -52.99 @ 2023-06-02 10:32:25.922899
Wrote to 2: -53.99 @ 2023-06-02 10:32:25.923439
Read from 2: -52.99 @ 2023-06-02 10:32:25.924037
Wrote to 1: -52.99 @ 2023-06-02 10:32:25.934654
Read from 1: -51.99 @ 2023-06-02 10:32:25.935250
Wrote to 2: -52.99 @ 2023-06-02 10:32:25.935785
Read from 2: -51.99 @ 2023-06-02 10:32:25.936377
Wrote to 1: -51.99 @ 2023-06-02 10:32:25.946987
Read from 1: -50.99 @ 2023-06-02 10:32:25.947580
Wrote to 2: -51.99 @ 2023-06-02 10:32:25.948169
Read from 2: -50.99 @ 2023-06-02 10:32:25.948764
Wrote to 1: -50.99 @ 2023-06-02 10:32:25.959421
Read from 1: -49.99 @ 2023-06-02 10:32:25.960029
Wrote to 2: -50.99 @ 2023-06-02 10:32:25.960565
Read from 2: -49.99 @ 2023-06-02 10:32:25.961156
Wrote to 1: -49.99 @ 2023-06-02 10:32:25.971769
Read from 1: -48.99 @ 2023-06-02 10:32:25.972366
Wrote to 2: -49.99 @ 2023-06-02 10:32:25.972902
Read from 2: -48.99 @ 2023-06-02 10:32:25.973492
Wrote to 1: -48.99 @ 2023-06-02 10:32:25.984102
Read from 1: -47.99 @ 2023-06-02 10:32:25.984694
Wrote to 2: -48.99 @ 2023-06-02 10:32:25.985229
Read from 2: -47.99 @ 2023-06-02 10:32:25.985820
Wrote to 1: -47.99 @ 2023-06-02 10:32:25.996432
Read from 1: -46.99 @ 2023-06-02 10:32:25.997024
Wrote to 2: -47.99 @ 2023-06-02 10:32:25.997558
Read from 2: -46.99 @ 2023-06-02 10:32:25.998160
Wrote to 1: -46.99 @ 2023-06-02 10:32:26.008870
Read from 1: -45.99 @ 2023-06-02 10:32:26.009496
Wrote to 2: -46.99 @ 2023-06-02 10:32:26.010032
Read from 2: -45.99 @ 2023-06-02 10:32:26.010623
Wrote to 1: -45.99 @ 2023-06-02 10:32:26.021239
Read from 1: -44.99 @ 2023-06-02 10:32:26.021837
Wrote to 2: -45.99 @ 2023-06-02 10:32:26.022371
Read from 2: -44.99 @ 2023-06-02 10:32:26.022962
Wrote to 1: -44.99 @ 2023-06-02 10:32:26.033572
Read from 1: -43.99 @ 2023-06-02 10:32:26.034168
Wrote to 2: -44.99 @ 2023-06-02 10:32:26.034702
Read from 2: -43.99 @ 2023-06-02 10:32:26.035301
Wrote to 1: -43.99 @ 2023-06-02 10:32:26.045907
Read from 1: -42.99 @ 2023-06-02 10:32:26.046498
Wrote to 2: -43.99 @ 2023-06-02 10:32:26.047033
Read from 2: -42.99 @ 2023-06-02 10:32:26.047623
Wrote to 1: -42.99 @ 2023-06-02 10:32:26.058265
Read from 1: -41.99 @ 2023-06-02 10:32:26.058877
Wrote to 2: -42.99 @ 2023-06-02 10:32:26.059414
Read from 2: -41.99 @ 2023-06-02 10:32:26.060010
Wrote to 1: -41.99 @ 2023-06-02 10:32:26.070622
Read from 1: -40.99 @ 2023-06-02 10:32:26.071214
Wrote to 2: -41.99 @ 2023-06-02 10:32:26.071750
Read from 2: -40.99 @ 2023-06-02 10:32:26.072340
Wrote to 1: -40.99 @ 2023-06-02 10:32:26.082949
Read from 1: -39.99 @ 2023-06-02 10:32:26.083541
Wrote to 2: -40.99 @ 2023-06-02 10:32:26.084075
Read from 2: -39.99 @ 2023-06-02 10:32:26.084670
Wrote to 1: -39.99 @ 2023-06-02 10:32:26.095280
Read from 1: -38.99 @ 2023-06-02 10:32:26.095871
Wrote to 2: -39.99 @ 2023-06-02 10:32:26.096406
Read from 2: -38.99 @ 2023-06-02 10:32:26.096996
Wrote to 1: -38.99 @ 2023-06-02 10:32:26.107701
Read from 1: -37.99 @ 2023-06-02 10:32:26.108329
Wrote to 2: -38.99 @ 2023-06-02 10:32:26.108874
Read from 2: -37.99 @ 2023-06-02 10:32:26.109467
Wrote to 1: -37.99 @ 2023-06-02 10:32:26.120083
Read from 1: -36.99 @ 2023-06-02 10:32:26.120675
Wrote to 2: -37.99 @ 2023-06-02 10:32:26.121210
Read from 2: -36.99 @ 2023-06-02 10:32:26.121800
Wrote to 1: -36.99 @ 2023-06-02 10:32:26.132412
Read from 1: -35.99 @ 2023-06-02 10:32:26.133004
Wrote to 2: -36.99 @ 2023-06-02 10:32:26.133538
Read from 2: -35.99 @ 2023-06-02 10:32:26.134128
Wrote to 1: -35.99 @ 2023-06-02 10:32:26.144740
Read from 1: -34.99 @ 2023-06-02 10:32:26.145331
Wrote to 2: -35.99 @ 2023-06-02 10:32:26.145865
Read from 2: -34.99 @ 2023-06-02 10:32:26.146464
Wrote to 1: -34.99 @ 2023-06-02 10:32:26.157111
Read from 1: -33.99 @ 2023-06-02 10:32:26.157718
Wrote to 2: -34.99 @ 2023-06-02 10:32:26.158254
Read from 2: -33.99 @ 2023-06-02 10:32:26.158845
Wrote to 1: -33.99 @ 2023-06-02 10:32:26.169457
Read from 1: -32.99 @ 2023-06-02 10:32:26.170049
Wrote to 2: -33.99 @ 2023-06-02 10:32:26.170583
Read from 2: -32.99 @ 2023-06-02 10:32:26.171179
Wrote to 1: -32.99 @ 2023-06-02 10:32:26.181788
Read from 1: -31.99 @ 2023-06-02 10:32:26.182384
Wrote to 2: -32.99 @ 2023-06-02 10:32:26.182917
Read from 2: -31.99 @ 2023-06-02 10:32:26.183515
Wrote to 1: -31.99 @ 2023-06-02 10:32:26.194123
Read from 1: -30.99 @ 2023-06-02 10:32:26.194714
Wrote to 2: -31.99 @ 2023-06-02 10:32:26.195248
Read from 2: -30.99 @ 2023-06-02 10:32:26.195839
Wrote to 1: -30.99 @ 2023-06-02 10:32:26.206697
Read from 1: -29.99 @ 2023-06-02 10:32:26.207986
Wrote to 2: -30.99 @ 2023-06-02 10:32:26.208770
Read from 2: -29.99 @ 2023-06-02 10:32:26.209781
Wrote to 1: -29.99 @ 2023-06-02 10:32:26.220641
Read from 1: -28.99 @ 2023-06-02 10:32:26.221282
Wrote to 2: -29.99 @ 2023-06-02 10:32:26.221820
Read from 2: -28.99 @ 2023-06-02 10:32:26.222413
Wrote to 1: -28.99 @ 2023-06-02 10:32:26.233036
Read from 1: -27.99 @ 2023-06-02 10:32:26.233632
Wrote to 2: -28.99 @ 2023-06-02 10:32:26.234167
Read from 2: -27.99 @ 2023-06-02 10:32:26.234759
Wrote to 1: -27.99 @ 2023-06-02 10:32:26.245371
Read from 1: -26.99 @ 2023-06-02 10:32:26.245964
Wrote to 2: -27.99 @ 2023-06-02 10:32:26.246498
Read from 2: -26.99 @ 2023-06-02 10:32:26.247090
Wrote to 1: -26.99 @ 2023-06-02 10:32:26.257748
Read from 1: -25.99 @ 2023-06-02 10:32:26.258359
Wrote to 2: -26.99 @ 2023-06-02 10:32:26.258895
Read from 2: -25.99 @ 2023-06-02 10:32:26.259490
Wrote to 1: -25.99 @ 2023-06-02 10:32:26.270149
Read from 1: -24.99 @ 2023-06-02 10:32:26.270744
Wrote to 2: -25.99 @ 2023-06-02 10:32:26.271283
Read from 2: -24.99 @ 2023-06-02 10:32:26.271874
Wrote to 1: -24.99 @ 2023-06-02 10:32:26.282484
Read from 1: -23.99 @ 2023-06-02 10:32:26.283076
Wrote to 2: -24.99 @ 2023-06-02 10:32:26.283609
Read from 2: -23.99 @ 2023-06-02 10:32:26.284200
Wrote to 1: -23.99 @ 2023-06-02 10:32:26.294815
Read from 1: -22.99 @ 2023-06-02 10:32:26.295411
Wrote to 2: -23.99 @ 2023-06-02 10:32:26.295947
Read from 2: -22.99 @ 2023-06-02 10:32:26.296539
Wrote to 1: -22.99 @ 2023-06-02 10:32:26.307262
Read from 1: -21.99 @ 2023-06-02 10:32:26.307892
Wrote to 2: -22.99 @ 2023-06-02 10:32:26.308428
Read from 2: -21.99 @ 2023-06-02 10:32:26.309019
Wrote to 1: -21.99 @ 2023-06-02 10:32:26.319632
Read from 1: -20.99 @ 2023-06-02 10:32:26.320224
Wrote to 2: -21.99 @ 2023-06-02 10:32:26.320781
Read from 2: -20.99 @ 2023-06-02 10:32:26.321373
Wrote to 1: -20.99 @ 2023-06-02 10:32:26.331984
Read from 1: -19.99 @ 2023-06-02 10:32:26.332576
Wrote to 2: -20.99 @ 2023-06-02 10:32:26.333117
Read from 2: -19.99 @ 2023-06-02 10:32:26.333707
Wrote to 1: -19.99 @ 2023-06-02 10:32:26.344330
Read from 1: -18.99 @ 2023-06-02 10:32:26.344924
Wrote to 2: -19.99 @ 2023-06-02 10:32:26.345459
Read from 2: -18.99 @ 2023-06-02 10:32:26.346050
Wrote to 1: -18.99 @ 2023-06-02 10:32:26.356699
Read from 1: -17.99 @ 2023-06-02 10:32:26.357306
Wrote to 2: -18.99 @ 2023-06-02 10:32:26.357842
Read from 2: -17.99 @ 2023-06-02 10:32:26.358433
Wrote to 1: -17.99 @ 2023-06-02 10:32:26.369045
Read from 1: -16.99 @ 2023-06-02 10:32:26.369637
Wrote to 2: -17.99 @ 2023-06-02 10:32:26.370171
Read from 2: -16.99 @ 2023-06-02 10:32:26.370761
Wrote to 1: -16.99 @ 2023-06-02 10:32:26.381370
Read from 1: -15.99 @ 2023-06-02 10:32:26.381961
Wrote to 2: -16.99 @ 2023-06-02 10:32:26.382496
Read from 2: -15.99 @ 2023-06-02 10:32:26.383086
Wrote to 1: -15.99 @ 2023-06-02 10:32:26.393694
Read from 1: -14.99 @ 2023-06-02 10:32:26.394285
Wrote to 2: -15.99 @ 2023-06-02 10:32:26.395001
Read from 2: -14.99 @ 2023-06-02 10:32:26.395629
Wrote to 1: -14.99 @ 2023-06-02 10:32:26.406354
Read from 1: -13.99 @ 2023-06-02 10:32:26.406982
Wrote to 2: -14.99 @ 2023-06-02 10:32:26.407539
Read from 2: -13.99 @ 2023-06-02 10:32:26.408133
Wrote to 1: -13.99 @ 2023-06-02 10:32:26.418748
Read from 1: -12.99 @ 2023-06-02 10:32:26.419341
Wrote to 2: -13.99 @ 2023-06-02 10:32:26.419874
Read from 2: -12.99 @ 2023-06-02 10:32:26.420465
Wrote to 1: -12.99 @ 2023-06-02 10:32:26.431075
Read from 1: -11.99 @ 2023-06-02 10:32:26.431665
Wrote to 2: -12.99 @ 2023-06-02 10:32:26.432198
Read from 2: -11.99 @ 2023-06-02 10:32:26.432787
Wrote to 1: -11.99 @ 2023-06-02 10:32:26.443398
Read from 1: -10.99 @ 2023-06-02 10:32:26.443989
Wrote to 2: -11.99 @ 2023-06-02 10:32:26.444523
Read from 2: -10.99 @ 2023-06-02 10:32:26.445114
Wrote to 1: -10.99 @ 2023-06-02 10:32:26.455766
Read from 1: -9.99 @ 2023-06-02 10:32:26.456372
Wrote to 2: -10.99 @ 2023-06-02 10:32:26.456908
Read from 2: -9.99 @ 2023-06-02 10:32:26.457499
Wrote to 1: -9.99 @ 2023-06-02 10:32:26.468112
Read from 1: -8.99 @ 2023-06-02 10:32:26.468703
Wrote to 2: -9.99 @ 2023-06-02 10:32:26.469237
Read from 2: -8.99 @ 2023-06-02 10:32:26.469827
Wrote to 1: -8.99 @ 2023-06-02 10:32:26.480437
Read from 1: -7.99 @ 2023-06-02 10:32:26.481027
Wrote to 2: -8.99 @ 2023-06-02 10:32:26.481561
Read from 2: -7.99 @ 2023-06-02 10:32:26.482151
Wrote to 1: -7.99 @ 2023-06-02 10:32:26.492765
Read from 1: -6.99 @ 2023-06-02 10:32:26.493361
Wrote to 2: -7.99 @ 2023-06-02 10:32:26.493898
Read from 2: -6.99 @ 2023-06-02 10:32:26.494491
Wrote to 1: -6.99 @ 2023-06-02 10:32:26.505205
Read from 1: -5.99 @ 2023-06-02 10:32:26.505834
Wrote to 2: -6.99 @ 2023-06-02 10:32:26.506370
Read from 2: -5.99 @ 2023-06-02 10:32:26.506961
Wrote to 1: -5.99 @ 2023-06-02 10:32:26.517575
Read from 1: -4.99 @ 2023-06-02 10:32:26.518166
Wrote to 2: -5.99 @ 2023-06-02 10:32:26.518699
Read from 2: -4.99 @ 2023-06-02 10:32:26.519291
Wrote to 1: -4.99 @ 2023-06-02 10:32:26.529901
Read from 1: -3.99 @ 2023-06-02 10:32:26.530494
Wrote to 2: -4.99 @ 2023-06-02 10:32:26.531044
Read from 2: -3.99 @ 2023-06-02 10:32:26.531635
Wrote to 1: -3.99 @ 2023-06-02 10:32:26.542289
Read from 1: -2.99 @ 2023-06-02 10:32:26.542895
Wrote to 2: -3.99 @ 2023-06-02 10:32:26.543432
Read from 2: -2.99 @ 2023-06-02 10:32:26.544020
Wrote to 1: -2.99 @ 2023-06-02 10:32:26.554672
Read from 1: -1.99 @ 2023-06-02 10:32:26.555281
Wrote to 2: -2.99 @ 2023-06-02 10:32:26.555818
Read from 2: -1.99 @ 2023-06-02 10:32:26.556411
Wrote to 1: -1.99 @ 2023-06-02 10:32:26.567040
Read from 1: -0.99 @ 2023-06-02 10:32:26.567635
Wrote to 2: -1.99 @ 2023-06-02 10:32:26.568169
Read from 2: -0.99 @ 2023-06-02 10:32:26.568759
Wrote to 1: -0.99 @ 2023-06-02 10:32:26.579438
Read from 1: 0.01 @ 2023-06-02 10:32:26.580064
Wrote to 2: -0.99 @ 2023-06-02 10:32:26.580600
Read from 2: 0.01 @ 2023-06-02 10:32:26.581196
Average delays (in seconds) per port: [0.0006231900000000005, 0.0006068800000000005] @ 2023-06-02 10:32:26.591466
Communication Cycle (in seconds): 0.01244007070707071
